

*******************************************************************************
Thu May 23 15:36:44 2024


FIT:    data read from datos1
        format = z
        #datapoints = 19
        residuals are weighted equally (unit weight)

function used for fitting: f(x)
	f(x) = a*x + b
fitted parameters initialized with current variable values

iter      chisq       delta/lim  lambda   a             b            
   0 6.1454457322e+10   0.00e+00  8.09e+00    1.000000e+00   1.000000e+00
   4 4.7597033619e+10  -1.50e-04  8.09e-04    3.859688e+03  -2.177356e+04

After 4 iterations the fit converged.
final sum of squares of residuals : 4.7597e+10
rel. change during last iteration : -1.49808e-09

degrees of freedom    (FIT_NDF)                        : 17
rms of residuals      (FIT_STDFIT) = sqrt(WSSR/ndf)    : 52913.4
variance of residuals (reduced chisquare) = WSSR/ndf   : 2.79983e+09

Final set of parameters            Asymptotic Standard Error
=======================            ==========================
a               = 3859.69          +/- 2216         (57.42%)
b               = -21773.6         +/- 2.527e+04    (116.1%)

correlation matrix of the fit parameters:
                a      b      
a               1.000 
b              -0.877  1.000 


*******************************************************************************
Thu May 23 15:36:44 2024


FIT:    data read from datos1
        format = z
        #datapoints = 19
        residuals are weighted equally (unit weight)

function used for fitting: f(x)
	f(x)=a*x*x + b*x + c
fitted parameters initialized with current variable values

iter      chisq       delta/lim  lambda   a             b             c            
   0 3.0757219121e+12   0.00e+00  4.09e+05    3.859688e+03  -2.177356e+04   1.000000e+00
   4 4.5130757489e+10  -5.99e-03  4.09e+01    3.601037e+02  -3.078340e+03   1.090719e+00

After 4 iterations the fit converged.
final sum of squares of residuals : 4.51308e+10
rel. change during last iteration : -5.99367e-08

degrees of freedom    (FIT_NDF)                        : 16
rms of residuals      (FIT_STDFIT) = sqrt(WSSR/ndf)    : 53110
variance of residuals (reduced chisquare) = WSSR/ndf   : 2.82067e+09

Final set of parameters            Asymptotic Standard Error
=======================            ==========================
a               = 360.104          +/- 456          (126.6%)
b               = -3078.34         +/- 9387         (304.9%)
c               = 1.09072          +/- 4.077e+04    (3.738e+06%)

correlation matrix of the fit parameters:
                a      b      c      
a               1.000 
b              -0.972  1.000 
c               0.783 -0.890  1.000 


*******************************************************************************
Thu May 23 15:36:44 2024


FIT:    data read from datos1
        format = z
        #datapoints = 19
        residuals are weighted equally (unit weight)

function used for fitting: f(x)
	f(x)=a*x*x*x + b*x*x + c*x + d
fitted parameters initialized with current variable values

iter      chisq       delta/lim  lambda   a             b             c             d            
   0 4.3570297864e+12   0.00e+00  5.75e+05    3.601037e+02  -3.078340e+03   1.090719e+00   1.000000e+00
   4 4.5396180674e+10  -1.07e-01  5.75e+01    1.685156e+01  -1.109871e+02   7.966012e-01   9.549619e-01

After 4 iterations the fit converged.
final sum of squares of residuals : 4.53962e+10
rel. change during last iteration : -1.06668e-06

degrees of freedom    (FIT_NDF)                        : 15
rms of residuals      (FIT_STDFIT) = sqrt(WSSR/ndf)    : 55012.8
variance of residuals (reduced chisquare) = WSSR/ndf   : 3.02641e+09

Final set of parameters            Asymptotic Standard Error
=======================            ==========================
a               = 16.8516          +/- 99.29        (589.2%)
b               = -110.987         +/- 3016         (2717%)
c               = 0.796601         +/- 2.631e+04    (3.303e+06%)
d               = 0.954962         +/- 6.235e+04    (6.529e+06%)

correlation matrix of the fit parameters:
                a      b      c      d      
a               1.000 
b              -0.988  1.000 
c               0.929 -0.974  1.000 
d              -0.736  0.810 -0.906  1.000 


*******************************************************************************
Thu May 23 15:36:44 2024


FIT:    data read from datos1
        format = z
        #datapoints = 19
        residuals are weighted equally (unit weight)

function used for fitting: f(x)
	f(x)=a*x*x*x*x + b*x*x*x + c*x*x + d*x + e
fitted parameters initialized with current variable values

iter      chisq       delta/lim  lambda   a             b             c             d             e            
   0 4.4400002101e+12   0.00e+00  3.93e+05    1.685156e+01  -1.109871e+02   7.966012e-01   9.549619e-01   1.000000e+00
   9 4.0132657528e+10  -2.00e-02  3.93e-04   -2.632448e+01   1.027149e+03  -1.257007e+04   5.380400e+04  -5.911748e+04

After 9 iterations the fit converged.
final sum of squares of residuals : 4.01327e+10
rel. change during last iteration : -1.99561e-07

degrees of freedom    (FIT_NDF)                        : 14
rms of residuals      (FIT_STDFIT) = sqrt(WSSR/ndf)    : 53540.8
variance of residuals (reduced chisquare) = WSSR/ndf   : 2.86662e+09

Final set of parameters            Asymptotic Standard Error
=======================            ==========================
a               = -26.3245         +/- 20.65        (78.43%)
b               = 1027.15          +/- 831.5        (80.95%)
c               = -12570.1         +/- 1.12e+04     (89.11%)
d               = 53804            +/- 5.709e+04    (106.1%)
e               = -59117.5         +/- 8.725e+04    (147.6%)

correlation matrix of the fit parameters:
                a      b      c      d      e      
a               1.000 
b              -0.993  1.000 
c               0.965 -0.989  1.000 
d              -0.894  0.936 -0.977  1.000 
e               0.718 -0.773  0.841 -0.925  1.000 


*******************************************************************************
Thu May 23 15:36:44 2024


FIT:    data read from datos1
        format = z
        #datapoints = 19
        residuals are weighted equally (unit weight)

function used for fitting: f(x)
	f(x)=a*x*x*x*x*x + b*x*x*x*x + c*x*x*x + d*x*x + e*x + f
fitted parameters initialized with current variable values

iter      chisq       delta/lim  lambda   a             b             c             d             e             f            
   0 4.8432966694e+12   0.00e+00  2.69e+07   -2.632448e+01   1.027149e+03  -1.257007e+04   5.380400e+04  -5.911748e+04   1.000000e+00
   6 3.3994238479e+10  -2.10e-02  2.69e+01   -5.010691e+00   2.170180e+02  -3.179167e+03   1.818833e+04  -3.262128e+04   1.221575e+00

After 6 iterations the fit converged.
final sum of squares of residuals : 3.39942e+10
rel. change during last iteration : -2.10325e-07

degrees of freedom    (FIT_NDF)                        : 13
rms of residuals      (FIT_STDFIT) = sqrt(WSSR/ndf)    : 51136.5
variance of residuals (reduced chisquare) = WSSR/ndf   : 2.61494e+09

Final set of parameters            Asymptotic Standard Error
=======================            ==========================
a               = -5.01069         +/- 4.282        (85.45%)
b               = 217.018          +/- 215          (99.07%)
c               = -3179.17         +/- 3941         (124%)
d               = 18188.3          +/- 3.203e+04    (176.1%)
e               = -32621.3         +/- 1.102e+05    (337.7%)
f               = 1.22158          +/- 1.202e+05    (9.842e+06%)

correlation matrix of the fit parameters:
                a      b      c      d      e      f      
a               1.000 
b              -0.996  1.000 
c               0.979 -0.994  1.000 
d              -0.943  0.968 -0.990  1.000 
e               0.869 -0.906  0.944 -0.981  1.000 
f              -0.721  0.763 -0.814  0.874 -0.944  1.000 


*******************************************************************************
Thu May 23 15:36:44 2024


FIT:    data read from datos1
        format = z
        #datapoints = 19
        residuals are weighted equally (unit weight)

function used for fitting: f(x)
	f(x)=a*x*x*x*x*x*x + b*x*x*x*x*x + c*x*x*x*x + d*x*x*x + e*x*x + f*x +g
fitted parameters initialized with current variable values

iter      chisq       delta/lim  lambda   a             b             c             d             e             f             g            
   0 6.3662720701e+12   0.00e+00  9.78e+07   -5.010691e+00   2.170180e+02  -3.179167e+03   1.818833e+04  -3.262128e+04   1.221575e+00   1.000000e+00
   6 2.9670382928e+10  -4.05e-01  9.78e+01   -6.221977e-01   2.929920e+01  -4.843351e+02   3.294796e+03  -7.637952e+03   1.259444e+00   1.022352e+00

After 6 iterations the fit converged.
final sum of squares of residuals : 2.96704e+10
rel. change during last iteration : -4.05024e-06

degrees of freedom    (FIT_NDF)                        : 12
rms of residuals      (FIT_STDFIT) = sqrt(WSSR/ndf)    : 49724.6
variance of residuals (reduced chisquare) = WSSR/ndf   : 2.47253e+09

Final set of parameters            Asymptotic Standard Error
=======================            ==========================
a               = -0.622198        +/- 0.9206       (148%)
b               = 29.2992          +/- 55.39        (189.1%)
c               = -484.335         +/- 1288         (265.9%)
d               = 3294.8           +/- 1.452e+04    (440.8%)
e               = -7637.95         +/- 8.145e+04    (1066%)
f               = 1.25944          +/- 2.062e+05    (1.637e+07%)
g               = 1.02235          +/- 1.726e+05    (1.689e+07%)

correlation matrix of the fit parameters:
                a      b      c      d      e      f      g      
a               1.000 
b              -0.997  1.000 
c               0.987 -0.996  1.000 
d              -0.965  0.981 -0.994  1.000 
e               0.924 -0.948  0.972 -0.991  1.000 
f              -0.854  0.886 -0.920  0.954 -0.984  1.000 
g               0.736 -0.770  0.810 -0.855  0.906 -0.961  1.000 


*******************************************************************************
Thu May 23 15:36:44 2024


FIT:    data read from datos1
        format = z
        #datapoints = 19
        residuals are weighted equally (unit weight)

function used for fitting: f(x)
	f(x)=a*x*x*x*x*x*x*x + b*x*x*x*x*x*x + c*x*x*x*x*x + d*x*x*x*x + e*x*x*x + f*x*x + g*x +h
fitted parameters initialized with current variable values

iter      chisq       delta/lim  lambda   a             b             c             d             e             f             g             h            
   0 7.8700793005e+12   0.00e+00  2.32e+08   -6.221977e-01   2.929920e+01  -4.843351e+02   3.294796e+03  -7.637952e+03   1.259444e+00   1.022352e+00   1.000000e+00
   7 2.8314399936e+10  -3.28e-01  2.32e+01   -5.116785e-02   2.513402e+00  -4.400715e+01   3.236751e+02  -8.358294e+02   2.245137e+00   1.503982e+00   1.219848e+00

After 7 iterations the fit converged.
final sum of squares of residuals : 2.83144e+10
rel. change during last iteration : -3.27847e-06

degrees of freedom    (FIT_NDF)                        : 11
rms of residuals      (FIT_STDFIT) = sqrt(WSSR/ndf)    : 50735
variance of residuals (reduced chisquare) = WSSR/ndf   : 2.57404e+09

Final set of parameters            Asymptotic Standard Error
=======================            ==========================
a               = -0.0511679       +/- 0.2122       (414.6%)
b               = 2.5134           +/- 14.88        (592.1%)
c               = -44.0072         +/- 419.7        (953.6%)
d               = 323.675          +/- 6084         (1880%)
e               = -835.829         +/- 4.806e+04    (5750%)
f               = 2.24514          +/- 2.014e+05    (8.971e+06%)
g               = 1.50398          +/- 3.984e+05    (2.649e+07%)
h               = 1.21985          +/- 2.702e+05    (2.215e+07%)

correlation matrix of the fit parameters:
                a      b      c      d      e      f      g      h      
a               1.000 
b              -0.998  1.000 
c               0.991 -0.997  1.000 
d              -0.976  0.988 -0.996  1.000 
e               0.951 -0.968  0.983 -0.995  1.000 
f              -0.911  0.933 -0.955  0.976 -0.993  1.000 
g               0.849 -0.876  0.904 -0.934  0.963 -0.988  1.000 
h              -0.758  0.787 -0.819  0.855 -0.893  0.935 -0.975  1.000 


*******************************************************************************
Thu May 23 15:36:44 2024


FIT:    data read from datos1
        format = z
        #datapoints = 19
        residuals are weighted equally (unit weight)

function used for fitting: f(x)
	f(x)=a*x*x*x*x*x*x*x*x + b*x*x*x*x*x*x*x + c*x*x*x*x*x*x + d*x*x*x*x*x*x + e*x*x*x*x + f*x*x*x + g*x*x + h*x + i
fitted parameters initialized with current variable values

iter      chisq       delta/lim  lambda   a             b             c             d             e             f             g             h             i            
   0 4.1649409672e+20   0.00e+00  1.69e+09   -5.116785e-02   2.513402e+00  -4.400715e+01   3.236751e+02  -8.358294e+02   2.245137e+00   1.503982e+00   1.219848e+00   1.000000e+00
  13 2.8228540793e+10  -2.02e-02  1.69e-02   -1.457091e-04  -2.522962e-02   8.982319e+05  -8.982309e+05  -3.733668e+02   5.387413e+03  -2.989234e+04   6.664614e+04  -4.484219e+04

After 13 iterations the fit converged.
final sum of squares of residuals : 2.82285e+10
rel. change during last iteration : -2.01801e-07

degrees of freedom    (FIT_NDF)                        : 10
rms of residuals      (FIT_STDFIT) = sqrt(WSSR/ndf)    : 53130.5
variance of residuals (reduced chisquare) = WSSR/ndf   : 2.82285e+09

Final set of parameters            Asymptotic Standard Error
=======================            ==========================
a               = -0.000145709     +/- 0.00945      (6486%)
b               = -0.0252296       +/- 0.5354       (2122%)
c               = 898232           +/- 1.084e+10    (1.206e+06%)
d               = -898231          +/- 1.084e+10    (1.207e+06%)
e               = -373.367         +/- 1964         (525.9%)
f               = 5387.41          +/- 2.511e+04    (466.1%)
g               = -29892.3         +/- 1.333e+05    (446%)
h               = 66646.1          +/- 3.058e+05    (458.9%)
i               = -44842.2         +/- 2.303e+05    (513.5%)

correlation matrix of the fit parameters:
                a      b      c      d      e      f      g      h      i      
a               1.000 
b              -0.998  1.000 
c               0.166 -0.146  1.000 
d              -0.166  0.146 -1.000  1.000 
e              -0.958  0.973 -0.073  0.073  1.000 
f               0.925 -0.945  0.049 -0.049 -0.994  1.000 
g              -0.876  0.900 -0.029  0.029  0.973 -0.992  1.000 
h               0.804 -0.832  0.013 -0.013 -0.926  0.958 -0.986  1.000 
i              -0.700  0.728 -0.004  0.004  0.833 -0.876  0.922 -0.969  1.000 


*******************************************************************************
Thu May 23 15:36:44 2024


FIT:    data read from datos1
        format = z
        #datapoints = 19
        residuals are weighted equally (unit weight)

function used for fitting: f(x)
	f(x)=a*x*x*x*x*x*x*x*x*x + b*x*x*x*x*x*x*x*x + c*x*x*x*x*x*x*x + d*x*x*x*x*x*x + e*x*x*x*x*x + f*x*x*x*x + g*x*x*x + h*x*x + i*x + j
fitted parameters initialized with current variable values

iter      chisq       delta/lim  lambda   a             b             c             d             e             f             g             h             i             j            
   0 1.0519171105e+30   0.00e+00  7.89e+13   -1.457091e-04  -2.522962e-02   8.982319e+05  -8.982309e+05  -3.733668e+02   5.387413e+03  -2.989234e+04   6.664614e+04  -4.484219e+04   1.000000e+00
  18 2.1378388124e+10  -5.11e-01  7.89e-05    1.704164e-02  -1.498020e+00   5.538923e+01  -1.121188e+03   1.355032e+04  -1.000709e+05   4.439992e+05  -1.116216e+06   1.401351e+06  -6.443228e+05

After 18 iterations the fit converged.
final sum of squares of residuals : 2.13784e+10
rel. change during last iteration : -5.10804e-06

degrees of freedom    (FIT_NDF)                        : 9
rms of residuals      (FIT_STDFIT) = sqrt(WSSR/ndf)    : 48737.8
variance of residuals (reduced chisquare) = WSSR/ndf   : 2.37538e+09

Final set of parameters            Asymptotic Standard Error
=======================            ==========================
a               = 0.0170416        +/- 0.01127      (66.12%)
b               = -1.49802         +/- 1.015        (67.77%)
c               = 55.3892          +/- 38.74        (69.95%)
d               = -1121.19         +/- 815.7        (72.75%)
e               = 13550.3          +/- 1.034e+04    (76.32%)
f               = -100071          +/- 8.087e+04    (80.82%)
g               = 443999           +/- 3.839e+05    (86.45%)
h               = -1.11622e+06     +/- 1.043e+06    (93.44%)
i               = 1.40135e+06      +/- 1.427e+06    (101.8%)
j               = -644323          +/- 7.16e+05     (111.1%)

correlation matrix of the fit parameters:
                a      b      c      d      e      f      g      h      i      j      
a               1.000 
b              -0.999  1.000 
c               0.995 -0.999  1.000 
d              -0.988  0.994 -0.998  1.000 
e               0.977 -0.985  0.993 -0.998  1.000 
f              -0.959  0.971 -0.982  0.991 -0.997  1.000 
g               0.935 -0.949  0.963 -0.977  0.988 -0.997  1.000 
h              -0.901  0.919 -0.936  0.954 -0.970  0.985 -0.996  1.000 
i               0.859 -0.879  0.899 -0.920  0.941 -0.961  0.980 -0.994  1.000 
j              -0.811  0.832 -0.854  0.877 -0.901  0.926 -0.951  0.974 -0.992  1.000 


*******************************************************************************
Thu May 23 15:36:44 2024


FIT:    data read from datos1
        format = z
        #datapoints = 19
        residuals are weighted equally (unit weight)

function used for fitting: f(x)
	f(x)=a0*x*exp(b0*x)
fitted parameters initialized with current variable values

iter      chisq       delta/lim  lambda   a0            b0           
   0 1.3088057808e+19   0.00e+00  1.12e+10    1.000000e+00   1.000000e+00
 151 4.6137046893e+10  -7.52e-01  1.12e+00    2.980915e+02   1.318676e-01

After 151 iterations the fit converged.
final sum of squares of residuals : 4.6137e+10
rel. change during last iteration : -7.51994e-06

degrees of freedom    (FIT_NDF)                        : 17
rms of residuals      (FIT_STDFIT) = sqrt(WSSR/ndf)    : 52095.5
variance of residuals (reduced chisquare) = WSSR/ndf   : 2.71394e+09

Final set of parameters            Asymptotic Standard Error
=======================            ==========================
a0              = 298.091          +/- 950.5        (318.9%)
b0              = 0.131868         +/- 0.1856       (140.7%)

correlation matrix of the fit parameters:
                a0     b0     
a0              1.000 
b0             -0.991  1.000 
