

*******************************************************************************
Thu May 23 16:58:37 2024


FIT:    data read from datos1
        format = z
        #datapoints = 19
        residuals are weighted equally (unit weight)

function used for fitting: f(x)
	f(x) = a*x + b
fitted parameters initialized with current variable values

iter      chisq       delta/lim  lambda   a             b            
   0 6.0587249795e+10   0.00e+00  8.09e+00    1.000000e+00   1.000000e+00
   4 4.6686853271e+10  -1.57e-04  8.09e-04    3.879816e+03  -2.204668e+04

After 4 iterations the fit converged.
final sum of squares of residuals : 4.66869e+10
rel. change during last iteration : -1.56554e-09

degrees of freedom    (FIT_NDF)                        : 17
rms of residuals      (FIT_STDFIT) = sqrt(WSSR/ndf)    : 52405
variance of residuals (reduced chisquare) = WSSR/ndf   : 2.74629e+09

Final set of parameters            Asymptotic Standard Error
=======================            ==========================
a               = 3879.82          +/- 2195         (56.57%)
b               = -22046.7         +/- 2.503e+04    (113.5%)

correlation matrix of the fit parameters:
                a      b      
a               1.000 
b              -0.877  1.000 


*******************************************************************************
Thu May 23 16:58:37 2024


FIT:    data read from datos1
        format = z
        #datapoints = 19
        residuals are weighted equally (unit weight)

function used for fitting: f(x)
	f(x)=a*x*x + b*x + c
fitted parameters initialized with current variable values

iter      chisq       delta/lim  lambda   a             b             c            
   0 3.0810464304e+12   0.00e+00  4.12e+05    3.879816e+03  -2.204668e+04   1.000000e+00
   4 4.4058205743e+10  -7.23e-03  4.12e+01    3.685166e+02  -3.202179e+03   1.097863e+00

After 4 iterations the fit converged.
final sum of squares of residuals : 4.40582e+10
rel. change during last iteration : -7.2315e-08

degrees of freedom    (FIT_NDF)                        : 16
rms of residuals      (FIT_STDFIT) = sqrt(WSSR/ndf)    : 52475.1
variance of residuals (reduced chisquare) = WSSR/ndf   : 2.75364e+09

Final set of parameters            Asymptotic Standard Error
=======================            ==========================
a               = 368.517          +/- 450.5        (122.3%)
b               = -3202.18         +/- 9275         (289.6%)
c               = 1.09786          +/- 4.028e+04    (3.669e+06%)

correlation matrix of the fit parameters:
                a      b      c      
a               1.000 
b              -0.972  1.000 
c               0.783 -0.890  1.000 


*******************************************************************************
Thu May 23 16:58:37 2024


FIT:    data read from datos1
        format = z
        #datapoints = 19
        residuals are weighted equally (unit weight)

function used for fitting: f(x)
	f(x)=a*x*x*x + b*x*x + c*x + d
fitted parameters initialized with current variable values

iter      chisq       delta/lim  lambda   a             b             c             d            
   0 4.4131470231e+12   0.00e+00  5.90e+05    3.685166e+02  -3.202179e+03   1.097863e+00   1.000000e+00
   4 4.4278256141e+10  -8.68e-02  5.90e+01    1.797962e+01  -1.288334e+02   8.406314e-01   9.630486e-01

After 4 iterations the fit converged.
final sum of squares of residuals : 4.42783e+10
rel. change during last iteration : -8.68299e-07

degrees of freedom    (FIT_NDF)                        : 15
rms of residuals      (FIT_STDFIT) = sqrt(WSSR/ndf)    : 54331.2
variance of residuals (reduced chisquare) = WSSR/ndf   : 2.95188e+09

Final set of parameters            Asymptotic Standard Error
=======================            ==========================
a               = 17.9796          +/- 98.06        (545.4%)
b               = -128.833         +/- 2979         (2312%)
c               = 0.840631         +/- 2.598e+04    (3.091e+06%)
d               = 0.963049         +/- 6.158e+04    (6.394e+06%)

correlation matrix of the fit parameters:
                a      b      c      d      
a               1.000 
b              -0.988  1.000 
c               0.929 -0.974  1.000 
d              -0.736  0.810 -0.906  1.000 


*******************************************************************************
Thu May 23 16:58:37 2024


FIT:    data read from datos1
        format = z
        #datapoints = 19
        residuals are weighted equally (unit weight)

function used for fitting: f(x)
	f(x)=a*x*x*x*x + b*x*x*x + c*x*x + d*x + e
fitted parameters initialized with current variable values

iter      chisq       delta/lim  lambda   a             b             c             d             e            
   0 4.5303439269e+12   0.00e+00  4.24e+05    1.797962e+01  -1.288334e+02   8.406314e-01   9.630486e-01   1.000000e+00
   9 3.9299992844e+10  -3.17e-02  4.24e-04   -2.573103e+01   1.007360e+03  -1.236228e+04   5.301871e+04  -5.832462e+04

After 9 iterations the fit converged.
final sum of squares of residuals : 3.93e+10
rel. change during last iteration : -3.16958e-07

degrees of freedom    (FIT_NDF)                        : 14
rms of residuals      (FIT_STDFIT) = sqrt(WSSR/ndf)    : 52982.5
variance of residuals (reduced chisquare) = WSSR/ndf   : 2.80714e+09

Final set of parameters            Asymptotic Standard Error
=======================            ==========================
a               = -25.731          +/- 20.43        (79.41%)
b               = 1007.36          +/- 822.9        (81.68%)
c               = -12362.3         +/- 1.108e+04    (89.67%)
d               = 53018.7          +/- 5.65e+04     (106.6%)
e               = -58324.6         +/- 8.634e+04    (148%)

correlation matrix of the fit parameters:
                a      b      c      d      e      
a               1.000 
b              -0.993  1.000 
c               0.965 -0.989  1.000 
d              -0.894  0.936 -0.977  1.000 
e               0.718 -0.773  0.841 -0.925  1.000 


*******************************************************************************
Thu May 23 16:58:37 2024


FIT:    data read from datos1
        format = z
        #datapoints = 19
        residuals are weighted equally (unit weight)

function used for fitting: f(x)
	f(x)=a*x*x*x*x*x + b*x*x*x*x + c*x*x*x + d*x*x + e*x + f
fitted parameters initialized with current variable values

iter      chisq       delta/lim  lambda   a             b             c             d             e             f            
   0 4.8774963571e+12   0.00e+00  2.64e+07   -2.573103e+01   1.007360e+03  -1.236228e+04   5.301871e+04  -5.832462e+04   1.000000e+00
   6 3.3291189950e+10  -2.19e-02  2.64e+01   -4.955035e+00   2.148854e+02  -3.151231e+03   1.803976e+04  -3.236418e+04   1.228312e+00

After 6 iterations the fit converged.
final sum of squares of residuals : 3.32912e+10
rel. change during last iteration : -2.19116e-07

degrees of freedom    (FIT_NDF)                        : 13
rms of residuals      (FIT_STDFIT) = sqrt(WSSR/ndf)    : 50604.9
variance of residuals (reduced chisquare) = WSSR/ndf   : 2.56086e+09

Final set of parameters            Asymptotic Standard Error
=======================            ==========================
a               = -4.95504         +/- 4.237        (85.51%)
b               = 214.885          +/- 212.8        (99.01%)
c               = -3151.23         +/- 3901         (123.8%)
d               = 18039.8          +/- 3.169e+04    (175.7%)
e               = -32364.2         +/- 1.09e+05     (336.9%)
f               = 1.22831          +/- 1.19e+05     (9.686e+06%)

correlation matrix of the fit parameters:
                a      b      c      d      e      f      
a               1.000 
b              -0.996  1.000 
c               0.979 -0.994  1.000 
d              -0.943  0.968 -0.990  1.000 
e               0.869 -0.906  0.944 -0.981  1.000 
f              -0.721  0.763 -0.814  0.874 -0.944  1.000 


*******************************************************************************
Thu May 23 16:58:37 2024


FIT:    data read from datos1
        format = z
        #datapoints = 19
        residuals are weighted equally (unit weight)

function used for fitting: f(x)
	f(x)=a*x*x*x*x*x*x + b*x*x*x*x*x + c*x*x*x*x + d*x*x*x + e*x*x + f*x +g
fitted parameters initialized with current variable values

iter      chisq       delta/lim  lambda   a             b             c             d             e             f             g            
   0 6.3501139694e+12   0.00e+00  9.69e+07   -4.955035e+00   2.148854e+02  -3.151231e+03   1.803976e+04  -3.236418e+04   1.228312e+00   1.000000e+00
   6 2.9049299389e+10  -4.04e-01  9.69e+01   -6.166057e-01   2.904891e+01  -4.802835e+02   3.266626e+03  -7.569318e+03   1.266872e+00   1.022531e+00

After 6 iterations the fit converged.
final sum of squares of residuals : 2.90493e+10
rel. change during last iteration : -4.04187e-06

degrees of freedom    (FIT_NDF)                        : 12
rms of residuals      (FIT_STDFIT) = sqrt(WSSR/ndf)    : 49201.4
variance of residuals (reduced chisquare) = WSSR/ndf   : 2.42077e+09

Final set of parameters            Asymptotic Standard Error
=======================            ==========================
a               = -0.616606        +/- 0.9109       (147.7%)
b               = 29.0489          +/- 54.81        (188.7%)
c               = -480.284         +/- 1274         (265.3%)
d               = 3266.63          +/- 1.437e+04    (439.9%)
e               = -7569.32         +/- 8.059e+04    (1065%)
f               = 1.26687          +/- 2.04e+05     (1.611e+07%)
g               = 1.02253          +/- 1.708e+05    (1.671e+07%)

correlation matrix of the fit parameters:
                a      b      c      d      e      f      g      
a               1.000 
b              -0.997  1.000 
c               0.987 -0.996  1.000 
d              -0.965  0.981 -0.994  1.000 
e               0.924 -0.948  0.972 -0.991  1.000 
f              -0.854  0.886 -0.920  0.954 -0.984  1.000 
g               0.736 -0.770  0.810 -0.855  0.906 -0.961  1.000 


*******************************************************************************
Thu May 23 16:58:37 2024


FIT:    data read from datos1
        format = z
        #datapoints = 19
        residuals are weighted equally (unit weight)

function used for fitting: f(x)
	f(x)=a*x*x*x*x*x*x*x + b*x*x*x*x*x*x + c*x*x*x*x*x + d*x*x*x*x + e*x*x*x + f*x*x + g*x +h
fitted parameters initialized with current variable values

iter      chisq       delta/lim  lambda   a             b             c             d             e             f             g             h            
   0 7.8206910732e+12   0.00e+00  2.30e+08   -6.166057e-01   2.904891e+01  -4.802835e+02   3.266626e+03  -7.569318e+03   1.266872e+00   1.022531e+00   1.000000e+00
   7 2.7742661461e+10  -3.16e-01  2.30e+01   -5.051350e-02   2.480074e+00  -4.338315e+01   3.186154e+02  -8.211981e+02   2.238161e+00   1.495275e+00   1.216926e+00

After 7 iterations the fit converged.
final sum of squares of residuals : 2.77427e+10
rel. change during last iteration : -3.16196e-06

degrees of freedom    (FIT_NDF)                        : 11
rms of residuals      (FIT_STDFIT) = sqrt(WSSR/ndf)    : 50220.1
variance of residuals (reduced chisquare) = WSSR/ndf   : 2.52206e+09

Final set of parameters            Asymptotic Standard Error
=======================            ==========================
a               = -0.0505135       +/- 0.21         (415.7%)
b               = 2.48007          +/- 14.73        (593.9%)
c               = -43.3831         +/- 415.4        (957.5%)
d               = 318.615          +/- 6022         (1890%)
e               = -821.198         +/- 4.757e+04    (5793%)
f               = 2.23816          +/- 1.994e+05    (8.907e+06%)
g               = 1.49527          +/- 3.944e+05    (2.637e+07%)
h               = 1.21693          +/- 2.675e+05    (2.198e+07%)

correlation matrix of the fit parameters:
                a      b      c      d      e      f      g      h      
a               1.000 
b              -0.998  1.000 
c               0.991 -0.997  1.000 
d              -0.976  0.988 -0.996  1.000 
e               0.951 -0.968  0.983 -0.995  1.000 
f              -0.911  0.933 -0.955  0.976 -0.993  1.000 
g               0.849 -0.876  0.904 -0.934  0.963 -0.988  1.000 
h              -0.758  0.787 -0.819  0.855 -0.893  0.935 -0.975  1.000 


*******************************************************************************
Thu May 23 16:58:37 2024


FIT:    data read from datos1
        format = z
        #datapoints = 19
        residuals are weighted equally (unit weight)

function used for fitting: f(x)
	f(x)=a*x*x*x*x*x*x*x*x + b*x*x*x*x*x*x*x + c*x*x*x*x*x*x + d*x*x*x*x*x*x + e*x*x*x*x + f*x*x*x + g*x*x + h*x + i
fitted parameters initialized with current variable values

iter      chisq       delta/lim  lambda   a             b             c             d             e             f             g             h             i            
   0 4.0357697765e+20   0.00e+00  1.66e+09   -5.051350e-02   2.480074e+00  -4.338315e+01   3.186154e+02  -8.211981e+02   2.238161e+00   1.495275e+00   1.216926e+00   1.000000e+00
  13 2.7656029257e+10  -8.06e-03  1.66e+10    1.333958e-05  -3.382614e-02   8.455485e+06  -8.455484e+06  -3.995189e+02   5.691429e+03  -3.132397e+04   6.946654e+04  -4.658529e+04

After 13 iterations the fit converged.
final sum of squares of residuals : 2.7656e+10
rel. change during last iteration : -8.06288e-08

degrees of freedom    (FIT_NDF)                        : 10
rms of residuals      (FIT_STDFIT) = sqrt(WSSR/ndf)    : 52589
variance of residuals (reduced chisquare) = WSSR/ndf   : 2.7656e+09

Final set of parameters            Asymptotic Standard Error
=======================            ==========================
a               = 1.33396e-05      +/- 0.01068      (8.007e+04%)
b               = -0.0338261       +/- 0.5989       (1770%)
c               = 8.45549e+06      +/- 4.2e+09      (4.967e+04%)
d               = -8.45548e+06     +/- 4.2e+09      (4.967e+04%)
e               = -399.519         +/- 2121         (531%)
f               = 5691.43          +/- 2.676e+04    (470.2%)
g               = -31324           +/- 1.401e+05    (447.2%)
h               = 69466.5          +/- 3.167e+05    (456%)
i               = -46585.3         +/- 2.352e+05    (504.9%)

correlation matrix of the fit parameters:
                a      b      c      d      e      f      g      h      i      
a               1.000 
b              -0.999  1.000 
c               0.018 -0.025  1.000 
d              -0.018  0.025 -1.000  1.000 
e              -0.968  0.979 -0.048  0.048  1.000 
f               0.940 -0.955  0.053 -0.053 -0.995  1.000 
g              -0.897  0.916 -0.056  0.056  0.976 -0.992  1.000 
h               0.830 -0.852  0.055 -0.055 -0.932  0.961 -0.987  1.000 
i              -0.729  0.752 -0.050  0.050  0.843 -0.882  0.925 -0.970  1.000 


*******************************************************************************
Thu May 23 16:58:37 2024


FIT:    data read from datos1
        format = z
        #datapoints = 19
        residuals are weighted equally (unit weight)

function used for fitting: f(x)
	f(x)=a*x*x*x*x*x*x*x*x*x + b*x*x*x*x*x*x*x*x + c*x*x*x*x*x*x*x + d*x*x*x*x*x*x + e*x*x*x*x*x + f*x*x*x*x + g*x*x*x + h*x*x + i*x + j
fitted parameters initialized with current variable values

iter      chisq       delta/lim  lambda   a             b             c             d             e             f             g             h             i             j            
   0 9.3214287495e+31   0.00e+00  7.42e+14    1.333958e-05  -3.382614e-02   8.455485e+06  -8.455484e+06  -3.995189e+02   5.691429e+03  -3.132397e+04   6.946654e+04  -4.658529e+04   1.000000e+00
  19 2.0581208175e+10  -3.83e-01  7.42e-05    1.727999e-02  -1.518405e+00   5.612324e+01  -1.135667e+03   1.372094e+04  -1.013003e+05   4.493243e+05  -1.129300e+06   1.417443e+06  -6.516071e+05

After 19 iterations the fit converged.
final sum of squares of residuals : 2.05812e+10
rel. change during last iteration : -3.83374e-06

degrees of freedom    (FIT_NDF)                        : 9
rms of residuals      (FIT_STDFIT) = sqrt(WSSR/ndf)    : 47820.5
variance of residuals (reduced chisquare) = WSSR/ndf   : 2.2868e+09

Final set of parameters            Asymptotic Standard Error
=======================            ==========================
a               = 0.01728          +/- 0.01106      (63.98%)
b               = -1.51841         +/- 0.9962       (65.61%)
c               = 56.1232          +/- 38.01        (67.73%)
d               = -1135.67         +/- 800.3        (70.47%)
e               = 13720.9          +/- 1.015e+04    (73.95%)
f               = -101300          +/- 7.935e+04    (78.33%)
g               = 449324           +/- 3.766e+05    (83.82%)
h               = -1.1293e+06      +/- 1.023e+06    (90.62%)
i               = 1.41744e+06      +/- 1.4e+06      (98.79%)
j               = -651607          +/- 7.025e+05    (107.8%)

correlation matrix of the fit parameters:
                a      b      c      d      e      f      g      h      i      j      
a               1.000 
b              -0.999  1.000 
c               0.995 -0.999  1.000 
d              -0.988  0.994 -0.998  1.000 
e               0.977 -0.985  0.993 -0.998  1.000 
f              -0.959  0.971 -0.982  0.991 -0.997  1.000 
g               0.935 -0.949  0.963 -0.977  0.988 -0.997  1.000 
h              -0.901  0.919 -0.936  0.954 -0.970  0.985 -0.996  1.000 
i               0.859 -0.879  0.899 -0.920  0.941 -0.961  0.980 -0.994  1.000 
j              -0.811  0.832 -0.854  0.877 -0.901  0.926 -0.951  0.974 -0.992  1.000 


*******************************************************************************
Thu May 23 16:58:37 2024


FIT:    data read from datos1
        format = z
        #datapoints = 19
        residuals are weighted equally (unit weight)

function used for fitting: f(x)
	f(x)=a0*x*exp(b0*x)
fitted parameters initialized with current variable values

iter      chisq       delta/lim  lambda   a0            b0           
   0 1.3088036841e+19   0.00e+00  1.12e+10    1.000000e+00   1.000000e+00
 153 4.5063639226e+10  -2.43e-01  1.12e-02    2.729126e+02   1.377148e-01

After 153 iterations the fit converged.
final sum of squares of residuals : 4.50636e+10
rel. change during last iteration : -2.43213e-06

degrees of freedom    (FIT_NDF)                        : 17
rms of residuals      (FIT_STDFIT) = sqrt(WSSR/ndf)    : 51485.9
variance of residuals (reduced chisquare) = WSSR/ndf   : 2.6508e+09

Final set of parameters            Asymptotic Standard Error
=======================            ==========================
a0              = 272.913          +/- 871.7        (319.4%)
b0              = 0.137715         +/- 0.1853       (134.6%)

correlation matrix of the fit parameters:
                a0     b0     
a0              1.000 
b0             -0.991  1.000 
