

*******************************************************************************
Thu May 23 17:11:51 2024


FIT:    data read from datos1
        format = z
        #datapoints = 19
        residuals are weighted equally (unit weight)

function used for fitting: f(x)
	f(x)=a0 + a1*x + a2*x**2 + a3*x**3 + a4*x**4 + a5*x**5 + a6*x**6 + a7*x**7 + a8*x**8 + a9*x**9 + a10*x**10 + a11*x**11 + a12*x**12
fitted parameters initialized with current variable values

iter      chisq       delta/lim  lambda   a0            a1            a2            a3            a4            a5            a6            a7            a8            a9            a10           a11           a12          
   0 7.4556685364e+30   0.00e+00  1.65e+14    1.000000e+00   1.000000e+00   1.000000e+00   1.000000e+00   1.000000e+00   1.000000e+00   1.000000e+00   1.000000e+00   1.000000e+00   1.000000e+00   1.000000e+00   1.000000e+00   1.000000e+00
  20 1.6462243558e+01  -3.01e-01  1.65e-06    3.214851e+02  -8.747546e+02   9.555239e+02  -5.664341e+02   2.062867e+02  -4.924755e+01   7.984795e+00  -8.934751e-01   6.896675e-02  -3.602757e-03   1.215143e-04  -2.386164e-06   2.070746e-08

After 20 iterations the fit converged.
final sum of squares of residuals : 16.4622
rel. change during last iteration : -3.01328e-06

degrees of freedom    (FIT_NDF)                        : 6
rms of residuals      (FIT_STDFIT) = sqrt(WSSR/ndf)    : 1.65641
variance of residuals (reduced chisquare) = WSSR/ndf   : 2.74371

Final set of parameters            Asymptotic Standard Error
=======================            ==========================
a0              = 321.485          +/- 187.4        (58.3%)
a1              = -874.755         +/- 489          (55.91%)
a2              = 955.524          +/- 507.7        (53.14%)
a3              = -566.434         +/- 284.8        (50.28%)
a4              = 206.287          +/- 98           (47.51%)
a5              = -49.2475         +/- 22.11        (44.9%)
a6              = 7.9848           +/- 3.392        (42.49%)
a7              = -0.893475        +/- 0.3599       (40.28%)
a8              = 0.0689667        +/- 0.0264       (38.28%)
a9              = -0.00360276      +/- 0.001314     (36.47%)
a10             = 0.000121514      +/- 4.232e-05    (34.83%)
a11             = -2.38616e-06     +/- 7.956e-07    (33.34%)
a12             = 2.07075e-08      +/- 6.627e-09    (32%)

correlation matrix of the fit parameters:
                a0     a1     a2     a3     a4     a5     a6     a7     a8     a9     a10    a11    a12    
a0              1.000 
a1             -0.999  1.000 
a2              0.995 -0.999  1.000 
a3             -0.989  0.994 -0.999  1.000 
a4              0.980 -0.988  0.995 -0.999  1.000 
a5             -0.970  0.979 -0.988  0.995 -0.999  1.000 
a6              0.958 -0.969  0.980 -0.989  0.995 -0.999  1.000 
a7             -0.946  0.958 -0.971  0.982 -0.990  0.996 -0.999  1.000 
a8              0.933 -0.947  0.961 -0.974  0.984 -0.992  0.996 -0.999  1.000 
a9             -0.921  0.935 -0.951  0.965 -0.977  0.986 -0.993  0.997 -0.999  1.000 
a10             0.908 -0.924  0.940 -0.956  0.969 -0.980  0.988 -0.994  0.997 -0.999  1.000 
a11            -0.896  0.912 -0.930  0.946 -0.961  0.973 -0.982  0.989 -0.994  0.998 -0.999  1.000 
a12             0.884 -0.901  0.919 -0.937  0.952 -0.965  0.976 -0.984  0.991 -0.995  0.998 -1.000  1.000 
