

*******************************************************************************
Thu May 23 16:42:21 2024


FIT:    data read from datos1
        format = z
        #datapoints = 19
        residuals are weighted equally (unit weight)

function used for fitting: f(x)
	f(x)=a0 + a1*x + a2*x**2 + a3*x**3 + a4*x**4 + a5*x**5 + a6*x**6 + a7*x**7 + a8*x**8 + a9*x**9 + a10*x**10 + a11*x**11 + a12*x**12
fitted parameters initialized with current variable values

iter      chisq       delta/lim  lambda   a0            a1            a2            a3            a4            a5            a6            a7            a8            a9            a10           a11           a12          
   0 7.4556685364e+30   0.00e+00  1.65e+14    1.000000e+00   1.000000e+00   1.000000e+00   1.000000e+00   1.000000e+00   1.000000e+00   1.000000e+00   1.000000e+00   1.000000e+00   1.000000e+00   1.000000e+00   1.000000e+00   1.000000e+00
  20 3.1648331906e+01  -3.07e-01  1.65e-06    4.480702e+02  -1.219099e+03   1.331533e+03  -7.892424e+02   2.873953e+02  -6.860274e+01   1.112177e+01  -1.244383e+00   9.604712e-02  -5.017247e-03   1.692226e-04  -3.323130e-06   2.884071e-08

After 20 iterations the fit converged.
final sum of squares of residuals : 31.6483
rel. change during last iteration : -3.0695e-06

degrees of freedom    (FIT_NDF)                        : 6
rms of residuals      (FIT_STDFIT) = sqrt(WSSR/ndf)    : 2.29668
variance of residuals (reduced chisquare) = WSSR/ndf   : 5.27472

Final set of parameters            Asymptotic Standard Error
=======================            ==========================
a0              = 448.07           +/- 259.9        (58%)
a1              = -1219.1          +/- 678.1        (55.62%)
a2              = 1331.53          +/- 704          (52.87%)
a3              = -789.242         +/- 394.9        (50.04%)
a4              = 287.395          +/- 135.9        (47.28%)
a5              = -68.6027         +/- 30.66        (44.69%)
a6              = 11.1218          +/- 4.704        (42.29%)
a7              = -1.24438         +/- 0.499        (40.1%)
a8              = 0.0960471        +/- 0.03661      (38.11%)
a9              = -0.00501725      +/- 0.001822     (36.31%)
a10             = 0.000169223      +/- 5.868e-05    (34.67%)
a11             = -3.32313e-06     +/- 1.103e-06    (33.2%)
a12             = 2.88407e-08      +/- 9.189e-09    (31.86%)

correlation matrix of the fit parameters:
                a0     a1     a2     a3     a4     a5     a6     a7     a8     a9     a10    a11    a12    
a0              1.000 
a1             -0.999  1.000 
a2              0.995 -0.999  1.000 
a3             -0.989  0.994 -0.999  1.000 
a4              0.980 -0.988  0.995 -0.999  1.000 
a5             -0.970  0.979 -0.988  0.995 -0.999  1.000 
a6              0.958 -0.969  0.980 -0.989  0.995 -0.999  1.000 
a7             -0.946  0.958 -0.971  0.982 -0.990  0.996 -0.999  1.000 
a8              0.933 -0.947  0.961 -0.974  0.984 -0.992  0.996 -0.999  1.000 
a9             -0.921  0.935 -0.951  0.965 -0.977  0.986 -0.993  0.997 -0.999  1.000 
a10             0.908 -0.924  0.940 -0.956  0.969 -0.980  0.988 -0.994  0.997 -0.999  1.000 
a11            -0.896  0.912 -0.930  0.946 -0.961  0.973 -0.982  0.989 -0.994  0.998 -0.999  1.000 
a12             0.884 -0.901  0.919 -0.937  0.952 -0.965  0.976 -0.984  0.991 -0.995  0.998 -1.000  1.000 
