This is pdfTeX, Version 3.141592653-2.6-1.40.25 (TeX Live 2023) (preloaded format=pdflatex 2023.12.24)  17 FEB 2025 23:17
entering extended mode
 \write18 enabled.
 file:line:error style messages enabled.
 %&-line parsing enabled.
**"c:/Users/2004o/Desktop/LosDelDGIIM.github.io/subjects/√Ålgebra I/Ejercicios/Ejercicios.tex"
(c:/Users/2004o/Desktop/LosDelDGIIM.github.io/subjects/√Ålgebra I/Ejercicios/Ejercicios.tex
LaTeX2e <2023-11-01>
L3 programming layer <2023-12-11>
(c:/texlive/2023/texmf-dist/tex/latex/base/article.cls
Document Class: article 2023/05/17 v1.4n Standard LaTeX document class
(c:/texlive/2023/texmf-dist/tex/latex/base/size12.clo
File: size12.clo 2023/05/17 v1.4n Standard LaTeX file (size option)
)
\c@part=\count187
\c@section=\count188
\c@subsection=\count189
\c@subsubsection=\count190
\c@paragraph=\count191
\c@subparagraph=\count192
\c@figure=\count193
\c@table=\count194
\abovecaptionskip=\skip48
\belowcaptionskip=\skip49
\bibindent=\dimen140
) (../../_assets/preambulo.tex (c:/texlive/2023/texmf-dist/tex/generic/babel/babel.sty
Package: babel 2023/12/10 v3.99 The Babel package
\babel@savecnt=\count195
\U@D=\dimen141
\l@unhyphenated=\language89
 (c:/texlive/2023/texmf-dist/tex/generic/babel/txtbabel.def)
\bbl@readstream=\read2
\bbl@dirlevel=\count196
 (c:/texlive/2023/texmf-dist/tex/generic/babel-spanish/spanish.ldf
Language: spanish.ldf 2021/05/27 v5.0q Spanish support from the babel system
\es@quottoks=\toks17
\es@quotdepth=\count197
Package babel Info: Making " an active character on input line 570.
Package babel Info: Making . an active character on input line 675.
Package babel Info: Making < an active character on input line 722.
Package babel Info: Making > an active character on input line 722.
)) (c:/texlive/2023/texmf-dist/tex/generic/babel/locale/es/babel-spanish.tex
Package babel Info: Importing font and identification data for spanish
(babel)             from babel-es.ini. Reported on input line 11.
) (c:/texlive/2023/texmf-dist/tex/latex/base/inputenc.sty
Package: inputenc 2021/02/14 v1.3d Input encoding file
\inpenc@prehook=\toks18
\inpenc@posthook=\toks19
) (c:/texlive/2023/texmf-dist/tex/latex/geometry/geometry.sty
Package: geometry 2020/01/02 v5.9 Page Geometry
 (c:/texlive/2023/texmf-dist/tex/latex/graphics/keyval.sty
Package: keyval 2022/05/29 v1.15 key=value parser (DPC)
\KV@toks@=\toks20
) (c:/texlive/2023/texmf-dist/tex/generic/iftex/ifvtex.sty
Package: ifvtex 2019/10/25 v1.7 ifvtex legacy package. Use iftex instead.
 (c:/texlive/2023/texmf-dist/tex/generic/iftex/iftex.sty
Package: iftex 2022/02/03 v1.0f TeX engine tests
))
\Gm@cnth=\count198
\Gm@cntv=\count199
\c@Gm@tempcnt=\count266
\Gm@bindingoffset=\dimen142
\Gm@wd@mp=\dimen143
\Gm@odd@mp=\dimen144
\Gm@even@mp=\dimen145
\Gm@layoutwidth=\dimen146
\Gm@layoutheight=\dimen147
\Gm@layouthoffset=\dimen148
\Gm@layoutvoffset=\dimen149
\Gm@dimlist=\toks21
) (c:/texlive/2023/texmf-dist/tex/latex/tools/verbatim.sty
Package: verbatim 2023-11-06 v1.5v LaTeX2e package for verbatim enhancements
\every@verbatim=\toks22
\verbatim@line=\toks23
\verbatim@in@stream=\read3
) (c:/texlive/2023/texmf-dist/tex/latex/hyperref/hyperref.sty
Package: hyperref 2023-11-26 v7.01g Hypertext links for LaTeX
 (c:/texlive/2023/texmf-dist/tex/generic/infwarerr/infwarerr.sty
Package: infwarerr 2019/12/03 v1.5 Providing info/warning/error messages (HO)
) (c:/texlive/2023/texmf-dist/tex/latex/kvsetkeys/kvsetkeys.sty
Package: kvsetkeys 2022-10-05 v1.19 Key value parser (HO)
) (c:/texlive/2023/texmf-dist/tex/generic/kvdefinekeys/kvdefinekeys.sty
Package: kvdefinekeys 2019-12-19 v1.6 Define keys (HO)
) (c:/texlive/2023/texmf-dist/tex/generic/pdfescape/pdfescape.sty
Package: pdfescape 2019/12/09 v1.15 Implements pdfTeX's escape features (HO)
 (c:/texlive/2023/texmf-dist/tex/generic/ltxcmds/ltxcmds.sty
Package: ltxcmds 2023-12-04 v1.26 LaTeX kernel commands for general use (HO)
) (c:/texlive/2023/texmf-dist/tex/generic/pdftexcmds/pdftexcmds.sty
Package: pdftexcmds 2020-06-27 v0.33 Utility functions of pdfTeX for LuaTeX (HO)
Package pdftexcmds Info: \pdf@primitive is available.
Package pdftexcmds Info: \pdf@ifprimitive is available.
Package pdftexcmds Info: \pdfdraftmode found.
)) (c:/texlive/2023/texmf-dist/tex/latex/hycolor/hycolor.sty
Package: hycolor 2020-01-27 v1.10 Color options for hyperref/bookmark (HO)
) (c:/texlive/2023/texmf-dist/tex/latex/letltxmacro/letltxmacro.sty
Package: letltxmacro 2019/12/03 v1.6 Let assignment for LaTeX macros (HO)
) (c:/texlive/2023/texmf-dist/tex/latex/auxhook/auxhook.sty
Package: auxhook 2019-12-17 v1.6 Hooks for auxiliary files (HO)
) (c:/texlive/2023/texmf-dist/tex/latex/hyperref/nameref.sty
Package: nameref 2023-11-26 v2.56 Cross-referencing by name of section
 (c:/texlive/2023/texmf-dist/tex/latex/refcount/refcount.sty
Package: refcount 2019/12/15 v3.6 Data extraction from label references (HO)
) (c:/texlive/2023/texmf-dist/tex/generic/gettitlestring/gettitlestring.sty
Package: gettitlestring 2019/12/15 v1.6 Cleanup title references (HO)
 (c:/texlive/2023/texmf-dist/tex/latex/kvoptions/kvoptions.sty
Package: kvoptions 2022-06-15 v3.15 Key value format for package options (HO)
))
\c@section@level=\count267
) (c:/texlive/2023/texmf-dist/tex/latex/etoolbox/etoolbox.sty
Package: etoolbox 2020/10/05 v2.5k e-TeX tools for LaTeX (JAW)
\etb@tempcnta=\count268
)
\@linkdim=\dimen150
\Hy@linkcounter=\count269
\Hy@pagecounter=\count270
 (c:/texlive/2023/texmf-dist/tex/latex/hyperref/pd1enc.def
File: pd1enc.def 2023-11-26 v7.01g Hyperref: PDFDocEncoding definition (HO)
Now handling font encoding PD1 ...
... no UTF-8 mapping file for font encoding PD1
) (c:/texlive/2023/texmf-dist/tex/generic/intcalc/intcalc.sty
Package: intcalc 2019/12/15 v1.3 Expandable calculations with integers (HO)
)
\Hy@SavedSpaceFactor=\count271
 (c:/texlive/2023/texmf-dist/tex/latex/hyperref/puenc.def
File: puenc.def 2023-11-26 v7.01g Hyperref: PDF Unicode definition (HO)
Now handling font encoding PU ...
... no UTF-8 mapping file for font encoding PU
)
Package hyperref Info: Hyper figures OFF on input line 4181.
Package hyperref Info: Link nesting OFF on input line 4186.
Package hyperref Info: Hyper index ON on input line 4189.
Package hyperref Info: Plain pages OFF on input line 4196.
Package hyperref Info: Backreferencing OFF on input line 4201.
Package hyperref Info: Implicit mode ON; LaTeX internals redefined.
Package hyperref Info: Bookmarks ON on input line 4448.
\c@Hy@tempcnt=\count272
 (c:/texlive/2023/texmf-dist/tex/latex/url/url.sty
\Urlmuskip=\muskip16
Package: url 2013/09/16  ver 3.4  Verb mode for urls, etc.
)
LaTeX Info: Redefining \url on input line 4786.
\XeTeXLinkMargin=\dimen151
 (c:/texlive/2023/texmf-dist/tex/generic/bitset/bitset.sty
Package: bitset 2019/12/09 v1.3 Handle bit-vector datatype (HO)
 (c:/texlive/2023/texmf-dist/tex/generic/bigintcalc/bigintcalc.sty
Package: bigintcalc 2019/12/15 v1.5 Expandable calculations on big integers (HO)
))
\Fld@menulength=\count273
\Field@Width=\dimen152
\Fld@charsize=\dimen153
Package hyperref Info: Hyper figures OFF on input line 6065.
Package hyperref Info: Link nesting OFF on input line 6070.
Package hyperref Info: Hyper index ON on input line 6073.
Package hyperref Info: backreferencing OFF on input line 6080.
Package hyperref Info: Link coloring OFF on input line 6085.
Package hyperref Info: Link coloring with OCG OFF on input line 6090.
Package hyperref Info: PDF/A mode OFF on input line 6095.
 (c:/texlive/2023/texmf-dist/tex/latex/base/atbegshi-ltx.sty
Package: atbegshi-ltx 2021/01/10 v1.0c Emulation of the original atbegshi
package with kernel methods
)
\Hy@abspage=\count274
\c@Item=\count275
\c@Hfootnote=\count276
)
Package hyperref Info: Driver (autodetected): hpdftex.
 (c:/texlive/2023/texmf-dist/tex/latex/hyperref/hpdftex.def
File: hpdftex.def 2023-11-26 v7.01g Hyperref driver for pdfTeX
 (c:/texlive/2023/texmf-dist/tex/latex/base/atveryend-ltx.sty
Package: atveryend-ltx 2020/08/19 v1.0a Emulation of the original atveryend package
with kernel methods
)
\Fld@listcount=\count277
\c@bookmark@seq@number=\count278
 (c:/texlive/2023/texmf-dist/tex/latex/rerunfilecheck/rerunfilecheck.sty
Package: rerunfilecheck 2022-07-10 v1.10 Rerun checks for auxiliary files (HO)
 (c:/texlive/2023/texmf-dist/tex/generic/uniquecounter/uniquecounter.sty
Package: uniquecounter 2019/12/15 v1.4 Provide unlimited unique counter (HO)
)
Package uniquecounter Info: New unique counter `rerunfilecheck' on input line 285.
)
\Hy@SectionHShift=\skip50
) (c:/texlive/2023/texmf-dist/tex/latex/enumitem/enumitem.sty
Package: enumitem 2019/06/20 v3.9 Customized lists
\labelindent=\skip51
\enit@outerparindent=\dimen154
\enit@toks=\toks24
\enit@inbox=\box51
\enit@count@id=\count279
\enitdp@description=\count280
) (c:/texlive/2023/texmf-dist/tex/latex/titling/titling.sty
Package: titling 2009/09/04 v2.1d maketitle typesetting
\thanksmarkwidth=\skip52
\thanksmargin=\skip53
\droptitle=\skip54
) (c:/texlive/2023/texmf-dist/tex/latex/multirow/multirow.sty
Package: multirow 2021/03/15 v2.8 Span multiple rows of a table
\multirow@colwidth=\skip55
\multirow@cntb=\count281
\multirow@dima=\skip56
\bigstrutjot=\dimen155
) (c:/texlive/2023/texmf-dist/tex/latex/caption/caption.sty
Package: caption 2023/08/05 v3.6o Customizing captions (AR)
 (c:/texlive/2023/texmf-dist/tex/latex/caption/caption3.sty
Package: caption3 2023/07/31 v2.4d caption3 kernel (AR)
\caption@tempdima=\dimen156
\captionmargin=\dimen157
\caption@leftmargin=\dimen158
\caption@rightmargin=\dimen159
\caption@width=\dimen160
\caption@indent=\dimen161
\caption@parindent=\dimen162
\caption@hangindent=\dimen163
Package caption Info: Standard document class detected.
)
\c@caption@flags=\count282
\c@continuedfloat=\count283
Package caption Info: hyperref package is loaded.
) (c:/texlive/2023/texmf-dist/tex/latex/caption/subcaption.sty
Package: subcaption 2023/07/28 v1.6b Sub-captions (AR)
Package caption Info: New subtype `subfigure' on input line 238.
\c@subfigure=\count284
Package caption Info: New subtype `subtable' on input line 238.
\c@subtable=\count285
) (c:/texlive/2023/texmf-dist/tex/latex/float/float.sty
Package: float 2001/11/08 v1.3d Float enhancements (AL)
\c@float@type=\count286
\float@exts=\toks25
\float@box=\box52
\@float@everytoks=\toks26
\@floatcapt=\box53
) (c:/texlive/2023/texmf-dist/tex/latex/graphics/graphicx.sty
Package: graphicx 2021/09/16 v1.2d Enhanced LaTeX Graphics (DPC,SPQR)
 (c:/texlive/2023/texmf-dist/tex/latex/graphics/graphics.sty
Package: graphics 2022/03/10 v1.4e Standard LaTeX Graphics (DPC,SPQR)
 (c:/texlive/2023/texmf-dist/tex/latex/graphics/trig.sty
Package: trig 2021/08/11 v1.11 sin cos tan (DPC)
) (c:/texlive/2023/texmf-dist/tex/latex/graphics-cfg/graphics.cfg
File: graphics.cfg 2016/06/04 v1.11 sample graphics configuration
)
Package graphics Info: Driver file: pdftex.def on input line 107.
 (c:/texlive/2023/texmf-dist/tex/latex/graphics-def/pdftex.def
File: pdftex.def 2022/09/22 v1.2b Graphics/color driver for pdftex
))
\Gin@req@height=\dimen164
\Gin@req@width=\dimen165
) (c:/texlive/2023/texmf-dist/tex/latex/transparent/transparent.sty
Package: transparent 2022-10-27 v1.5 Transparency with color stacks
 (c:/texlive/2023/texmf-dist/tex/latex/transparent/transparent-nometadata.sty
Package: transparent-nometadata 2022-10-27 v1.5 Transparency via pdfTeX's color stack (HO)
)) (c:/texlive/2023/texmf-dist/tex/latex/xcolor/xcolor.sty
Package: xcolor 2023/11/15 v3.01 LaTeX color extensions (UK)
 (c:/texlive/2023/texmf-dist/tex/latex/graphics-cfg/color.cfg
File: color.cfg 2016/01/02 v1.6 sample color configuration
)
Package xcolor Info: Driver file: pdftex.def on input line 274.
 (c:/texlive/2023/texmf-dist/tex/latex/graphics/mathcolor.ltx)
Package xcolor Info: Model `cmy' substituted by `cmy0' on input line 1350.
Package xcolor Info: Model `hsb' substituted by `rgb' on input line 1354.
Package xcolor Info: Model `RGB' extended on input line 1366.
Package xcolor Info: Model `HTML' substituted by `rgb' on input line 1368.
Package xcolor Info: Model `Hsb' substituted by `hsb' on input line 1369.
Package xcolor Info: Model `tHsb' substituted by `hsb' on input line 1370.
Package xcolor Info: Model `HSB' substituted by `hsb' on input line 1371.
Package xcolor Info: Model `Gray' substituted by `gray' on input line 1372.
Package xcolor Info: Model `wave' substituted by `hsb' on input line 1373.
) (c:/texlive/2023/texmf-dist/tex/latex/graphics/dvipsnam.def
File: dvipsnam.def 2016/06/17 v3.0m Driver-dependent file (DPC,SPQR)
) (c:/texlive/2023/texmf-dist/tex/latex/pagecolor/pagecolor.sty
Package: pagecolor 2023-04-18 v1.2c Provides thepagecolor (HMM)
) (c:/texlive/2023/texmf-dist/tex/latex/base/fix-cm.sty
Package: fix-cm 2020/11/24 v1.1t fixes to LaTeX
 (c:/texlive/2023/texmf-dist/tex/latex/base/ts1enc.def
File: ts1enc.def 2001/06/05 v3.0e (jk/car/fm) Standard LaTeX file
LaTeX Font Info:    Redeclaring font encoding TS1 on input line 47.
)) (c:/texlive/2023/texmf-dist/tex/latex/pgf/frontendlayer/tikz.sty (c:/texlive/2023/texmf-dist/tex/latex/pgf/basiclayer/pgf.sty (c:/texlive/2023/texmf-dist/tex/latex/pgf/utilities/pgfrcs.sty (c:/texlive/2023/texmf-dist/tex/generic/pgf/utilities/pgfutil-common.tex
\pgfutil@everybye=\toks27
\pgfutil@tempdima=\dimen166
\pgfutil@tempdimb=\dimen167
) (c:/texlive/2023/texmf-dist/tex/generic/pgf/utilities/pgfutil-latex.def
\pgfutil@abb=\box54
) (c:/texlive/2023/texmf-dist/tex/generic/pgf/utilities/pgfrcs.code.tex (c:/texlive/2023/texmf-dist/tex/generic/pgf/pgf.revision.tex)
Package: pgfrcs 2023-01-15 v3.1.10 (3.1.10)
))
Package: pgf 2023-01-15 v3.1.10 (3.1.10)
 (c:/texlive/2023/texmf-dist/tex/latex/pgf/basiclayer/pgfcore.sty (c:/texlive/2023/texmf-dist/tex/latex/pgf/systemlayer/pgfsys.sty (c:/texlive/2023/texmf-dist/tex/generic/pgf/systemlayer/pgfsys.code.tex
Package: pgfsys 2023-01-15 v3.1.10 (3.1.10)
 (c:/texlive/2023/texmf-dist/tex/generic/pgf/utilities/pgfkeys.code.tex
\pgfkeys@pathtoks=\toks28
\pgfkeys@temptoks=\toks29
 (c:/texlive/2023/texmf-dist/tex/generic/pgf/utilities/pgfkeyslibraryfiltered.code.tex
\pgfkeys@tmptoks=\toks30
))
\pgf@x=\dimen168
\pgf@y=\dimen169
\pgf@xa=\dimen170
\pgf@ya=\dimen171
\pgf@xb=\dimen172
\pgf@yb=\dimen173
\pgf@xc=\dimen174
\pgf@yc=\dimen175
\pgf@xd=\dimen176
\pgf@yd=\dimen177
\w@pgf@writea=\write3
\r@pgf@reada=\read4
\c@pgf@counta=\count287
\c@pgf@countb=\count288
\c@pgf@countc=\count289
\c@pgf@countd=\count290
\t@pgf@toka=\toks31
\t@pgf@tokb=\toks32
\t@pgf@tokc=\toks33
\pgf@sys@id@count=\count291
 (c:/texlive/2023/texmf-dist/tex/generic/pgf/systemlayer/pgf.cfg
File: pgf.cfg 2023-01-15 v3.1.10 (3.1.10)
)
Driver file for pgf: pgfsys-pdftex.def
 (c:/texlive/2023/texmf-dist/tex/generic/pgf/systemlayer/pgfsys-pdftex.def
File: pgfsys-pdftex.def 2023-01-15 v3.1.10 (3.1.10)
 (c:/texlive/2023/texmf-dist/tex/generic/pgf/systemlayer/pgfsys-common-pdf.def
File: pgfsys-common-pdf.def 2023-01-15 v3.1.10 (3.1.10)
))) (c:/texlive/2023/texmf-dist/tex/generic/pgf/systemlayer/pgfsyssoftpath.code.tex
File: pgfsyssoftpath.code.tex 2023-01-15 v3.1.10 (3.1.10)
\pgfsyssoftpath@smallbuffer@items=\count292
\pgfsyssoftpath@bigbuffer@items=\count293
) (c:/texlive/2023/texmf-dist/tex/generic/pgf/systemlayer/pgfsysprotocol.code.tex
File: pgfsysprotocol.code.tex 2023-01-15 v3.1.10 (3.1.10)
)) (c:/texlive/2023/texmf-dist/tex/generic/pgf/basiclayer/pgfcore.code.tex
Package: pgfcore 2023-01-15 v3.1.10 (3.1.10)
 (c:/texlive/2023/texmf-dist/tex/generic/pgf/math/pgfmath.code.tex (c:/texlive/2023/texmf-dist/tex/generic/pgf/math/pgfmathutil.code.tex) (c:/texlive/2023/texmf-dist/tex/generic/pgf/math/pgfmathparser.code.tex
\pgfmath@dimen=\dimen178
\pgfmath@count=\count294
\pgfmath@box=\box55
\pgfmath@toks=\toks34
\pgfmath@stack@operand=\toks35
\pgfmath@stack@operation=\toks36
) (c:/texlive/2023/texmf-dist/tex/generic/pgf/math/pgfmathfunctions.code.tex) (c:/texlive/2023/texmf-dist/tex/generic/pgf/math/pgfmathfunctions.basic.code.tex) (c:/texlive/2023/texmf-dist/tex/generic/pgf/math/pgfmathfunctions.trigonometric.code.tex) (c:/texlive/2023/texmf-dist/tex/generic/pgf/math/pgfmathfunctions.random.code.tex) (c:/texlive/2023/texmf-dist/tex/generic/pgf/math/pgfmathfunctions.comparison.code.tex) (c:/texlive/2023/texmf-dist/tex/generic/pgf/math/pgfmathfunctions.base.code.tex) (c:/texlive/2023/texmf-dist/tex/generic/pgf/math/pgfmathfunctions.round.code.tex) (c:/texlive/2023/texmf-dist/tex/generic/pgf/math/pgfmathfunctions.misc.code.tex) (c:/texlive/2023/texmf-dist/tex/generic/pgf/math/pgfmathfunctions.integerarithmetics.code.tex) (c:/texlive/2023/texmf-dist/tex/generic/pgf/math/pgfmathcalc.code.tex) (c:/texlive/2023/texmf-dist/tex/generic/pgf/math/pgfmathfloat.code.tex
\c@pgfmathroundto@lastzeros=\count295
)) (c:/texlive/2023/texmf-dist/tex/generic/pgf/math/pgfint.code.tex) (c:/texlive/2023/texmf-dist/tex/generic/pgf/basiclayer/pgfcorepoints.code.tex
File: pgfcorepoints.code.tex 2023-01-15 v3.1.10 (3.1.10)
\pgf@picminx=\dimen179
\pgf@picmaxx=\dimen180
\pgf@picminy=\dimen181
\pgf@picmaxy=\dimen182
\pgf@pathminx=\dimen183
\pgf@pathmaxx=\dimen184
\pgf@pathminy=\dimen185
\pgf@pathmaxy=\dimen186
\pgf@xx=\dimen187
\pgf@xy=\dimen188
\pgf@yx=\dimen189
\pgf@yy=\dimen190
\pgf@zx=\dimen191
\pgf@zy=\dimen192
) (c:/texlive/2023/texmf-dist/tex/generic/pgf/basiclayer/pgfcorepathconstruct.code.tex
File: pgfcorepathconstruct.code.tex 2023-01-15 v3.1.10 (3.1.10)
\pgf@path@lastx=\dimen193
\pgf@path@lasty=\dimen194
) (c:/texlive/2023/texmf-dist/tex/generic/pgf/basiclayer/pgfcorepathusage.code.tex
File: pgfcorepathusage.code.tex 2023-01-15 v3.1.10 (3.1.10)
\pgf@shorten@end@additional=\dimen195
\pgf@shorten@start@additional=\dimen196
) (c:/texlive/2023/texmf-dist/tex/generic/pgf/basiclayer/pgfcorescopes.code.tex
File: pgfcorescopes.code.tex 2023-01-15 v3.1.10 (3.1.10)
\pgfpic=\box56
\pgf@hbox=\box57
\pgf@layerbox@main=\box58
\pgf@picture@serial@count=\count296
) (c:/texlive/2023/texmf-dist/tex/generic/pgf/basiclayer/pgfcoregraphicstate.code.tex
File: pgfcoregraphicstate.code.tex 2023-01-15 v3.1.10 (3.1.10)
\pgflinewidth=\dimen197
) (c:/texlive/2023/texmf-dist/tex/generic/pgf/basiclayer/pgfcoretransformations.code.tex
File: pgfcoretransformations.code.tex 2023-01-15 v3.1.10 (3.1.10)
\pgf@pt@x=\dimen198
\pgf@pt@y=\dimen199
\pgf@pt@temp=\dimen256
) (c:/texlive/2023/texmf-dist/tex/generic/pgf/basiclayer/pgfcorequick.code.tex
File: pgfcorequick.code.tex 2023-01-15 v3.1.10 (3.1.10)
) (c:/texlive/2023/texmf-dist/tex/generic/pgf/basiclayer/pgfcoreobjects.code.tex
File: pgfcoreobjects.code.tex 2023-01-15 v3.1.10 (3.1.10)
) (c:/texlive/2023/texmf-dist/tex/generic/pgf/basiclayer/pgfcorepathprocessing.code.tex
File: pgfcorepathprocessing.code.tex 2023-01-15 v3.1.10 (3.1.10)
) (c:/texlive/2023/texmf-dist/tex/generic/pgf/basiclayer/pgfcorearrows.code.tex
File: pgfcorearrows.code.tex 2023-01-15 v3.1.10 (3.1.10)
\pgfarrowsep=\dimen257
) (c:/texlive/2023/texmf-dist/tex/generic/pgf/basiclayer/pgfcoreshade.code.tex
File: pgfcoreshade.code.tex 2023-01-15 v3.1.10 (3.1.10)
\pgf@max=\dimen258
\pgf@sys@shading@range@num=\count297
\pgf@shadingcount=\count298
) (c:/texlive/2023/texmf-dist/tex/generic/pgf/basiclayer/pgfcoreimage.code.tex
File: pgfcoreimage.code.tex 2023-01-15 v3.1.10 (3.1.10)
) (c:/texlive/2023/texmf-dist/tex/generic/pgf/basiclayer/pgfcoreexternal.code.tex
File: pgfcoreexternal.code.tex 2023-01-15 v3.1.10 (3.1.10)
\pgfexternal@startupbox=\box59
) (c:/texlive/2023/texmf-dist/tex/generic/pgf/basiclayer/pgfcorelayers.code.tex
File: pgfcorelayers.code.tex 2023-01-15 v3.1.10 (3.1.10)
) (c:/texlive/2023/texmf-dist/tex/generic/pgf/basiclayer/pgfcoretransparency.code.tex
File: pgfcoretransparency.code.tex 2023-01-15 v3.1.10 (3.1.10)
) (c:/texlive/2023/texmf-dist/tex/generic/pgf/basiclayer/pgfcorepatterns.code.tex
File: pgfcorepatterns.code.tex 2023-01-15 v3.1.10 (3.1.10)
) (c:/texlive/2023/texmf-dist/tex/generic/pgf/basiclayer/pgfcorerdf.code.tex
File: pgfcorerdf.code.tex 2023-01-15 v3.1.10 (3.1.10)
))) (c:/texlive/2023/texmf-dist/tex/generic/pgf/modules/pgfmoduleshapes.code.tex
File: pgfmoduleshapes.code.tex 2023-01-15 v3.1.10 (3.1.10)
\pgfnodeparttextbox=\box60
) (c:/texlive/2023/texmf-dist/tex/generic/pgf/modules/pgfmoduleplot.code.tex
File: pgfmoduleplot.code.tex 2023-01-15 v3.1.10 (3.1.10)
) (c:/texlive/2023/texmf-dist/tex/latex/pgf/compatibility/pgfcomp-version-0-65.sty
Package: pgfcomp-version-0-65 2023-01-15 v3.1.10 (3.1.10)
\pgf@nodesepstart=\dimen259
\pgf@nodesepend=\dimen260
) (c:/texlive/2023/texmf-dist/tex/latex/pgf/compatibility/pgfcomp-version-1-18.sty
Package: pgfcomp-version-1-18 2023-01-15 v3.1.10 (3.1.10)
)) (c:/texlive/2023/texmf-dist/tex/latex/pgf/utilities/pgffor.sty (c:/texlive/2023/texmf-dist/tex/latex/pgf/utilities/pgfkeys.sty (c:/texlive/2023/texmf-dist/tex/generic/pgf/utilities/pgfkeys.code.tex)) (c:/texlive/2023/texmf-dist/tex/latex/pgf/math/pgfmath.sty (c:/texlive/2023/texmf-dist/tex/generic/pgf/math/pgfmath.code.tex)) (c:/texlive/2023/texmf-dist/tex/generic/pgf/utilities/pgffor.code.tex
Package: pgffor 2023-01-15 v3.1.10 (3.1.10)
\pgffor@iter=\dimen261
\pgffor@skip=\dimen262
\pgffor@stack=\toks37
\pgffor@toks=\toks38
)) (c:/texlive/2023/texmf-dist/tex/generic/pgf/frontendlayer/tikz/tikz.code.tex
Package: tikz 2023-01-15 v3.1.10 (3.1.10)
 (c:/texlive/2023/texmf-dist/tex/generic/pgf/libraries/pgflibraryplothandlers.code.tex
File: pgflibraryplothandlers.code.tex 2023-01-15 v3.1.10 (3.1.10)
\pgf@plot@mark@count=\count299
\pgfplotmarksize=\dimen263
)
\tikz@lastx=\dimen264
\tikz@lasty=\dimen265
\tikz@lastxsaved=\dimen266
\tikz@lastysaved=\dimen267
\tikz@lastmovetox=\dimen268
\tikz@lastmovetoy=\dimen269
\tikzleveldistance=\dimen270
\tikzsiblingdistance=\dimen271
\tikz@figbox=\box61
\tikz@figbox@bg=\box62
\tikz@tempbox=\box63
\tikz@tempbox@bg=\box64
\tikztreelevel=\count300
\tikznumberofchildren=\count301
\tikznumberofcurrentchild=\count302
\tikz@fig@count=\count303
 (c:/texlive/2023/texmf-dist/tex/generic/pgf/modules/pgfmodulematrix.code.tex
File: pgfmodulematrix.code.tex 2023-01-15 v3.1.10 (3.1.10)
\pgfmatrixcurrentrow=\count304
\pgfmatrixcurrentcolumn=\count305
\pgf@matrix@numberofcolumns=\count306
)
\tikz@expandcount=\count307
 (c:/texlive/2023/texmf-dist/tex/generic/pgf/frontendlayer/tikz/libraries/tikzlibrarytopaths.code.tex
File: tikzlibrarytopaths.code.tex 2023-01-15 v3.1.10 (3.1.10)
))) (c:/texlive/2023/texmf-dist/tex/generic/pgf/frontendlayer/tikz/libraries/tikzlibrarypositioning.code.tex
File: tikzlibrarypositioning.code.tex 2023-01-15 v3.1.10 (3.1.10)
) (c:/texlive/2023/texmf-dist/tex/latex/mathtools/mathtools.sty
Package: mathtools 2022/06/29 v1.29 mathematical typesetting tools
 (c:/texlive/2023/texmf-dist/tex/latex/tools/calc.sty
Package: calc 2023/07/08 v4.3 Infix arithmetic (KKT,FJ)
\calc@Acount=\count308
\calc@Bcount=\count309
\calc@Adimen=\dimen272
\calc@Bdimen=\dimen273
\calc@Askip=\skip57
\calc@Bskip=\skip58
LaTeX Info: Redefining \setlength on input line 80.
LaTeX Info: Redefining \addtolength on input line 81.
\calc@Ccount=\count310
\calc@Cskip=\skip59
) (c:/texlive/2023/texmf-dist/tex/latex/mathtools/mhsetup.sty
Package: mhsetup 2021/03/18 v1.4 programming setup (MH)
) (c:/texlive/2023/texmf-dist/tex/latex/amsmath/amsmath.sty
Package: amsmath 2023/05/13 v2.17o AMS math features
\@mathmargin=\skip60

For additional information on amsmath, use the `?' option.
(c:/texlive/2023/texmf-dist/tex/latex/amsmath/amstext.sty
Package: amstext 2021/08/26 v2.01 AMS text
 (c:/texlive/2023/texmf-dist/tex/latex/amsmath/amsgen.sty
File: amsgen.sty 1999/11/30 v2.0 generic functions
\@emptytoks=\toks39
\ex@=\dimen274
)) (c:/texlive/2023/texmf-dist/tex/latex/amsmath/amsbsy.sty
Package: amsbsy 1999/11/29 v1.2d Bold Symbols
\pmbraise@=\dimen275
) (c:/texlive/2023/texmf-dist/tex/latex/amsmath/amsopn.sty
Package: amsopn 2022/04/08 v2.04 operator names
)
\inf@bad=\count311
LaTeX Info: Redefining \frac on input line 234.
\uproot@=\count312
\leftroot@=\count313
LaTeX Info: Redefining \overline on input line 399.
LaTeX Info: Redefining \colon on input line 410.
\classnum@=\count314
\DOTSCASE@=\count315
LaTeX Info: Redefining \ldots on input line 496.
LaTeX Info: Redefining \dots on input line 499.
LaTeX Info: Redefining \cdots on input line 620.
\Mathstrutbox@=\box65
\strutbox@=\box66
LaTeX Info: Redefining \big on input line 722.
LaTeX Info: Redefining \Big on input line 723.
LaTeX Info: Redefining \bigg on input line 724.
LaTeX Info: Redefining \Bigg on input line 725.
\big@size=\dimen276
LaTeX Font Info:    Redeclaring font encoding OML on input line 743.
LaTeX Font Info:    Redeclaring font encoding OMS on input line 744.
\macc@depth=\count316
LaTeX Info: Redefining \bmod on input line 905.
LaTeX Info: Redefining \pmod on input line 910.
LaTeX Info: Redefining \smash on input line 940.
LaTeX Info: Redefining \relbar on input line 970.
LaTeX Info: Redefining \Relbar on input line 971.
\c@MaxMatrixCols=\count317
\dotsspace@=\muskip17
\c@parentequation=\count318
\dspbrk@lvl=\count319
\tag@help=\toks40
\row@=\count320
\column@=\count321
\maxfields@=\count322
\andhelp@=\toks41
\eqnshift@=\dimen277
\alignsep@=\dimen278
\tagshift@=\dimen279
\tagwidth@=\dimen280
\totwidth@=\dimen281
\lineht@=\dimen282
\@envbody=\toks42
\multlinegap=\skip61
\multlinetaggap=\skip62
\mathdisplay@stack=\toks43
LaTeX Info: Redefining \[ on input line 2953.
LaTeX Info: Redefining \] on input line 2954.
)
\g_MT_multlinerow_int=\count323
\l_MT_multwidth_dim=\dimen283
\origjot=\skip63
\l_MT_shortvdotswithinadjustabove_dim=\dimen284
\l_MT_shortvdotswithinadjustbelow_dim=\dimen285
\l_MT_above_intertext_sep=\dimen286
\l_MT_below_intertext_sep=\dimen287
\l_MT_above_shortintertext_sep=\dimen288
\l_MT_below_shortintertext_sep=\dimen289
\xmathstrut@box=\box67
\xmathstrut@dim=\dimen290
) (c:/texlive/2023/texmf-dist/tex/latex/amsfonts/amsfonts.sty
Package: amsfonts 2013/01/14 v3.01 Basic AMSFonts support
\symAMSa=\mathgroup4
\symAMSb=\mathgroup5
LaTeX Font Info:    Redeclaring math symbol \hbar on input line 98.
LaTeX Font Info:    Overwriting math alphabet `\mathfrak' in version `bold'
(Font)                  U/euf/m/n --> U/euf/b/n on input line 106.
) (c:/texlive/2023/texmf-dist/tex/latex/amsfonts/amssymb.sty
Package: amssymb 2013/01/14 v3.01 AMS font symbols
) (c:/texlive/2023/texmf-dist/tex/latex/jknapltx/mathrsfs.sty
Package: mathrsfs 1996/01/01 Math RSFS package v1.0 (jk)
\symrsfs=\mathgroup6
) (c:/texlive/2023/texmf-dist/tex/latex/cancel/cancel.sty
Package: cancel 2013/04/12 v2.2 Cancel math terms
) (c:/texlive/2023/texmf-dist/tex/latex/polynom/polynom.sty
Package: polynom 2017/07/17 0.19 (CH,HA)
\pld@currstage=\count324
) (c:/texlive/2023/texmf-dist/tex/latex/units/units.sty
Package: units 1998/08/04 v0.9b Typesetting units
 (c:/texlive/2023/texmf-dist/tex/latex/base/ifthen.sty
Package: ifthen 2022/04/13 v1.1d Standard LaTeX ifthen package (DPC)
) (c:/texlive/2023/texmf-dist/tex/latex/units/nicefrac.sty
Package: nicefrac 1998/08/04 v0.9b Nice fractions
\L@UnitsRaiseDisplaystyle=\skip64
\L@UnitsRaiseTextstyle=\skip65
\L@UnitsRaiseScriptstyle=\skip66
)) (c:/texlive/2023/texmf-dist/tex/latex/pgfplots/pgfplots.sty (c:/texlive/2023/texmf-dist/tex/generic/pgfplots/pgfplots.revision.tex)
Package: pgfplots 2021/05/15 v1.18.1 Data Visualization (1.18.1)
 (c:/texlive/2023/texmf-dist/tex/generic/pgfplots/pgfplots.code.tex (c:/texlive/2023/texmf-dist/tex/generic/pgfplots/pgfplotscore.code.tex
\t@pgfplots@toka=\toks44
\t@pgfplots@tokb=\toks45
\t@pgfplots@tokc=\toks46
\pgfplots@tmpa=\dimen291
\c@pgfplots@coordindex=\count325
\c@pgfplots@scanlineindex=\count326
 (c:/texlive/2023/texmf-dist/tex/generic/pgfplots/sys/pgfplotssysgeneric.code.tex)) (c:/texlive/2023/texmf-dist/tex/generic/pgfplots/libs/pgfplotslibrary.code.tex) (c:/texlive/2023/texmf-dist/tex/generic/pgfplots/oldpgfcompatib/pgfplotsoldpgfsupp_loader.code.tex (c:/texlive/2023/texmf-dist/tex/generic/pgf/libraries/pgflibraryfpu.code.tex)
Package pgfplots: loading complementary utilities for your pgf version...
\t@pgf@toka=\toks47
\t@pgf@tokb=\toks48
\t@pgf@tokc=\toks49
(c:/texlive/2023/texmf-dist/tex/generic/pgfplots/oldpgfcompatib/pgfplotsoldpgfsupp_pgfutil-common-lists.tex)) (c:/texlive/2023/texmf-dist/tex/generic/pgfplots/util/pgfplotsutil.code.tex (c:/texlive/2023/texmf-dist/tex/generic/pgfplots/liststructure/pgfplotsliststructure.code.tex) (c:/texlive/2023/texmf-dist/tex/generic/pgfplots/liststructure/pgfplotsliststructureext.code.tex) (c:/texlive/2023/texmf-dist/tex/generic/pgfplots/liststructure/pgfplotsarray.code.tex
\c@pgfplotsarray@tmp=\count327
) (c:/texlive/2023/texmf-dist/tex/generic/pgfplots/liststructure/pgfplotsmatrix.code.tex) (c:/texlive/2023/texmf-dist/tex/generic/pgfplots/numtable/pgfplotstableshared.code.tex
\c@pgfplotstable@counta=\count328
\t@pgfplotstable@a=\toks50
) (c:/texlive/2023/texmf-dist/tex/generic/pgfplots/liststructure/pgfplotsdeque.code.tex) (c:/texlive/2023/texmf-dist/tex/generic/pgfplots/util/pgfplotsbinary.code.tex (c:/texlive/2023/texmf-dist/tex/generic/pgfplots/util/pgfplotsbinary.data.code.tex)) (c:/texlive/2023/texmf-dist/tex/generic/pgfplots/util/pgfplotsutil.verb.code.tex) (c:/texlive/2023/texmf-dist/tex/generic/pgfplots/libs/pgflibrarypgfplots.surfshading.code.tex
\c@pgfplotslibrarysurf@no=\count329
 (c:/texlive/2023/texmf-dist/tex/generic/pgfplots/sys/pgflibrarypgfplots.surfshading.pgfsys-pdftex.def))) (c:/texlive/2023/texmf-dist/tex/generic/pgfplots/util/pgfplotscolormap.code.tex (c:/texlive/2023/texmf-dist/tex/generic/pgfplots/util/pgfplotscolor.code.tex)) (c:/texlive/2023/texmf-dist/tex/generic/pgfplots/pgfplotsstackedplots.code.tex) (c:/texlive/2023/texmf-dist/tex/generic/pgfplots/pgfplotsplothandlers.code.tex (c:/texlive/2023/texmf-dist/tex/generic/pgfplots/pgfplotsmeshplothandler.code.tex (c:/texlive/2023/texmf-dist/tex/generic/pgfplots/pgfplotsmeshplotimage.code.tex))) (c:/texlive/2023/texmf-dist/tex/generic/pgfplots/pgfplots.scaling.code.tex) (c:/texlive/2023/texmf-dist/tex/generic/pgfplots/pgfplotscoordprocessing.code.tex) (c:/texlive/2023/texmf-dist/tex/generic/pgfplots/pgfplots.errorbars.code.tex) (c:/texlive/2023/texmf-dist/tex/generic/pgfplots/pgfplots.markers.code.tex) (c:/texlive/2023/texmf-dist/tex/generic/pgfplots/pgfplotsticks.code.tex) (c:/texlive/2023/texmf-dist/tex/generic/pgfplots/pgfplots.paths.code.tex) (c:/texlive/2023/texmf-dist/tex/generic/pgf/frontendlayer/tikz/libraries/tikzlibrarydecorations.code.tex (c:/texlive/2023/texmf-dist/tex/generic/pgf/modules/pgfmoduledecorations.code.tex
\pgfdecoratedcompleteddistance=\dimen292
\pgfdecoratedremainingdistance=\dimen293
\pgfdecoratedinputsegmentcompleteddistance=\dimen294
\pgfdecoratedinputsegmentremainingdistance=\dimen295
\pgf@decorate@distancetomove=\dimen296
\pgf@decorate@repeatstate=\count330
\pgfdecorationsegmentamplitude=\dimen297
\pgfdecorationsegmentlength=\dimen298
)
\tikz@lib@dec@box=\box68
) (c:/texlive/2023/texmf-dist/tex/generic/pgf/frontendlayer/tikz/libraries/tikzlibrarydecorations.pathmorphing.code.tex (c:/texlive/2023/texmf-dist/tex/generic/pgf/libraries/decorations/pgflibrarydecorations.pathmorphing.code.tex)) (c:/texlive/2023/texmf-dist/tex/generic/pgf/frontendlayer/tikz/libraries/tikzlibrarydecorations.pathreplacing.code.tex (c:/texlive/2023/texmf-dist/tex/generic/pgf/libraries/decorations/pgflibrarydecorations.pathreplacing.code.tex)) (c:/texlive/2023/texmf-dist/tex/generic/pgfplots/libs/tikzlibrarypgfplots.contourlua.code.tex)
\pgfplots@numplots=\count331
\pgfplots@xmin@reg=\dimen299
\pgfplots@xmax@reg=\dimen300
\pgfplots@ymin@reg=\dimen301
\pgfplots@ymax@reg=\dimen302
\pgfplots@zmin@reg=\dimen303
\pgfplots@zmax@reg=\dimen304
) (c:/texlive/2023/texmf-dist/tex/generic/pgf/frontendlayer/tikz/libraries/tikzlibraryplotmarks.code.tex
File: tikzlibraryplotmarks.code.tex 2023-01-15 v3.1.10 (3.1.10)
 (c:/texlive/2023/texmf-dist/tex/generic/pgf/libraries/pgflibraryplotmarks.code.tex
File: pgflibraryplotmarks.code.tex 2023-01-15 v3.1.10 (3.1.10)
))) (c:/texlive/2023/texmf-dist/tex/latex/tikz-cd/tikz-cd.sty
Package: tikz-cd 2021/05/04 v1.0 Commutative diagrams with TikZ
 (c:/texlive/2023/texmf-dist/tex/generic/tikz-cd/tikzlibrarycd.code.tex (c:/texlive/2023/texmf-dist/tex/generic/pgf/frontendlayer/tikz/libraries/tikzlibrarymatrix.code.tex
File: tikzlibrarymatrix.code.tex 2023-01-15 v3.1.10 (3.1.10)
) (c:/texlive/2023/texmf-dist/tex/generic/pgf/frontendlayer/tikz/libraries/tikzlibraryquotes.code.tex
File: tikzlibraryquotes.code.tex 2023-01-15 v3.1.10 (3.1.10)
) (c:/texlive/2023/texmf-dist/tex/generic/pgf/libraries/pgflibraryarrows.meta.code.tex
File: pgflibraryarrows.meta.code.tex 2023-01-15 v3.1.10 (3.1.10)
\pgfarrowinset=\dimen305
\pgfarrowlength=\dimen306
\pgfarrowwidth=\dimen307
\pgfarrowlinewidth=\dimen308
))) (c:/texlive/2023/texmf-dist/tex/generic/pgf/frontendlayer/tikz/libraries/tikzlibrarycalc.code.tex
File: tikzlibrarycalc.code.tex 2023-01-15 v3.1.10 (3.1.10)
) (c:/texlive/2023/texmf-dist/tex/latex/amscls/amsthm.sty
Package: amsthm 2020/05/29 v2.20.6
\thm@style=\toks51
\thm@bodyfont=\toks52
\thm@headfont=\toks53
\thm@notefont=\toks54
\thm@headpunct=\toks55
\thm@preskip=\skip67
\thm@postskip=\skip68
\thm@headsep=\skip69
\dth@everypar=\toks56
)
\c@teo=\count332
\c@coro=\count333
\c@definicion=\count334
\c@ejercicio=\count335
 (c:/texlive/2023/texmf-dist/tex/latex/fancyhdr/fancyhdr.sty
Package: fancyhdr 2022/11/09 v4.1 Extensive control of page headers and footers
\f@nch@headwidth=\skip70
\f@nch@O@elh=\skip71
\f@nch@O@erh=\skip72
\f@nch@O@olh=\skip73
\f@nch@O@orh=\skip74
\f@nch@O@elf=\skip75
\f@nch@O@erf=\skip76
\f@nch@O@olf=\skip77
\f@nch@O@orf=\skip78
) (c:/texlive/2023/texmf-dist/tex/latex/minted/minted.sty
Package: minted 2023/12/18 v2.9 Yet another Pygments shim for LaTeX
 (c:/texlive/2023/texmf-dist/tex/latex/fvextra/fvextra.sty
Package: fvextra 2023/11/28 v1.6.1 fvextra - extensions and patches for fancyvrb
 (c:/texlive/2023/texmf-dist/tex/latex/fancyvrb/fancyvrb.sty
Package: fancyvrb 2023/11/06 4.5b verbatim text (tvz,hv)
\FV@CodeLineNo=\count336
\FV@InFile=\read5
\FV@TabBox=\box69
\c@FancyVerbLine=\count337
\FV@StepNumber=\count338
\FV@OutFile=\write4
) (c:/texlive/2023/texmf-dist/tex/latex/upquote/upquote.sty
Package: upquote 2012/04/19 v1.3 upright-quote and grave-accent glyphs in verbatim
) (c:/texlive/2023/texmf-dist/tex/latex/lineno/lineno.sty
Package: lineno 2023/05/20 line numbers on paragraphs v5.3
\linenopenalty=\count339
\output=\toks57
\linenoprevgraf=\count340
\linenumbersep=\dimen309
\linenumberwidth=\dimen310
\c@linenumber=\count341
\c@pagewiselinenumber=\count342
\c@LN@truepage=\count343
\c@internallinenumber=\count344
\c@internallinenumbers=\count345
\quotelinenumbersep=\dimen311
\bframerule=\dimen312
\bframesep=\dimen313
\bframebox=\box70
\linenoamsmath@ams@eqpen=\count346
LaTeX Info: Redefining \\ on input line 3180.
)
\c@FancyVerbWriteLine=\count347
\c@FancyVerbBufferIndex=\count348
\c@FancyVerbBufferLength=\count349
\c@FancyVerbBufferLine=\count350
\c@FV@oldbufferlength=\count351
\c@FV@TrueTabGroupLevel=\count352
\c@FV@TrueTabCounter=\count353
\FV@TabBox@Group=\box71
\FV@TmpLength=\skip79
\c@FV@HighlightLinesStart=\count354
\c@FV@HighlightLinesStop=\count355
\FV@LoopCount=\count356
\FV@NCharsBox=\box72
\FV@BreakIndent=\dimen314
\FV@BreakIndentNChars=\count357
\FV@BreakSymbolSepLeft=\dimen315
\FV@BreakSymbolSepLeftNChars=\count358
\FV@BreakSymbolSepRight=\dimen316
\FV@BreakSymbolSepRightNChars=\count359
\FV@BreakSymbolIndentLeft=\dimen317
\FV@BreakSymbolIndentLeftNChars=\count360
\FV@BreakSymbolIndentRight=\dimen318
\FV@BreakSymbolIndentRightNChars=\count361
\c@FancyVerbLineBreakLast=\count362
\FV@LineBox=\box73
\FV@LineIndentBox=\box74
\c@FV@BreakBufferDepth=\count363
\FV@LineWidth=\dimen319
) (c:/texlive/2023/texmf-dist/tex/latex/tools/shellesc.sty
Package: shellesc 2023/07/08 v1.0d unified shell escape interface for LaTeX
Package shellesc Info: Unrestricted shell escape enabled on input line 75.
) (c:/texlive/2023/texmf-dist/tex/latex/ifplatform/ifplatform.sty
Package: ifplatform 2017/10/13 v0.4a Testing for the operating system
 (c:/texlive/2023/texmf-dist/tex/generic/catchfile/catchfile.sty
Package: catchfile 2019/12/09 v1.8 Catch the contents of a file (HO)
 (c:/texlive/2023/texmf-dist/tex/generic/etexcmds/etexcmds.sty
Package: etexcmds 2019/12/15 v1.7 Avoid name clashes with e-TeX commands (HO)
)) (c:/texlive/2023/texmf-dist/tex/generic/iftex/ifluatex.sty
Package: ifluatex 2019/10/25 v1.5 ifluatex legacy package. Use iftex instead.
)) (c:/texlive/2023/texmf-dist/tex/generic/xstring/xstring.sty (c:/texlive/2023/texmf-dist/tex/generic/xstring/xstring.tex
\xs_counta=\count364
\xs_countb=\count365
)
Package: xstring 2023/08/22 v1.86 String manipulations (CT)
) (c:/texlive/2023/texmf-dist/tex/latex/framed/framed.sty
Package: framed 2011/10/22 v 0.96: framed or shaded text with page breaks
\OuterFrameSep=\skip80
\fb@frw=\dimen320
\fb@frh=\dimen321
\FrameRule=\dimen322
\FrameSep=\dimen323
)
\minted@appexistsfile=\read6
\minted@bgbox=\box75
\minted@code=\write5
\c@minted@FancyVerbLineTemp=\count366
\c@minted@pygmentizecounter=\count367
\@float@every@listing=\toks58
\c@listing=\count368
)
runsystem(if not exist _minted-Ejercicios mkdir _minted-Ejercicios)...executed.

 (c:/texlive/2023/texmf-dist/tex/latex/listings/listings.sty
\lst@mode=\count369
\lst@gtempboxa=\box76
\lst@token=\toks59
\lst@length=\count370
\lst@currlwidth=\dimen324
\lst@column=\count371
\lst@pos=\count372
\lst@lostspace=\dimen325
\lst@width=\dimen326
\lst@newlines=\count373
\lst@lineno=\count374
\lst@maxwidth=\dimen327
 (c:/texlive/2023/texmf-dist/tex/latex/listings/lstmisc.sty
File: lstmisc.sty 2023/02/27 1.9 (Carsten Heinz)
\c@lstnumber=\count375
\lst@skipnumbers=\count376
\lst@framebox=\box77
) (c:/texlive/2023/texmf-dist/tex/latex/listings/listings.cfg
File: listings.cfg 2023/02/27 1.9 listings configuration
))
Package: listings 2023/02/27 1.9 (Carsten Heinz)
) (c:/texlive/2023/texmf-dist/tex/latex/extarrows/extarrows.sty
Package: extarrows 2020/03/12 v1.2.0 Some extensible arrows
) (c:/texlive/2023/texmf-dist/tex/latex/oberdiek/stackrel.sty
Package: stackrel 2016/05/16 v1.3 Adding subscript option to stackrel (HO)
)

c:/Users/2004o/Desktop/LosDelDGIIM.github.io/subjects/√Ålgebra I/Ejercicios/Ejercicios.tex:9: LaTeX Error: Command \c@ejercicio already defined.
               Or name \end... illegal, see p.192 of the manual.

See the LaTeX manual or LaTeX Companion for explanation.
Type  H <return>  for immediate help.
 ...                                              
                                                  
l.9 \newcounter{ejercicio}
                          [section] % Define el contador de ejercicio y lo r...
Your command was ignored.
Type  I <command> <return>  to replace it with another command,
or  <return>  to continue without it.


c:/Users/2004o/Desktop/LosDelDGIIM.github.io/subjects/√Ålgebra I/Ejercicios/Ejercicios.tex:11: LaTeX Error: Command \c@ejercicio already defined.
               Or name \end... illegal, see p.192 of the manual.

See the LaTeX manual or LaTeX Companion for explanation.
Type  H <return>  for immediate help.
 ...                                              
                                                  
l.11 \newcounter{ejercicio}
                           
Your command was ignored.
Type  I <command> <return>  to replace it with another command,
or  <return>  to continue without it.

runsystem(for ^%i in (pygmentize.exe pygmentize.bat pygmentize.cmd) do set > Ejercicios.aex <nul: /p x=^%~$PATH:i>> Ejercicios.aex)...executed.

runsystem(del Ejercicios.aex)...executed.

(c:/texlive/2023/texmf-dist/tex/latex/l3backend/l3backend-pdftex.def
File: l3backend-pdftex.def 2023-11-09 L3 backend support: PDF output (pdfTeX)
\l__color_backend_stack_int=\count377
\l__pdf_internal_box=\box78
) (./Ejercicios.aux)
\openout1 = `Ejercicios.aux'.

LaTeX Font Info:    Checking defaults for OML/cmm/m/it on input line 19.
LaTeX Font Info:    ... okay on input line 19.
LaTeX Font Info:    Checking defaults for OMS/cmsy/m/n on input line 19.
LaTeX Font Info:    ... okay on input line 19.
LaTeX Font Info:    Checking defaults for OT1/cmr/m/n on input line 19.
LaTeX Font Info:    ... okay on input line 19.
LaTeX Font Info:    Checking defaults for T1/cmr/m/n on input line 19.
LaTeX Font Info:    ... okay on input line 19.
LaTeX Font Info:    Checking defaults for TS1/cmr/m/n on input line 19.
LaTeX Font Info:    ... okay on input line 19.
LaTeX Font Info:    Checking defaults for OMX/cmex/m/n on input line 19.
LaTeX Font Info:    ... okay on input line 19.
LaTeX Font Info:    Checking defaults for U/cmr/m/n on input line 19.
LaTeX Font Info:    ... okay on input line 19.
LaTeX Font Info:    Checking defaults for PD1/pdf/m/n on input line 19.
LaTeX Font Info:    ... okay on input line 19.
LaTeX Font Info:    Checking defaults for PU/pdf/m/n on input line 19.
LaTeX Font Info:    ... okay on input line 19.
LaTeX Info: Redefining \. on input line 19.
LaTeX Info: Redefining \% on input line 19.

*geometry* driver: auto-detecting
*geometry* detected driver: pdftex
*geometry* verbose mode - [ preamble ] result:
* driver: pdftex
* paper: a4paper
* layout: <same size as paper>
* layoutoffset:(h,v)=(0.0pt,0.0pt)
* modes: 
* h-part:(L,W,R)=(85.35826pt, 426.79135pt, 85.35826pt)
* v-part:(T,H,B)=(85.35826pt, 688.5567pt, 71.13188pt)
* \paperwidth=597.50787pt
* \paperheight=845.04684pt
* \textwidth=426.79135pt
* \textheight=688.5567pt
* \oddsidemargin=13.08827pt
* \evensidemargin=13.08827pt
* \topmargin=-23.91173pt
* \headheight=15.0pt
* \headsep=25.0pt
* \topskip=12.0pt
* \footskip=30.0pt
* \marginparwidth=44.0pt
* \marginparsep=10.0pt
* \columnsep=10.0pt
* \skip\footins=10.8pt plus 4.0pt minus 2.0pt
* \hoffset=0.0pt
* \voffset=0.0pt
* \mag=1000
* \@twocolumnfalse
* \@twosidefalse
* \@mparswitchfalse
* \@reversemarginfalse
* (1in=72.27pt=25.4mm, 1cm=28.453pt)

Package hyperref Info: Link coloring OFF on input line 19.
\@outlinefile=\write6
\openout6 = `Ejercicios.out'.

Package caption Info: Begin \AtBeginDocument code.
Package caption Info: float package is loaded.
Package caption Info: listings package is loaded.
Package caption Info: End \AtBeginDocument code.
(c:/texlive/2023/texmf-dist/tex/context/base/mkii/supp-pdf.mkii
[Loading MPS to PDF converter (version 2006.09.02).]
\scratchcounter=\count378
\scratchdimen=\dimen328
\scratchbox=\box79
\nofMPsegments=\count379
\nofMParguments=\count380
\everyMPshowfont=\toks60
\MPscratchCnt=\count381
\MPscratchDim=\dimen329
\MPnumerator=\count382
\makeMPintoPDFobject=\count383
\everyMPtoPDFconversion=\toks61
) (c:/texlive/2023/texmf-dist/tex/latex/epstopdf-pkg/epstopdf-base.sty
Package: epstopdf-base 2020-01-24 v2.11 Base part for package epstopdf
Package epstopdf-base Info: Redefining graphics rule for `.eps' on input line 485.
 (c:/texlive/2023/texmf-dist/tex/latex/latexconfig/epstopdf-sys.cfg
File: epstopdf-sys.cfg 2010/07/13 v1.3 Configuration of (r)epstopdf for TeX Live
))
Package pgfplots notification 'compat/show suggested version=true': document has been generated with the most recent feature set (\pgfplotsset{compat=1.18}).

(c:/texlive/2023/texmf-dist/tex/latex/base/textcomp.sty
Package: textcomp 2020/02/02 v2.0n Standard LaTeX package
)
\c@lstlisting=\count384
 (../../_assets/portada.tex)
*geometry* verbose mode - [ newgeometry ] result:
* driver: pdftex
* paper: a4paper
* layout: <same size as paper>
* layoutoffset:(h,v)=(0.0pt,0.0pt)
* modes: 
* h-part:(L,W,R)=(0.0pt, 597.50787pt, 0.0pt)
* v-part:(T,H,B)=(0.0pt, 845.04684pt, 0.0pt)
* \paperwidth=597.50787pt
* \paperheight=845.04684pt
* \textwidth=597.50787pt
* \textheight=845.04684pt
* \oddsidemargin=-72.26999pt
* \evensidemargin=-72.26999pt
* \topmargin=-112.26999pt
* \headheight=15.0pt
* \headsep=25.0pt
* \topskip=12.0pt
* \footskip=30.0pt
* \marginparwidth=44.0pt
* \marginparsep=10.0pt
* \columnsep=10.0pt
* \skip\footins=10.8pt plus 4.0pt minus 2.0pt
* \hoffset=0.0pt
* \voffset=0.0pt
* \mag=1000
* \@twocolumnfalse
* \@twosidefalse
* \@mparswitchfalse
* \@reversemarginfalse
* (1in=72.27pt=25.4mm, 1cm=28.453pt)

<../../_assets/ffccA4.jpg, id=7, 1560.83125pt x 2208.25pt>
File: ../../_assets/ffccA4.jpg Graphic file (type jpg)
<use ../../_assets/ffccA4.jpg>
Package pdftex.def Info: ../../_assets/ffccA4.jpg  used on input line 31.
(pdftex.def)             Requested size: 597.50787pt x 845.34364pt.


LaTeX Warning: Float too large for page by 14.7968pt on input line 31.

[1{c:/texlive/2023/texmf-var/fonts/map/pdftex/updmap/pdftex.map} <../../_assets/ffccA4.jpg>]
<../../_assets/Licencia.png, id=18, 97.0827pt x 33.9669pt>
File: ../../_assets/Licencia.png Graphic file (type png)
<use ../../_assets/Licencia.png>
Package pdftex.def Info: ../../_assets/Licencia.png  used on input line 31.
(pdftex.def)             Requested size: 162.65338pt x 56.9055pt.

Underfull \hbox (badness 3612) in paragraph at lines 31--31
\OT1/cmr/m/n/12 Atri-bu-ci^^Son-NoComercial-SinDerivadas 4.0 In-ter-na-cio-nal
 []


Underfull \hbox (badness 10000) in paragraph at lines 31--31

 []

LaTeX Font Info:    Trying to load font information for U+msa on input line 31.
(c:/texlive/2023/texmf-dist/tex/latex/amsfonts/umsa.fd
File: umsa.fd 2013/01/14 v3.01 AMS symbols A
)
LaTeX Font Info:    Trying to load font information for U+msb on input line 31.
 (c:/texlive/2023/texmf-dist/tex/latex/amsfonts/umsb.fd
File: umsb.fd 2013/01/14 v3.01 AMS symbols B
)
LaTeX Font Info:    Trying to load font information for U+rsfs on input line 31.
 (c:/texlive/2023/texmf-dist/tex/latex/jknapltx/ursfs.fd
File: ursfs.fd 1998/03/24 rsfs font definition file (jk)
) [2



 <../../_assets/Licencia.png>]
No file Ejercicios.toc.
\tf@toc=\write7
\openout7 = `Ejercicios.toc'.

[3] (./Relacion1.tex
LaTeX Font Info:    Trying to load font information for OT1+ on input line 63.
LaTeX Font Info:    No file OT1.fd. on input line 63.


LaTeX Font Warning: Font shape `OT1//m/n' undefined
(Font)              using `OT1/cmr/m/n' instead on input line 63.

[4]
LaTeX Info: Redefining \. on input line 115.
LaTeX Info: Redefining \% on input line 115.
 [5]
LaTeX Info: Redefining \. on input line 171.
LaTeX Info: Redefining \% on input line 171.
 [6]
LaTeX Info: Redefining \. on input line 232.
LaTeX Info: Redefining \% on input line 232.
 [7]
LaTeX Info: Redefining \. on input line 278.
LaTeX Info: Redefining \% on input line 278.
 [8]
LaTeX Info: Redefining \. on input line 312.
LaTeX Info: Redefining \% on input line 312.
 [9])
\openout2 = `Relacion2.aux'.

 (./Relacion2.tex
pdfTeX warning (ext4): destination with the same identifier (name{ejercicio.1.1}) has been already used, duplicate ignored
<to be read again> 
                   \relax 
l.4     D
         ar ejemplos de relaciones binarias en un conjunto que verifiquen un...
pdfTeX warning (ext4): destination with the same identifier (name{ejercicio.1.2}) has been already used, duplicate ignored
<to be read again> 
                   \relax 
l.8     S
         ea $\mathbb{N} = \{0,1,2, \ldots\}$ el conjunto de los n≈Ñumeros na...
pdfTeX warning (ext4): destination with the same identifier (name{ejercicio.1.3}) has been already used, duplicate ignored
<to be read again> 
                   \relax 
l.16     S
          ea $f:S\to T$ una aplicaci√≥n.
pdfTeX warning (ext4): destination with the same identifier (name{ejercicio.1.4}) has been already used, duplicate ignored
<to be read again> 
                   \relax 
l.24     S
          ea $Y\subseteq X$ un subconjunto. Sea $f:\mathcal{P}(X)\to \mathca...
pdfTeX warning (ext4): destination with the same identifier (name{ejercicio.1.5}) has been already used, duplicate ignored
<to be read again> 
                   \relax 
l.33     S
          ea $R$ una relaci√≥n de equivalencia sobre un conjunto $S$. La apl...
pdfTeX warning (ext4): destination with the same identifier (name{ejercicio.1.6}) has been already used, duplicate ignored
<to be read again> 
                   \relax 
l.37     U
          n subconjunto $P\subseteq \mathcal{P}(S)$ es llamado una \textbf{p...
pdfTeX warning (ext4): destination with the same identifier (name{ejercicio.1.7}) has been already used, duplicate ignored
<to be read again> 
                   \relax 
l.49     S
          ea $X=\{ 1,2,3 \}$. Calcular todas las particiones de $X$.
pdfTeX warning (ext4): destination with the same identifier (name{ejercicio.1.8}) has been already used, duplicate ignored
<to be read again> 
                   \relax 
l.53     S
          ea $X=\{ 0,1,2,3 \}$, $Y=\{ a,b,c \}$ y $f:X\to Y$ la aplicaci√≥n ...
pdfTeX warning (ext4): destination with the same identifier (name{ejercicio.1.9}) has been already used, duplicate ignored
<to be read again> 
                   \relax 
l.65     S
          ea $X$ un conjunto e $Y\subseteq X$ un subconjunto suyo. En el con...
LaTeX Info: Redefining \. on input line 70.
LaTeX Info: Redefining \% on input line 70.
 [10

]
pdfTeX warning (ext4): destination with the same identifier (name{ejercicio.1.10}) has been already used, duplicate ignored
<to be read again> 
                   \relax 
l.73     S
          ea $X$ un conjunto e $Y\in \mathcal{P}(X)$. Definimos la aplicaci√...
LaTeX Info: Redefining \. on input line 77.
LaTeX Info: Redefining \% on input line 77.
 [11])
\openout2 = `Relacion3.aux'.

 (./Relacion3.tex
pdfTeX warning (ext4): destination with the same identifier (name{ejercicio.1.1}) has been already used, duplicate ignored
<to be read again> 
                   \relax 
l.4     \
         
pdfTeX warning (ext4): destination with the same identifier (name{ejercicio.1.2}) has been already used, duplicate ignored
<to be read again> 
                   \relax 
l.17     E
          n el conjunto $\mathbb{Z}$ definimos las operaciones de suma $\opl...
pdfTeX warning (ext4): destination with the same identifier (name{ejercicio.1.3}) has been already used, duplicate ignored
<to be read again> 
                   \relax 
l.26     \begin{gather*}
                        
pdfTeX warning (ext4): destination with the same identifier (name{ejercicio.1.4}) has been already used, duplicate ignored
<to be read again> 
                   \relax 
l.34     C
          alcula el cociente y el resto de dividir.
pdfTeX warning (ext4): destination with the same identifier (name{ejercicio.1.5}) has been already used, duplicate ignored
<to be read again> 
                   \relax 
l.44     E
          scribir las tablas de sumar y multiplicar de los anillos $\mathbb{...
pdfTeX warning (ext4): destination with the same identifier (name{ejercicio.1.6}) has been already used, duplicate ignored
<to be read again> 
                   \relax 
l.48     S
          ea $R:\mathbb{Z}\to \mathbb{Z}_n$ la aplicaci√≥n que asigna a cada...
pdfTeX warning (ext4): destination with the same identifier (name{ejercicio.1.7}) has been already used, duplicate ignored
<to be read again> 
                   \relax 
l.58     E
          fectuar los siguientes c√°lculos en el anillo $\mathbb{Z}\left[\sq...
pdfTeX warning (ext4): destination with the same identifier (name{ejercicio.1.8}) has been already used, duplicate ignored
<to be read again> 
                   \relax 
l.65     ¬ø
           Cu√°les de los siguientes son subanillos de los anillos indicados?
LaTeX Info: Redefining \. on input line 69.
LaTeX Info: Redefining \% on input line 69.
 [12



]
pdfTeX warning (ext4): destination with the same identifier (name{ejercicio.1.9}) has been already used, duplicate ignored
<to be read again> 
                   \relax 
l.73     D
          eterminar las unidades del anillo definido por el conjunto $\mathb...
pdfTeX warning (ext4): destination with the same identifier (name{ejercicio.1.10}) has been already used, duplicate ignored
<to be read again> 
                   \relax 
l.80     E
          ncontrar todas las unidades de los anillos $\mathbb{Z}_6, \mathbb{...
pdfTeX warning (ext4): destination with the same identifier (name{ejercicio.1.11}) has been already used, duplicate ignored
<to be read again> 
                   \relax 
l.84     ¬ø
           Cu√°les de los siguientes son subanillos de los anillos indicados?
pdfTeX warning (ext4): destination with the same identifier (name{ejercicio.1.12}) has been already used, duplicate ignored
<to be read again> 
                   \relax 
l.92     E
          fectuar las siguientes operaciones en el anillo $\mathbb{Z}_5[x]$:
pdfTeX warning (ext4): destination with the same identifier (name{ejercicio.1.13}) has been already used, duplicate ignored
<to be read again> 
                   \relax 
l.102     S
           i $p(X)\in \mathbb{Z}_5[x]$ es cualquiera de los cuatro polinomio...
pdfTeX warning (ext4): destination with the same identifier (name{ejercicio.1.14}) has been already used, duplicate ignored
<to be read again> 
                   \relax 
l.106     E
           j conjunto $\mathbb{R}^2$ es un anillo con las operaciones:
pdfTeX warning (ext4): destination with the same identifier (name{ejercicio.1.15}) has been already used, duplicate ignored
<to be read again> 
                   \relax 
l.114     S
           ea $A$ un anillo conmutativo y $u\in A$ una unidad del anillo. De...
pdfTeX warning (ext4): destination with the same identifier (name{ejercicio.1.16}) has been already used, duplicate ignored
<to be read again> 
                   \relax 
l.118     D
           ado un anillo $A$, demostrar que existe un √∫nico homomorfismo de...
pdfTeX warning (ext4): destination with the same identifier (name{ejercicio.1.17}) has been already used, duplicate ignored
<to be read again> 
                   \relax 
l.122     P
           ara un anillo $A$, se define la \textbf{caracter√≠stica} de $A$ c...
pdfTeX warning (ext4): destination with the same identifier (name{ejercicio.1.18}) has been already used, duplicate ignored
<to be read again> 
                   \relax 
l.128     D
           ados dos n√∫meros naturales, $n, m\geq 2$, dar condiciones par qu...
LaTeX Info: Redefining \. on input line 132.
LaTeX Info: Redefining \% on input line 132.
 [13])
\openout2 = `Relacion4.aux'.

 (./Relacion4.tex
pdfTeX warning (ext4): destination with the same identifier (name{ejercicio.1.1}) has been already used, duplicate ignored
<to be read again> 
                   \relax 
l.4     A
         rgumenta si los siguientes anillos son, o no, Dominios de Integridad:
pdfTeX warning (ext4): destination with the same identifier (name{ejercicio.1.2}) has been already used, duplicate ignored
<to be read again> 
                   \relax 
l.11     ¬ø
           Es el anillo definido por el conjunto $\mathbb{Z}\times \mathbb{Z...
pdfTeX warning (ext4): destination with the same identifier (name{ejercicio.1.3}) has been already used, duplicate ignored
<to be read again> 
                   \relax 
l.19     ¬ø
           Es el anillo definido por el conjunto $\mathbb{Z}$ de los n√∫mero...
pdfTeX warning (ext4): destination with the same identifier (name{ejercicio.1.4}) has been already used, duplicate ignored
<to be read again> 
                   \relax 
l.27     D
          emuestra que un Dominio de Integridad finito es un cuerpo.
pdfTeX warning (ext4): destination with the same identifier (name{ejercicio.1.5}) has been already used, duplicate ignored
<to be read again> 
                   \relax 
l.31     S
          ea $n\in \mathbb{Z}$ un entero no cuadrado en $\mathbb{Z}$. Demues...
pdfTeX warning (ext4): destination with the same identifier (name{ejercicio.1.6}) has been already used, duplicate ignored
<to be read again> 
                   \relax 
l.35     S
          e define el cuerpo $\mathbb{Q}(x)$ como el cuerpo de fracciones de...
pdfTeX warning (ext4): destination with the same identifier (name{ejercicio.1.7}) has been already used, duplicate ignored
<to be read again> 
                   \relax 
l.42     S
          ea $A=\{ \frac{m}{2^k} \in \mathbb{Q} \mid m \in \mathbb{Z} \land ...
pdfTeX warning (ext4): destination with the same identifier (name{ejercicio.1.8}) has been already used, duplicate ignored
<to be read again> 
                   \relax 
l.51     S
          ea $A$ un DI y consideremos en $A$ la relaci√≥n binaria $\sim$ de ...
pdfTeX warning (ext4): destination with the same identifier (name{ejercicio.1.9}) has been already used, duplicate ignored
<to be read again> 
                   \relax 
l.59     P
          ara $n$ un n√∫mero natural, calcular $\text{mcd}(n,n^2)$, $\text{m...
pdfTeX warning (ext4): destination with the same identifier (name{ejercicio.1.10}) has been already used, duplicate ignored
<to be read again> 
                   \relax 
l.63     ¬ø
           Podremos rellenar con precisi√≥n un dep√≥sito de 5388033 litros u...
pdfTeX warning (ext4): destination with the same identifier (name{ejercicio.1.11}) has been already used, duplicate ignored
<to be read again> 
                   \relax 
l.67     D
          eterminar, si existe, un polinomio $p(x)\in \mathbb{Q}[x]$ tal que:
pdfTeX warning (ext4): destination with the same identifier (name{ejercicio.1.12}) has been already used, duplicate ignored
<to be read again> 
                   \relax 
l.74     C
          alcular el cociente y el resto de dividir, en el anillo $\mathbb{Q...
LaTeX Info: Redefining \. on input line 78.
LaTeX Info: Redefining \% on input line 78.
 [14



]
pdfTeX warning (ext4): destination with the same identifier (name{ejercicio.1.13}) has been already used, duplicate ignored
<to be read again> 
                   \relax 
l.82     D
          eterminar, si existe, un polinomio $p(x)\in \mathbb{Z}_3[x]$ tal que
pdfTeX warning (ext4): destination with the same identifier (name{ejercicio.1.14}) has been already used, duplicate ignored
<to be read again> 
                   \relax 
l.89     E
          n el anillo $\mathbb{Z}[i]$, calcular cociente y resto de dividir ...
pdfTeX warning (ext4): destination with the same identifier (name{ejercicio.1.15}) has been already used, duplicate ignored
<to be read again> 
                   \relax 
l.93     ¬ø
           Es $2+5\sqrt{3}$ un divisor de $39-9\sqrt{3}$ en el anillo $\math...
pdfTeX warning (ext4): destination with the same identifier (name{ejercicio.1.16}) has been already used, duplicate ignored
<to be read again> 
                   \relax 
l.97     R
          esolver en $\mathbb{Z}$ las ecuaciones diof√°nticas
pdfTeX warning (ext4): destination with the same identifier (name{ejercicio.1.17}) has been already used, duplicate ignored
<to be read again> 
                   \relax 
l.104     `
           `Cuarenta y seis n√°ufragos cansados arribaron a una bella isla. ...
pdfTeX warning (ext4): destination with the same identifier (name{ejercicio.1.18}) has been already used, duplicate ignored
<to be read again> 
                   \relax 
l.108     D
           isponemos de 15 euros para comprar 40 sellos de correso, de 10, 4...
pdfTeX warning (ext4): destination with the same identifier (name{ejercicio.1.19}) has been already used, duplicate ignored
<to be read again> 
                   \relax 
l.112     E
           n una torre el√©ctrica se nos ha roto una pata de 4 m de altura. ...
pdfTeX warning (ext4): destination with the same identifier (name{ejercicio.1.20}) has been already used, duplicate ignored
<to be read again> 
                   \relax 
l.122     C
           alcular el m√°ximo com√∫n divisor y el m√≠nimo com√∫n m√∫ltiplo, ...
pdfTeX warning (ext4): destination with the same identifier (name{ejercicio.1.21}) has been already used, duplicate ignored
<to be read again> 
                   \relax 
l.129     E
           n el anillo $\mathbb{Z}\left[\sqrt{2}\right]$, calcular
LaTeX Info: Redefining \. on input line 154.
LaTeX Info: Redefining \% on input line 154.
 [15])
\openout2 = `Relacion5.aux'.

 (./Relacion5.tex
pdfTeX warning (ext4): destination with the same identifier (name{ejercicio.1.1}) has been already used, duplicate ignored
<to be read again> 
                   \relax 
l.3     D
         emostrad
pdfTeX warning (ext4): destination with the same identifier (name{ejercicio.1.2}) has been already used, duplicate ignored
<to be read again> 
                   \relax 
l.14     S
          ean $a,b\in \mathbb{Z}$. Demostrad que si $3\mid (a^2 + b^2)$ ento...
pdfTeX warning (ext4): destination with the same identifier (name{ejercicio.1.3}) has been already used, duplicate ignored
<to be read again> 
                   \relax 
l.18     D
          emostrad las reglas del 2, 3, 5 y 11 para la divisi√≥n.
pdfTeX warning (ext4): destination with the same identifier (name{ejercicio.1.4}) has been already used, duplicate ignored
<to be read again> 
                   \relax 
l.22     D
          iscutir y resolver el sistema de congruencias
pdfTeX warning (ext4): destination with the same identifier (name{ejercicio.1.5}) has been already used, duplicate ignored
<to be read again> 
                   \relax 
l.32     C
          alculad la menor soluci√≥n positiva del sistema de congruencias
pdfTeX warning (ext4): destination with the same identifier (name{ejercicio.1.6}) has been already used, duplicate ignored
<to be read again> 
                   \relax 
l.43     U
          na banda de 13 piratas se repartir $N$ monedas de oro, pero le sob...
pdfTeX warning (ext4): destination with the same identifier (name{ejercicio.1.7}) has been already used, duplicate ignored
<to be read again> 
                   \relax 
l.47     E
          n el anillo $\mathbb{Z}\left[\sqrt{3}\right]$, resolved la congrue...
pdfTeX warning (ext4): destination with the same identifier (name{ejercicio.1.8}) has been already used, duplicate ignored
<to be read again> 
                   \relax 
l.54     E
          n el anillo $\mathbb{Z}[i]$, resolved el siguiente sistema de cong...
pdfTeX warning (ext4): destination with the same identifier (name{ejercicio.1.9}) has been already used, duplicate ignored
<to be read again> 
                   \relax 
l.65     D
          eterminad todos los polinomios $f(x)\in \mathbb{Z}_5[x]$ tales que
pdfTeX warning (ext4): destination with the same identifier (name{ejercicio.1.10}) has been already used, duplicate ignored
<to be read again> 
                   \relax 
l.72     D
          eterminad los polinomios $f(x)\in \mathbb{Q}[x]$ de grado menor o ...
pdfTeX warning (ext4): destination with the same identifier (name{ejercicio.1.11}) has been already used, duplicate ignored
<to be read again> 
                   \relax 
l.82     P
          robad el Teorema de Ruffini:\newline
pdfTeX warning (ext4): destination with the same identifier (name{ejercicio.1.12}) has been already used, duplicate ignored
<to be read again> 
                   \relax 
l.87     E
          ncontrad un polinomio $f(x)\in \mathbb{Q}[x]$ de grado 3 tal que:
pdfTeX warning (ext4): destination with the same identifier (name{ejercicio.1.13}) has been already used, duplicate ignored
<to be read again> 
                   \relax 
l.94     D
          eterminad todos los polinomios $f(x)\in \mathbb{Z}_2[x]$ de grado ...
LaTeX Info: Redefining \. on input line 96.
LaTeX Info: Redefining \% on input line 96.
 [16



]
pdfTeX warning (ext4): destination with the same identifier (name{ejercicio.1.14}) has been already used, duplicate ignored
<to be read again> 
                   \relax 
l.103     C
           alculad el resto de dividir $279^{323}$ entre 17.
pdfTeX warning (ext4): destination with the same identifier (name{ejercicio.1.15}) has been already used, duplicate ignored
<to be read again> 
                   \relax 
l.107     C
           alculad las dos √∫ltimas cifras de $3^{3^{100}}$.
pdfTeX warning (ext4): destination with the same identifier (name{ejercicio.1.16}) has been already used, duplicate ignored
<to be read again> 
                   \relax 
l.111     R
           esolved, si es posible, la congruencia $43^{51}x\equiv 2\mod(36)$
pdfTeX warning (ext4): destination with the same identifier (name{ejercicio.1.17}) has been already used, duplicate ignored
<to be read again> 
                   \relax 
l.115     E
           studiad si $5^{10077}$ es una unidad en $\mathbb{Z}_{38808}$. Cal...
pdfTeX warning (ext4): destination with the same identifier (name{ejercicio.1.18}) has been already used, duplicate ignored
<to be read again> 
                   \relax 
l.119     R
           esuelve las ecuaciones siguientes.
pdfTeX warning (ext4): destination with the same identifier (name{ejercicio.1.19}) has been already used, duplicate ignored
<to be read again> 
                   \relax 
l.130     D
           etermina los inversos (si existen) de
pdfTeX warning (ext4): destination with the same identifier (name{ejercicio.1.20}) has been already used, duplicate ignored
<to be read again> 
                   \relax 
l.140     D
           etermina cu√°ntas unidades tienen los anillos
pdfTeX warning (ext4): destination with the same identifier (name{ejercicio.1.21}) has been already used, duplicate ignored
<to be read again> 
                   \relax 
l.150     D
           etermina si la igualdad $a=b$ es cierta en los siguientes casos:
LaTeX Info: Redefining \. on input line 156.
LaTeX Info: Redefining \% on input line 156.
 [17]
pdfTeX warning (ext4): destination with the same identifier (name{ejercicio.1.22}) has been already used, duplicate ignored
<to be read again> 
                   \relax 
l.160     S
           ea $K$ un cuerpo. Dado un polinomio $f\in K[x]$ cuyo grado es 2 √...
pdfTeX warning (ext4): destination with the same identifier (name{ejercicio.1.23}) has been already used, duplicate ignored
<to be read again> 
                   \relax 
l.164     S
           ea $I$ el ideal principal de $\mathbb{Z}_3[x]$ generado por $x^2+...
pdfTeX warning (ext4): destination with the same identifier (name{ejercicio.1.24}) has been already used, duplicate ignored
<to be read again> 
                   \relax 
l.168     D
           eterminar los inversos (si existen) de
LaTeX Info: Redefining \. on input line 202.
LaTeX Info: Redefining \% on input line 202.
 [18])
\openout2 = `Relacion6.aux'.

 (./Relacion6.tex
pdfTeX warning (ext4): destination with the same identifier (name{ejercicio.1.1}) has been already used, duplicate ignored
<to be read again> 
                   \relax 
l.4     E
         studiar la irreducibilidad de los siguientes polinomios de $\mathbb...
pdfTeX warning (ext4): destination with the same identifier (name{ejercicio.1.2}) has been already used, duplicate ignored
<to be read again> 
                   \relax 
l.22     E
          n el anillo $\mathbb{Z}[i]$, factorizar $-300$ como producto de un...
pdfTeX warning (ext4): destination with the same identifier (name{ejercicio.1.3}) has been already used, duplicate ignored
<to be read again> 
                   \relax 
l.26     E
          n el anillo $\mathbb{Z}[i]$, factorizar $66+12i$ como producto de ...
pdfTeX warning (ext4): destination with the same identifier (name{ejercicio.1.4}) has been already used, duplicate ignored
<to be read again> 
                   \relax 
l.30     E
          n el anillo $\mathbb{Z}\left[\sqrt{2}\right]$, factorizar $8+14\sq...
pdfTeX warning (ext4): destination with the same identifier (name{ejercicio.1.5}) has been already used, duplicate ignored
<to be read again> 
                   \relax 
l.34     E
          n $\mathbb{Z}\left[\sqrt{3}\right]$, factoriza $6+2\sqrt{3}$ como ...)
LaTeX Info: Redefining \. on input line 42.
LaTeX Info: Redefining \% on input line 42.
 [19



] (./Cuestionario1.tex [20


]
pdfTeX warning (ext4): destination with the same identifier (name{ejercicio.2.1}) has been already used, duplicate ignored
<to be read again> 
                   \relax 
l.52     S
          i $A$ es un conjunto finito arbitrario, la afirmaci√≥n ``$|P(A)| >...
Underfull \hbox (badness 10000) in paragraph at lines 59--63

 []


pdfTeX warning (ext4): destination with the same identifier (name{ejercicio.2.2}) has been already used, duplicate ignored
<to be read again> 
                   \relax 
l.71     S
          i $A$, $B$, $C$ son conjuntos cualesquira con $B$ y $C$ disjuntos,...
pdfTeX warning (ext4): destination with the same identifier (name{ejercicio.2.3}) has been already used, duplicate ignored
<to be read again> 
                   \relax 
l.86     S
          i $A$ y $B$ son subconjuntos de un conjunto, la afirmaci√≥n \newli...
LaTeX Info: Redefining \. on input line 107.
LaTeX Info: Redefining \% on input line 107.
 [21]
pdfTeX warning (ext4): destination with the same identifier (name{ejercicio.2.4}) has been already used, duplicate ignored
<to be read again> 
                   \relax 
l.109     S
           ean $P$ y $Q$ las propiedades referidas a los elementos de un con...
pdfTeX warning (ext4): destination with the same identifier (name{ejercicio.2.5}) has been already used, duplicate ignored
<to be read again> 
                   \relax 
l.132     S
           ean $P$, $Q$ y $R$ propiedades referidas a los elementos de un co...
LaTeX Info: Redefining \. on input line 146.
LaTeX Info: Redefining \% on input line 146.
 [22])
\openout2 = `Cuestionario2.aux'.

 (./Cuestionario2.tex
pdfTeX warning (ext4): destination with the same identifier (name{ejercicio.2.1}) has been already used, duplicate ignored
<to be read again> 
                   \relax 
l.3     S
         ean $X$ e $Y$ dos conjuntos finitos con $|X| = |Y|$ y $f:X \rightar...
pdfTeX warning (ext4): destination with the same identifier (name{ejercicio.2.2}) has been already used, duplicate ignored
<to be read again> 
                   \relax 
l.12     S
          ea $f:X \rightarrow Y$ una aplicaci√≥n inyectiva y sean $A, B \sub...
pdfTeX warning (ext4): destination with the same identifier (name{ejercicio.2.3}) has been already used, duplicate ignored
<to be read again> 
                   \relax 
l.21     S
          ea $f:X \rightarrow X$ una aplicaci√≥n tal que $f_{*}(c(A)) = c(f_...
pdfTeX warning (ext4): destination with the same identifier (name{ejercicio.2.4}) has been already used, duplicate ignored
<to be read again> 
                   \relax 
l.30 S
      ea $X$ un conjunto con $|X|\geq 2$. La afirmaci√≥n ``Todo subconjunto ...
pdfTeX warning (ext4): destination with the same identifier (name{ejercicio.2.5}) has been already used, duplicate ignored
<to be read again> 
                   \relax 
l.39     S
          ea $R$ una relaci√≥n sim√©trica y transitiva en un conjunto $X \ne...
LaTeX Info: Redefining \. on input line 47.
LaTeX Info: Redefining \% on input line 47.
 [23

]
pdfTeX warning (ext4): destination with the same identifier (name{ejercicio.2.1}) has been already used, duplicate ignored
<to be read again> 
                   \relax 
l.52     S
          ean $X$ e $Y$ dos conjuntos finitos con $|X| = |Y|$ y $f:X \righta...
pdfTeX warning (ext4): destination with the same identifier (name{ejercicio.2.2}) has been already used, duplicate ignored
<to be read again> 
                   \relax 
l.66     S
          ea $f:X \rightarrow Y$ una aplicaci√≥n inyectiva y sean $A, B \sub...
pdfTeX warning (ext4): destination with the same identifier (name{ejercicio.2.3}) has been already used, duplicate ignored
<to be read again> 
                   \relax 
l.104     S
           ea $f:X \rightarrow X$ una aplicaci√≥n tal que $f_{*}(c(A)) = c(f...
LaTeX Info: Redefining \. on input line 117.
LaTeX Info: Redefining \% on input line 117.
 [24]
pdfTeX warning (ext4): destination with the same identifier (name{ejercicio.2.4}) has been already used, duplicate ignored
<to be read again> 
                   \relax 
l.127 S
       ea $X$ un conjunto con $|X|\geq 2$. La afirmaci√≥n ``Todo subconjunto...
pdfTeX warning (ext4): destination with the same identifier (name{ejercicio.2.5}) has been already used, duplicate ignored
<to be read again> 
                   \relax 
l.143     S
           ea $R$ una relaci√≥n sim√©trica y transitiva en un conjunto $X \n...
Underfull \hbox (badness 10000) in paragraph at lines 150--153

 []

LaTeX Info: Redefining \. on input line 170.
LaTeX Info: Redefining \% on input line 170.
[25]
LaTeX Info: Redefining \. on input line 175.
LaTeX Info: Redefining \% on input line 175.
 [26])
\openout2 = `Cuestionario3.aux'.

 (./Cuestionario3.tex
pdfTeX warning (ext4): destination with the same identifier (name{ejercicio.2.1}) has been already used, duplicate ignored
<to be read again> 
                   \relax 
l.3     S
         ea $X$ un conjunto no vac√≠o. Definimos en $\mathcal{P}(X)$ operaci...
pdfTeX warning (ext4): destination with the same identifier (name{ejercicio.2.2}) has been already used, duplicate ignored
<to be read again> 
                   \relax 
l.12     P
          ara enteros $m$ y $n$ tales que $2 \leq m < n$, la afirmaci√≥n ``$...
pdfTeX warning (ext4): destination with the same identifier (name{ejercicio.2.3}) has been already used, duplicate ignored
<to be read again> 
                   \relax 
l.21     E
          n el anillo $\bb{Z}_8$ (seleccion la afirmaci√≥n verdadera).
pdfTeX warning (ext4): destination with the same identifier (name{ejercicio.2.4}) has been already used, duplicate ignored
<to be read again> 
                   \relax 
l.30     E
          n el anillo $\bb{Z}[\sqrt{3}]$, la afirmaci√≥n ``${(7+4\sqrt{3})}^...
pdfTeX warning (ext4): destination with the same identifier (name{ejercicio.2.5}) has been already used, duplicate ignored
<to be read again> 
                   \relax 
l.39     S
          ea $A \subseteq \bb{R}$ un subanillo. La afirmaci√≥n ``$\bb{Z}$ es...
LaTeX Info: Redefining \. on input line 47.
LaTeX Info: Redefining \% on input line 47.
 [27



]
pdfTeX warning (ext4): destination with the same identifier (name{ejercicio.2.1}) has been already used, duplicate ignored
<to be read again> 
                   \relax 
l.52     S
          ea $X$ un conjunto no vac√≠o. Definimos en $\mathcal{P}(X)$ operac...
Overfull \hbox (1.54607pt too wide) detected at line 97
\OML/cmm/m/it/12 A \OMS/cmsy/m/n/12 ^^A \OT1//m/n/12 (\OML/cmm/m/it/12 B \OT1//m/n/12 + \OML/cmm/m/it/12 C\OT1//m/n/12 ) = \OML/cmm/m/it/12 A \OMS/cmsy/m/n/12 \ \OT1//m/n/12 (\OML/cmm/m/it/12 B \OMS/cmsy/m/n/12 [ \OML/cmm/m/it/12 C\OT1//m/n/12 ) = (\OML/cmm/m/it/12 A \OMS/cmsy/m/n/12 \ \OML/cmm/m/it/12 B\OT1//m/n/12 ) \OMS/cmsy/m/n/12 [ \OT1//m/n/12 (\OML/cmm/m/it/12 A \OMS/cmsy/m/n/12 \ \OML/cmm/m/it/12 C\OT1//m/n/12 ) = (\OML/cmm/m/it/12 A \OMS/cmsy/m/n/12 ^^A \OML/cmm/m/it/12 B\OT1//m/n/12 ) + (\OML/cmm/m/it/12 A \OMS/cmsy/m/n/12 ^^A \OML/cmm/m/it/12 C\OT1//m/n/12 ) \OMS/cmsy/m/n/12 8\OML/cmm/m/it/12 A; B; C \OMS/cmsy/m/n/12 2 P\OT1//m/n/12 (\OML/cmm/m/it/12 X\OT1//m/n/12 )
 []


pdfTeX warning (ext4): destination with the same identifier (name{ejercicio.2.2}) has been already used, duplicate ignored
<to be read again> 
                   \relax 
l.102     P
           ara enteros $m$ y $n$ tales que $2 \leq m < n$, la afirmaci√≥n ``...
pdfTeX warning (ext4): destination with the same identifier (name{ejercicio.2.3}) has been already used, duplicate ignored
<to be read again> 
                   \relax 
l.116     E
           n el anillo $\bb{Z}_8$ (seleccion la afirmaci√≥n verdadera).
LaTeX Info: Redefining \. on input line 119.
LaTeX Info: Redefining \% on input line 119.
 [28]
pdfTeX warning (ext4): destination with the same identifier (name{ejercicio.2.4}) has been already used, duplicate ignored
<to be read again> 
                   \relax 
l.130     E
           n el anillo $\bb{Z}[\sqrt{3}]$, la afirmaci√≥n ``${(7+4\sqrt{3})}...
pdfTeX warning (ext4): destination with the same identifier (name{ejercicio.2.5}) has been already used, duplicate ignored
<to be read again> 
                   \relax 
l.147     S
           ea $A \subseteq \bb{R}$ un subanillo. La afirmaci√≥n ``$\bb{Z}$ e...
Underfull \hbox (badness 10000) in paragraph at lines 167--170

 []

LaTeX Info: Redefining \. on input line 175.
LaTeX Info: Redefining \% on input line 175.
[29])
\openout2 = `Cuestionario4.aux'.

 (./Cuestionario4.tex
pdfTeX warning (ext4): destination with the same identifier (name{ejercicio.2.1}) has been already used, duplicate ignored
<to be read again> 
                   \relax 
l.3     E
         n el anillo $\bb{Z}_{10}$, la afirmaci√≥n ``$3^{4k+3} = -3$, para c...
pdfTeX warning (ext4): destination with the same identifier (name{ejercicio.2.2}) has been already used, duplicate ignored
<to be read again> 
                   \relax 
l.12     E
          n el anillo $\bb{Z}_n[x]$, la afirmaci√≥n ``la suma reiterada $n$ ...
pdfTeX warning (ext4): destination with the same identifier (name{ejercicio.2.3}) has been already used, duplicate ignored
<to be read again> 
                   \relax 
l.21     U
          n subanillo $A$ de un anillo $B$ se dice propio si $A \subsetneq B...
pdfTeX warning (ext4): destination with the same identifier (name{ejercicio.2.4}) has been already used, duplicate ignored
<to be read again> 
                   \relax 
l.30     H
          omomorifismos $\phi : \bb{Z}_2 \rightarrow \bb{Z}$,
pdfTeX warning (ext4): destination with the same identifier (name{ejercicio.2.5}) has been already used, duplicate ignored
<to be read again> 
                   \relax 
l.39     S
          ea $A$ un anillo comutativo, la afirmaci√≥n ``Para cualesquiera in...
LaTeX Info: Redefining \. on input line 47.
LaTeX Info: Redefining \% on input line 47.
 [30



]
pdfTeX warning (ext4): destination with the same identifier (name{ejercicio.2.1}) has been already used, duplicate ignored
<to be read again> 
                   \relax 
l.52     E
          n el anillo $\bb{Z}_{10}$, la afirmaci√≥n ``$3^{4k+3} = -3$, para ...
pdfTeX warning (ext4): destination with the same identifier (name{ejercicio.2.2}) has been already used, duplicate ignored
<to be read again> 
                   \relax 
l.67     E
          n el anillo $\bb{Z}_n[x]$, la afirmaci√≥n ``la suma reiterada $n$ ...
pdfTeX warning (ext4): destination with the same identifier (name{ejercicio.2.3}) has been already used, duplicate ignored
<to be read again> 
                   \relax 
l.83     U
          n subanillo $A$ de un anillo $B$ se dice propio si $A \subsetneq B...
pdfTeX warning (ext4): destination with the same identifier (name{ejercicio.2.4}) has been already used, duplicate ignored
<to be read again> 
                   \relax 
l.96     H
          omomorifismos $\phi : \bb{Z}_2 \rightarrow \bb{Z}$,
pdfTeX warning (ext4): destination with the same identifier (name{ejercicio.2.5}) has been already used, duplicate ignored
<to be read again> 
                   \relax 
l.113     S
           ea $A$ un anillo comutativo, la afirmaci√≥n ``Para cualesquiera i...
LaTeX Info: Redefining \. on input line 118.
LaTeX Info: Redefining \% on input line 118.
 [31]
LaTeX Info: Redefining \. on input line 129.
LaTeX Info: Redefining \% on input line 129.
 [32])
\openout2 = `Cuestionario5.aux'.

 (./Cuestionario5.tex
pdfTeX warning (ext4): destination with the same identifier (name{ejercicio.2.1}) has been already used, duplicate ignored
<to be read again> 
                   \relax 
l.4     E
         n relaci√≥n con los anillos $\bb{Z}_6$ y $\bb{Z} \times \bb{Z}$, se...
pdfTeX warning (ext4): destination with the same identifier (name{ejercicio.2.2}) has been already used, duplicate ignored
<to be read again> 
                   \relax 
l.13     E
          n relaci√≥n a las siguientes proposiciones, referidas a los elemen...
pdfTeX warning (ext4): destination with the same identifier (name{ejercicio.2.3}) has been already used, duplicate ignored
<to be read again> 
                   \relax 
l.27     P
          olinomios de grado uno que son unidades en el anillo de polinomios...
pdfTeX warning (ext4): destination with the same identifier (name{ejercicio.2.4}) has been already used, duplicate ignored
<to be read again> 
                   \relax 
l.36     E
          n el anillo $\bb{Z}[i]$:
pdfTeX warning (ext4): destination with the same identifier (name{ejercicio.2.5}) has been already used, duplicate ignored
<to be read again> 
                   \relax 
l.45     E
          n el anillo $\bb{Z}[i]$:
LaTeX Info: Redefining \. on input line 53.
LaTeX Info: Redefining \% on input line 53.
 [33



]
pdfTeX warning (ext4): destination with the same identifier (name{ejercicio.2.1}) has been already used, duplicate ignored
<to be read again> 
                   \relax 
l.58     E
          n relaci√≥n con los anillos $\bb{Z}_6$ y $\bb{Z} \times \bb{Z}$, s...
pdfTeX warning (ext4): destination with the same identifier (name{ejercicio.2.2}) has been already used, duplicate ignored
<to be read again> 
                   \relax 
l.74     E
          n relaci√≥n a las siguientes proposiciones, referidas a los elemen...
pdfTeX warning (ext4): destination with the same identifier (name{ejercicio.2.3}) has been already used, duplicate ignored
<to be read again> 
                   \relax 
l.95     P
          olinomios de grado uno que son unidades en el anillo de polinomios...
LaTeX Info: Redefining \. on input line 130.
LaTeX Info: Redefining \% on input line 130.
 [34]
pdfTeX warning (ext4): destination with the same identifier (name{ejercicio.2.4}) has been already used, duplicate ignored
<to be read again> 
                   \relax 
l.140     E
           n el anillo $\bb{Z}[i]$:
pdfTeX warning (ext4): destination with the same identifier (name{ejercicio.2.5}) has been already used, duplicate ignored
<to be read again> 
                   \relax 
l.170     E
           n el anillo $\bb{Z}[i]$:
LaTeX Info: Redefining \. on input line 189.
LaTeX Info: Redefining \% on input line 189.
 [35]
LaTeX Info: Redefining \. on input line 192.
LaTeX Info: Redefining \% on input line 192.
 [36])
\openout2 = `Cuestionario6.aux'.

 (./Cuestionario6.tex
pdfTeX warning (ext4): destination with the same identifier (name{ejercicio.2.1}) has been already used, duplicate ignored
<to be read again> 
                   \relax 
l.4     E
         n relaci√≥n a las siguientes proposiciones, referidas a elementos c...
pdfTeX warning (ext4): destination with the same identifier (name{ejercicio.2.2}) has been already used, duplicate ignored
<to be read again> 
                   \relax 
l.13     E
          ntre los siguientes DE, selecciona aquellos en los que el m√°ximo ...
pdfTeX warning (ext4): destination with the same identifier (name{ejercicio.2.3}) has been already used, duplicate ignored
<to be read again> 
                   \relax 
l.22     E
          n un DE, tenemos la ecuaci√≥n diof√°ntica $px+by=1$, donde $p$ es ...
pdfTeX warning (ext4): destination with the same identifier (name{ejercicio.2.4}) has been already used, duplicate ignored
<to be read again> 
                   \relax 
l.31     E
          n un DE, tenemos la ecuaci√≥n diof√°ntica $px+qy=c$, donde $p$ y $...
pdfTeX warning (ext4): destination with the same identifier (name{ejercicio.2.5}) has been already used, duplicate ignored
<to be read again> 
                   \relax 
l.40     E
          ntre las siguientes proposiciones, referidas a un DE, selecciona l...
LaTeX Info: Redefining \. on input line 48.
LaTeX Info: Redefining \% on input line 48.
 [37



]
pdfTeX warning (ext4): destination with the same identifier (name{ejercicio.2.1}) has been already used, duplicate ignored
<to be read again> 
                   \relax 
l.53     E
          n relaci√≥n a las siguientes proposiciones, referidas a elementos ...
pdfTeX warning (ext4): destination with the same identifier (name{ejercicio.2.2}) has been already used, duplicate ignored
<to be read again> 
                   \relax 
l.73     E
          ntre los siguientes DE, selecciona aquellos en los que el m√°ximo ...
pdfTeX warning (ext4): destination with the same identifier (name{ejercicio.2.3}) has been already used, duplicate ignored
<to be read again> 
                   \relax 
l.94     E
          n un DE, tenemos la ecuaci√≥n diof√°ntica $px+by=1$, donde $p$ es ...
pdfTeX warning (ext4): destination with the same identifier (name{ejercicio.2.4}) has been already used, duplicate ignored
<to be read again> 
                   \relax 
l.111     E
           n un DE, tenemos la ecuaci√≥n diof√°ntica $px+qy=c$, donde $p$ y ...
LaTeX Info: Redefining \. on input line 113.
LaTeX Info: Redefining \% on input line 113.
 [38]
pdfTeX warning (ext4): destination with the same identifier (name{ejercicio.2.5}) has been already used, duplicate ignored
<to be read again> 
                   \relax 
l.124     E
           ntre las siguientes proposiciones, referidas a un DE, selecciona ...
Overfull \hbox (11.96922pt too wide) in paragraph at lines 128--130
[]$[]$
 []

LaTeX Info: Redefining \. on input line 152.
LaTeX Info: Redefining \% on input line 152.
[39])
\openout2 = `Cuestionario7.aux'.

 (./Cuestionario7.tex
pdfTeX warning (ext4): destination with the same identifier (name{ejercicio.2.1}) has been already used, duplicate ignored
<to be read again> 
                   \relax 
l.4     E
         n relaci√≥n a las siguientes proposiciones sobre elementos de un DE...
pdfTeX warning (ext4): destination with the same identifier (name{ejercicio.2.2}) has been already used, duplicate ignored
<to be read again> 
                   \relax 
l.13     E
          ntre las siguientes ecuaciones en congruencias, selecciona las que...
pdfTeX warning (ext4): destination with the same identifier (name{ejercicio.2.3}) has been already used, duplicate ignored
<to be read again> 
                   \relax 
l.22     E
          ntre las siguientes afirmaciones relativas a ecuaciones en el anil...
pdfTeX warning (ext4): destination with the same identifier (name{ejercicio.2.4}) has been already used, duplicate ignored
<to be read again> 
                   \relax 
l.31     E
          ntre las siguientes proposiciones, selecciona las verdaderas.
pdfTeX warning (ext4): destination with the same identifier (name{ejercicio.2.5}) has been already used, duplicate ignored
<to be read again> 
                   \relax 
l.40     S
          ea $p$ un n√∫mero primo y consid√©rese la congruencia $ax\equiv 1\...
LaTeX Info: Redefining \. on input line 48.
LaTeX Info: Redefining \% on input line 48.
 [40



]
pdfTeX warning (ext4): destination with the same identifier (name{ejercicio.2.1}) has been already used, duplicate ignored
<to be read again> 
                   \relax 
l.53     E
          n relaci√≥n a las siguientes proposiciones sobre elementos de un D...
pdfTeX warning (ext4): destination with the same identifier (name{ejercicio.2.2}) has been already used, duplicate ignored
<to be read again> 
                   \relax 
l.94     E
          ntre las siguientes ecuaciones en congruencias, selecciona las que...
LaTeX Info: Redefining \. on input line 121.
LaTeX Info: Redefining \% on input line 121.
 [41]
pdfTeX warning (ext4): destination with the same identifier (name{ejercicio.2.3}) has been already used, duplicate ignored
<to be read again> 
                   \relax 
l.136     E
           ntre las siguientes afirmaciones relativas a ecuaciones en el ani...
LaTeX Info: Redefining \. on input line 189.
LaTeX Info: Redefining \% on input line 189.
 [42]
pdfTeX warning (ext4): destination with the same identifier (name{ejercicio.2.4}) has been already used, duplicate ignored
<to be read again> 
                   \relax 
l.205     E
           ntre las siguientes proposiciones, selecciona las verdaderas.
LaTeX Info: Redefining \. on input line 237.
LaTeX Info: Redefining \% on input line 237.
 [43]
pdfTeX warning (ext4): destination with the same identifier (name{ejercicio.2.5}) has been already used, duplicate ignored
<to be read again> 
                   \relax 
l.239     S
           ea $p$ un n√∫mero primo y consid√©rese la congruencia $ax\equiv 1...
Overfull \hbox (1.60269pt too wide) detected at line 251
[]
 []

LaTeX Info: Redefining \. on input line 256.
LaTeX Info: Redefining \% on input line 256.
[44])
\openout2 = `Cuestionario8.aux'.

 (./Cuestionario8.tex
pdfTeX warning (ext4): destination with the same identifier (name{ejercicio.2.1}) has been already used, duplicate ignored
<to be read again> 
                   \relax 
l.4     E
         n el anillo $\mathbb{Z}[i]$, selecciona las afirmaciones verdaderas:
pdfTeX warning (ext4): destination with the same identifier (name{ejercicio.2.2}) has been already used, duplicate ignored
<to be read again> 
                   \relax 
l.13     E
          ntre las siguientes afirmaciones, selecciona las afirmaciones verd...
pdfTeX warning (ext4): destination with the same identifier (name{ejercicio.2.3}) has been already used, duplicate ignored
<to be read again> 
                   \relax 
l.22     E
          ntre las siguientes afirmaciones, selecciona las correctas.
pdfTeX warning (ext4): destination with the same identifier (name{ejercicio.2.4}) has been already used, duplicate ignored
<to be read again> 
                   \relax 
l.31     E
          ntre las siguientes afirmaciones relativas a un polinomio $f\in \m...
pdfTeX warning (ext4): destination with the same identifier (name{ejercicio.2.5}) has been already used, duplicate ignored
<to be read again> 
                   \relax 
l.40     E
          ntre las siguientes afirmaciones relativas a un polinomo m√≥nimo $...
LaTeX Info: Redefining \. on input line 48.
LaTeX Info: Redefining \% on input line 48.
 [45



]
pdfTeX warning (ext4): destination with the same identifier (name{ejercicio.2.1}) has been already used, duplicate ignored
<to be read again> 
                   \relax 
l.53     E
          n el anillo $\mathbb{Z}[i]$, selecciona las afirmaciones verdaderas:
pdfTeX warning (ext4): destination with the same identifier (name{ejercicio.2.2}) has been already used, duplicate ignored
<to be read again> 
                   \relax 
l.80     E
          ntre las siguientes afirmaciones, selecciona las afirmaciones verd...
pdfTeX warning (ext4): destination with the same identifier (name{ejercicio.2.3}) has been already used, duplicate ignored
<to be read again> 
                   \relax 
l.108     E
           ntre las siguientes afirmaciones, selecciona las correctas.
LaTeX Info: Redefining \. on input line 111.
LaTeX Info: Redefining \% on input line 111.
 [46]
pdfTeX warning (ext4): destination with the same identifier (name{ejercicio.2.4}) has been already used, duplicate ignored
<to be read again> 
                   \relax 
l.138     E
           ntre las siguientes afirmaciones relativas a un polinomio $f\in \...
Overfull \hbox (35.8483pt too wide) in paragraph at lines 141--142
[]$[]$ 
 []

LaTeX Info: Redefining \. on input line 162.
LaTeX Info: Redefining \% on input line 162.
[47]
pdfTeX warning (ext4): destination with the same identifier (name{ejercicio.2.5}) has been already used, duplicate ignored
<to be read again> 
                   \relax 
l.166     E
           ntre las siguientes afirmaciones relativas a un polinomo m√≥nimo ...
LaTeX Info: Redefining \. on input line 187.
LaTeX Info: Redefining \% on input line 187.
 [48])

Package transparent Warning: Rerun to get transparencies right.

(./Ejercicios.aux
LaTeX Info: Redefining \. on input line 14.
LaTeX Info: Redefining \% on input line 14.
 (./Relacion2.aux) (./Relacion3.aux) (./Relacion4.aux) (./Relacion5.aux) (./Relacion6.aux) (./Cuestionario2.aux) (./Cuestionario3.aux) (./Cuestionario4.aux) (./Cuestionario5.aux) (./Cuestionario6.aux) (./Cuestionario7.aux) (./Cuestionario8.aux))
 ***********
LaTeX2e <2023-11-01>
L3 programming layer <2023-12-11>
 ***********


LaTeX Font Warning: Some font shapes were not available, defaults substituted.


LaTeX Warning: Label(s) may have changed. Rerun to get cross-references right.


Package rerunfilecheck Warning: File `Ejercicios.out' has changed.
(rerunfilecheck)                Rerun to get outlines right
(rerunfilecheck)                or use package `bookmark'.

Package rerunfilecheck Info: Checksums for `Ejercicios.out':
(rerunfilecheck)             Before: <no file>
(rerunfilecheck)             After:  2165EFD75E81266DE0C943774A4A0A62;2077.
 ) 
Here is how much of TeX's memory you used:
 41619 strings out of 474175
 940441 string characters out of 5749697
 1948460 words of memory out of 5000000
 63050 multiletter control sequences out of 15000+600000
 567855 words of font info for 74 fonts, out of 8000000 for 9000
 1141 hyphenation exceptions out of 8191
 89i,16n,100p,862b,910s stack positions out of 10000i,1000n,20000p,200000b,200000s
<c:/texlive/2023/texmf-dist/fonts/type1/public/amsfonts/cm/cmbx12.pfb><c:/texlive/2023/texmf-dist/fonts/type1/public/amsfonts/cm/cmex10.pfb><c:/texlive/2023/texmf-dist/fonts/type1/public/amsfonts/cm/cmmi12.pfb><c:/texlive/2023/texmf-dist/fonts/type1/public/amsfonts/cm/cmmi6.pfb><c:/texlive/2023/texmf-dist/fonts/type1/public/amsfonts/cm/cmmi8.pfb><c:/texlive/2023/texmf-dist/fonts/type1/public/amsfonts/cm/cmr12.pfb><c:/texlive/2023/texmf-dist/fonts/type1/public/amsfonts/cm/cmr17.pfb><c:/texlive/2023/texmf-dist/fonts/type1/public/amsfonts/cm/cmr6.pfb><c:/texlive/2023/texmf-dist/fonts/type1/public/amsfonts/cm/cmr8.pfb><c:/texlive/2023/texmf-dist/fonts/type1/public/amsfonts/cm/cmss12.pfb><c:/texlive/2023/texmf-dist/fonts/type1/public/amsfonts/cm/cmssbx10.pfb><c:/texlive/2023/texmf-dist/fonts/type1/public/amsfonts/cm/cmsy10.pfb><c:/texlive/2023/texmf-dist/fonts/type1/public/amsfonts/cm/cmsy6.pfb><c:/texlive/2023/texmf-dist/fonts/type1/public/amsfonts/cm/cmsy8.pfb><c:/texlive/2023/texmf-dist/fonts/type1/public/amsfonts/cm/cmti12.pfb><c:/texlive/2023/texmf-dist/fonts/type1/public/amsfonts/cm/cmtt10.pfb><c:/texlive/2023/texmf-dist/fonts/type1/public/amsfonts/cm/cmtt12.pfb><c:/texlive/2023/texmf-dist/fonts/type1/public/amsfonts/latxfont/line10.pfb><c:/texlive/2023/texmf-dist/fonts/type1/public/amsfonts/symbols/msam10.pfb><c:/texlive/2023/texmf-dist/fonts/type1/public/amsfonts/symbols/msbm10.pfb>
Output written on Ejercicios.pdf (48 pages, 815220 bytes).
PDF statistics:
 442 PDF objects out of 1000 (max. 8388607)
 345 compressed objects within 4 object streams
 137 named destinations out of 1000 (max. 500000)
 23 words of extra memory for PDF output out of 10000 (max. 10000000)

