

*******************************************************************************
Thu May 23 18:50:32 2024


FIT:    data read from datos1
        format = z
        #datapoints = 19
        residuals are weighted equally (unit weight)

function used for fitting: f(x)
	f(x) = a*x + b
fitted parameters initialized with current variable values

iter      chisq       delta/lim  lambda   a             b            
   0 3.7765836878e+16   0.00e+00  8.09e+00    1.000000e+00   1.000000e+00
   4 2.1335887785e+16  -5.69e-04  8.09e-04    4.472040e+06  -2.844893e+07

After 4 iterations the fit converged.
final sum of squares of residuals : 2.13359e+16
rel. change during last iteration : -5.68741e-09

degrees of freedom    (FIT_NDF)                        : 17
rms of residuals      (FIT_STDFIT) = sqrt(WSSR/ndf)    : 3.54267e+07
variance of residuals (reduced chisquare) = WSSR/ndf   : 1.25505e+15

Final set of parameters            Asymptotic Standard Error
=======================            ==========================
a               = 4.47204e+06      +/- 1.484e+06    (33.18%)
b               = -2.84489e+07     +/- 1.692e+07    (59.47%)

correlation matrix of the fit parameters:
                a      b      
a               1.000 
b              -0.877  1.000 


*******************************************************************************
Thu May 23 18:50:32 2024


FIT:    data read from datos1
        format = z
        #datapoints = 19
        residuals are weighted equally (unit weight)

function used for fitting: f(x)
	f(x)=a*x*x + b*x + c
fitted parameters initialized with current variable values

iter      chisq       delta/lim  lambda   a             b             c            
   0 3.5017358536e+18   0.00e+00  4.82e+08    4.472040e+06  -2.844893e+07   1.000000e+00
   4 1.2559139062e+16  -9.71e-06  4.82e+04    5.929973e+05  -6.383223e+06   1.000249e+00

After 4 iterations the fit converged.
final sum of squares of residuals : 1.25591e+16
rel. change during last iteration : -9.70845e-11

degrees of freedom    (FIT_NDF)                        : 16
rms of residuals      (FIT_STDFIT) = sqrt(WSSR/ndf)    : 2.80169e+07
variance of residuals (reduced chisquare) = WSSR/ndf   : 7.84946e+14

Final set of parameters            Asymptotic Standard Error
=======================            ==========================
a               = 592997           +/- 2.405e+05    (40.56%)
b               = -6.38322e+06     +/- 4.952e+06    (77.58%)
c               = 1.00025          +/- 2.151e+07    (2.15e+09%)

correlation matrix of the fit parameters:
                a      b      c      
a               1.000 
b              -0.972  1.000 
c               0.783 -0.890  1.000 


*******************************************************************************
Thu May 23 18:50:32 2024


FIT:    data read from datos1
        format = z
        #datapoints = 19
        residuals are weighted equally (unit weight)

function used for fitting: f(x)
	f(x)=a*x*x*x + b*x*x + c*x + d
fitted parameters initialized with current variable values

iter      chisq       delta/lim  lambda   a             b             c             d            
   0 6.5021672358e+18   0.00e+00  1.00e+09    5.929973e+05  -6.383223e+06   1.000249e+00   1.000000e+00
   4 7.4433981210e+15  -1.14e-04  1.00e+05    5.205002e+04  -6.614286e+05   1.000481e+00   1.000064e+00

After 4 iterations the fit converged.
final sum of squares of residuals : 7.4434e+15
rel. change during last iteration : -1.13741e-09

degrees of freedom    (FIT_NDF)                        : 15
rms of residuals      (FIT_STDFIT) = sqrt(WSSR/ndf)    : 2.22761e+07
variance of residuals (reduced chisquare) = WSSR/ndf   : 4.96227e+14

Final set of parameters            Asymptotic Standard Error
=======================            ==========================
a               = 52050            +/- 4.021e+04    (77.24%)
b               = -661429          +/- 1.221e+06    (184.6%)
c               = 1.00048          +/- 1.065e+07    (1.065e+09%)
d               = 1.00006          +/- 2.525e+07    (2.525e+09%)

correlation matrix of the fit parameters:
                a      b      c      d      
a               1.000 
b              -0.988  1.000 
c               0.929 -0.974  1.000 
d              -0.736  0.810 -0.906  1.000 


*******************************************************************************
Thu May 23 18:50:32 2024


FIT:    data read from datos1
        format = z
        #datapoints = 19
        residuals are weighted equally (unit weight)

function used for fitting: f(x)
	f(x)=a*x*x*x*x + b*x*x*x + c*x*x + d*x + e
fitted parameters initialized with current variable values

iter      chisq       delta/lim  lambda   a             b             c             d             e            
   0 8.5312175639e+18   0.00e+00  1.41e+09    5.205002e+04  -6.614286e+05   1.000481e+00   1.000064e+00   1.000000e+00
   4 4.6146415030e+15  -1.05e-03  1.41e+05    3.725974e+03  -5.105172e+04   1.001220e+00   1.000235e+00   1.000028e+00

After 4 iterations the fit converged.
final sum of squares of residuals : 4.61464e+15
rel. change during last iteration : -1.05092e-08

degrees of freedom    (FIT_NDF)                        : 14
rms of residuals      (FIT_STDFIT) = sqrt(WSSR/ndf)    : 1.81554e+07
variance of residuals (reduced chisquare) = WSSR/ndf   : 3.29617e+14

Final set of parameters            Asymptotic Standard Error
=======================            ==========================
a               = 3725.97          +/- 7001         (187.9%)
b               = -51051.7         +/- 2.82e+05     (552.3%)
c               = 1.00122          +/- 3.798e+06    (3.794e+08%)
d               = 1.00023          +/- 1.936e+07    (1.935e+09%)
e               = 1.00003          +/- 2.958e+07    (2.958e+09%)

correlation matrix of the fit parameters:
                a      b      c      d      e      
a               1.000 
b              -0.993  1.000 
c               0.965 -0.989  1.000 
d              -0.894  0.936 -0.977  1.000 
e               0.718 -0.773  0.841 -0.925  1.000 


*******************************************************************************
Thu May 23 18:50:32 2024


FIT:    data read from datos1
        format = z
        #datapoints = 19
        residuals are weighted equally (unit weight)

function used for fitting: f(x)
	f(x)=a*x*x*x*x*x + b*x*x*x*x + c*x*x*x + d*x*x + e*x + f
fitted parameters initialized with current variable values

iter      chisq       delta/lim  lambda   a             b             c             d             e             f            
   0 9.7727033555e+18   0.00e+00  1.65e+09    3.725974e+03  -5.105172e+04   1.001220e+00   1.000235e+00   1.000028e+00   1.000000e+00
   4 3.0761201659e+15  -7.88e-03  1.65e+05    2.371542e+02  -3.378399e+03   1.005287e+00   1.001094e+00   1.000155e+00   1.000016e+00

After 4 iterations the fit converged.
final sum of squares of residuals : 3.07612e+15
rel. change during last iteration : -7.87972e-08

degrees of freedom    (FIT_NDF)                        : 13
rms of residuals      (FIT_STDFIT) = sqrt(WSSR/ndf)    : 1.53826e+07
variance of residuals (reduced chisquare) = WSSR/ndf   : 2.36625e+14

Final set of parameters            Asymptotic Standard Error
=======================            ==========================
a               = 237.154          +/- 1288         (543.1%)
b               = -3378.4          +/- 6.467e+04    (1914%)
c               = 1.00529          +/- 1.186e+06    (1.179e+08%)
d               = 1.00109          +/- 9.634e+06    (9.623e+08%)
e               = 1.00015          +/- 3.314e+07    (3.313e+09%)
f               = 1.00002          +/- 3.616e+07    (3.616e+09%)

correlation matrix of the fit parameters:
                a      b      c      d      e      f      
a               1.000 
b              -0.996  1.000 
c               0.979 -0.994  1.000 
d              -0.943  0.968 -0.990  1.000 
e               0.869 -0.906  0.944 -0.981  1.000 
f              -0.721  0.763 -0.814  0.874 -0.944  1.000 


*******************************************************************************
Thu May 23 18:50:32 2024


FIT:    data read from datos1
        format = z
        #datapoints = 19
        residuals are weighted equally (unit weight)

function used for fitting: f(x)
	f(x)=a*x*x*x*x*x*x + b*x*x*x*x*x + c*x*x*x*x + d*x*x*x + e*x*x + f*x +g
fitted parameters initialized with current variable values

iter      chisq       delta/lim  lambda   a             b             c             d             e             f             g            
   0 1.0506283864e+19   0.00e+00  1.75e+09    2.371542e+02  -3.378399e+03   1.005287e+00   1.001094e+00   1.000155e+00   1.000016e+00   1.000000e+00
   4 2.2535891063e+15  -2.67e-01  1.75e+05    1.395923e+01  -2.028195e+02   1.035519e+00   1.007091e+00   1.000975e+00   1.000113e+00   1.000011e+00

After 4 iterations the fit converged.
final sum of squares of residuals : 2.25359e+15
rel. change during last iteration : -2.66596e-06

degrees of freedom    (FIT_NDF)                        : 12
rms of residuals      (FIT_STDFIT) = sqrt(WSSR/ndf)    : 1.3704e+07
variance of residuals (reduced chisquare) = WSSR/ndf   : 1.87799e+14

Final set of parameters            Asymptotic Standard Error
=======================            ==========================
a               = 13.9592          +/- 253.7        (1817%)
b               = -202.82          +/- 1.527e+04    (7527%)
c               = 1.03552          +/- 3.549e+05    (3.428e+07%)
d               = 1.00709          +/- 4.003e+06    (3.975e+08%)
e               = 1.00098          +/- 2.245e+07    (2.242e+09%)
f               = 1.00011          +/- 5.683e+07    (5.682e+09%)
g               = 1.00001          +/- 4.758e+07    (4.758e+09%)

correlation matrix of the fit parameters:
                a      b      c      d      e      f      g      
a               1.000 
b              -0.997  1.000 
c               0.987 -0.996  1.000 
d              -0.965  0.981 -0.994  1.000 
e               0.924 -0.948  0.972 -0.991  1.000 
f              -0.854  0.886 -0.920  0.954 -0.984  1.000 
g               0.736 -0.770  0.810 -0.855  0.906 -0.961  1.000 


*******************************************************************************
Thu May 23 18:50:32 2024


FIT:    data read from datos1
        format = z
        #datapoints = 19
        residuals are weighted equally (unit weight)

function used for fitting: f(x)
	f(x)=a*x*x*x*x*x*x*x + b*x*x*x*x*x*x + c*x*x*x*x*x + d*x*x*x*x + e*x*x*x + f*x*x + g*x +h
fitted parameters initialized with current variable values

iter      chisq       delta/lim  lambda   a             b             c             d             e             f             g             h            
   0 1.0929358763e+19   0.00e+00  1.75e+09    1.395923e+01  -2.028195e+02   1.035519e+00   1.007091e+00   1.000975e+00   1.000113e+00   1.000011e+00   1.000000e+00
  14 1.2804285142e+15  -5.73e-08  1.75e-05    5.106060e+01  -3.331809e+03   8.756792e+04  -1.178347e+06   8.552640e+06  -3.238362e+07   5.649646e+07  -3.271800e+07

After 14 iterations the fit converged.
final sum of squares of residuals : 1.28043e+15
rel. change during last iteration : -5.72855e-13

degrees of freedom    (FIT_NDF)                        : 11
rms of residuals      (FIT_STDFIT) = sqrt(WSSR/ndf)    : 1.0789e+07
variance of residuals (reduced chisquare) = WSSR/ndf   : 1.16403e+14

Final set of parameters            Asymptotic Standard Error
=======================            ==========================
a               = 51.0606          +/- 45.12        (88.36%)
b               = -3331.81         +/- 3165         (94.98%)
c               = 87567.9          +/- 8.924e+04    (101.9%)
d               = -1.17835e+06     +/- 1.294e+06    (109.8%)
e               = 8.55264e+06      +/- 1.022e+07    (119.5%)
f               = -3.23836e+07     +/- 4.283e+07    (132.3%)
g               = 5.64965e+07      +/- 8.472e+07    (150%)
h               = -3.2718e+07      +/- 5.747e+07    (175.6%)

correlation matrix of the fit parameters:
                a      b      c      d      e      f      g      h      
a               1.000 
b              -0.998  1.000 
c               0.991 -0.997  1.000 
d              -0.976  0.988 -0.996  1.000 
e               0.951 -0.968  0.983 -0.995  1.000 
f              -0.911  0.933 -0.955  0.976 -0.993  1.000 
g               0.849 -0.876  0.904 -0.934  0.963 -0.988  1.000 
h              -0.758  0.787 -0.819  0.855 -0.893  0.935 -0.975  1.000 


*******************************************************************************
Thu May 23 18:50:32 2024


FIT:    data read from datos1
        format = z
        #datapoints = 19
        residuals are weighted equally (unit weight)

function used for fitting: f(x)
	f(x)=a*x*x*x*x*x*x*x*x + b*x*x*x*x*x*x*x + c*x*x*x*x*x*x + d*x*x*x*x*x*x + e*x*x*x*x + f*x*x*x + g*x*x + h*x + i
fitted parameters initialized with current variable values

iter      chisq       delta/lim  lambda   a             b             c             d             e             f             g             h             i            
   0 5.5184940984e+27   0.00e+00  6.04e+12    5.106060e+01  -3.331809e+03   8.756792e+04  -1.178347e+06   8.552640e+06  -3.238362e+07   5.649646e+07  -3.271800e+07   1.000000e+00
   9 1.2557279747e+15  -3.07e-04  6.04e+03    1.544488e+00  -7.871787e+01   9.447240e+04  -9.323289e+04  -1.899882e+05   1.916796e+06  -7.080693e+06   8.291797e+06   9.995970e-01

After 9 iterations the fit converged.
final sum of squares of residuals : 1.25573e+15
rel. change during last iteration : -3.0742e-09

degrees of freedom    (FIT_NDF)                        : 10
rms of residuals      (FIT_STDFIT) = sqrt(WSSR/ndf)    : 1.12059e+07
variance of residuals (reduced chisquare) = WSSR/ndf   : 1.25573e+14

Final set of parameters            Asymptotic Standard Error
=======================            ==========================
a               = 1.54449          +/- 2.285        (147.9%)
b               = -78.7179         +/- 128.1        (162.8%)
c               = 94472.4          +/- 9.767e+11    (1.034e+09%)
d               = -93232.9         +/- 9.767e+11    (1.048e+09%)
e               = -189988          +/- 4.532e+05    (238.6%)
f               = 1.9168e+06       +/- 5.714e+06    (298.1%)
g               = -7.08069e+06     +/- 2.989e+07    (422.2%)
h               = 8.2918e+06       +/- 6.756e+07    (814.8%)
i               = 0.999597         +/- 5.015e+07    (5.017e+09%)

correlation matrix of the fit parameters:
                a      b      c      d      e      f      g      h      i      
a               1.000 
b              -0.999  1.000 
c               0.511 -0.491  1.000 
d              -0.511  0.491 -1.000  1.000 
e              -0.964  0.977 -0.413  0.413  1.000 
f               0.934 -0.951  0.379 -0.379 -0.995  1.000 
g              -0.888  0.909 -0.341  0.341  0.975 -0.992  1.000 
h               0.820 -0.844  0.299 -0.299 -0.930  0.960 -0.987  1.000 
i              -0.718  0.743 -0.250  0.250  0.840 -0.881  0.925 -0.970  1.000 


*******************************************************************************
Thu May 23 18:50:32 2024


FIT:    data read from datos1
        format = z
        #datapoints = 19
        residuals are weighted equally (unit weight)

function used for fitting: f(x)
	f(x)=a*x*x*x*x*x*x*x*x*x + b*x*x*x*x*x*x*x*x + c*x*x*x*x*x*x*x + d*x*x*x*x*x*x + e*x*x*x*x*x + f*x*x*x*x + g*x*x*x + h*x*x + i*x + j
fitted parameters initialized with current variable values

iter      chisq       delta/lim  lambda   a             b             c             d             e             f             g             h             i             j            
   0 1.1333654351e+28   0.00e+00  8.30e+12    1.544488e+00  -7.871787e+01   9.447240e+04  -9.323289e+04  -1.899882e+05   1.916796e+06  -7.080693e+06   8.291797e+06   9.995970e-01   1.000000e+00
  10 8.4521583470e+14  -2.22e-04  8.30e+02    1.626644e+00  -1.276619e+02   4.118475e+03  -7.025392e+04   6.779335e+05  -3.656065e+06   1.003745e+07  -1.057394e+07   1.031570e+00   1.053090e+00

After 10 iterations the fit converged.
final sum of squares of residuals : 8.45216e+14
rel. change during last iteration : -2.22096e-09

degrees of freedom    (FIT_NDF)                        : 9
rms of residuals      (FIT_STDFIT) = sqrt(WSSR/ndf)    : 9.69087e+06
variance of residuals (reduced chisquare) = WSSR/ndf   : 9.39129e+13

Final set of parameters            Asymptotic Standard Error
=======================            ==========================
a               = 1.62664          +/- 2.241        (137.7%)
b               = -127.662         +/- 201.9        (158.1%)
c               = 4118.48          +/- 7703         (187%)
d               = -70253.9         +/- 1.622e+05    (230.9%)
e               = 677934           +/- 2.056e+06    (303.3%)
f               = -3.65606e+06     +/- 1.608e+07    (439.8%)
g               = 1.00375e+07      +/- 7.632e+07    (760.4%)
h               = -1.05739e+07     +/- 2.074e+08    (1961%)
i               = 1.03157          +/- 2.838e+08    (2.751e+10%)
j               = 1.05309          +/- 1.424e+08    (1.352e+10%)

correlation matrix of the fit parameters:
                a      b      c      d      e      f      g      h      i      j      
a               1.000 
b              -0.999  1.000 
c               0.995 -0.999  1.000 
d              -0.988  0.994 -0.998  1.000 
e               0.977 -0.985  0.993 -0.998  1.000 
f              -0.959  0.971 -0.982  0.991 -0.997  1.000 
g               0.935 -0.949  0.963 -0.977  0.988 -0.997  1.000 
h              -0.901  0.919 -0.936  0.954 -0.970  0.985 -0.996  1.000 
i               0.859 -0.879  0.899 -0.920  0.941 -0.961  0.980 -0.994  1.000 
j              -0.811  0.832 -0.854  0.877 -0.901  0.926 -0.951  0.974 -0.992  1.000 


*******************************************************************************
Thu May 23 18:50:32 2024


FIT:    data read from datos1
        format = z
        #datapoints = 19
        residuals are weighted equally (unit weight)

function used for fitting: f(x)
	f(x)=a0*exp(b0*x)
fitted parameters initialized with current variable values

iter      chisq       delta/lim  lambda   a0            b0           
   0 1.1752279210e+19   0.00e+00  1.12e+10    1.000000e+00   1.000000e+00
 105 1.2549424106e+15  -6.82e-03  1.12e+02    6.421029e+00   7.448075e-01

After 105 iterations the fit converged.
final sum of squares of residuals : 1.25494e+15
rel. change during last iteration : -6.81531e-08

degrees of freedom    (FIT_NDF)                        : 17
rms of residuals      (FIT_STDFIT) = sqrt(WSSR/ndf)    : 8.59186e+06
variance of residuals (reduced chisquare) = WSSR/ndf   : 7.38201e+13

Final set of parameters            Asymptotic Standard Error
=======================            ==========================
a0              = 6.42103          +/- 9.585        (149.3%)
b0              = 0.744808         +/- 0.07903      (10.61%)

correlation matrix of the fit parameters:
                a0     b0     
a0              1.000 
b0             -1.000  1.000 
