

*******************************************************************************
Wed May 22 23:08:33 2024


FIT:    data read from datos1
        format = z
        #datapoints = 15
        residuals are weighted equally (unit weight)

function used for fitting: f(x)
	f(x)=a*x*x*x*exp(b*x)
fitted parameters initialized with current variable values

iter      chisq       delta/lim  lambda   a             b            
   0 1.6217634553e+23   0.00e+00  1.33e+12    1.000000e+00   1.000000e+00
  79 2.4468784414e+04  -2.42e-01  1.33e-01    1.114458e-04   3.397171e-01

After 79 iterations the fit converged.
final sum of squares of residuals : 24468.8
rel. change during last iteration : -2.42357e-06

degrees of freedom    (FIT_NDF)                        : 13
rms of residuals      (FIT_STDFIT) = sqrt(WSSR/ndf)    : 43.3845
variance of residuals (reduced chisquare) = WSSR/ndf   : 1882.21

Final set of parameters            Asymptotic Standard Error
=======================            ==========================
a               = 0.000111446      +/- 0.0002569    (230.5%)
b               = 0.339717         +/- 0.1314       (38.69%)

correlation matrix of the fit parameters:
                a      b      
a               1.000 
b              -0.999  1.000 
