

*******************************************************************************
Thu May 23 19:45:03 2024


FIT:    data read from datos1
        format = z
        #datapoints = 16
        residuals are weighted equally (unit weight)

function used for fitting: f(x)
	f(x) = a*x + b
fitted parameters initialized with current variable values

iter      chisq       delta/lim  lambda   a             b            
   0 2.3462507473e+14   0.00e+00  6.87e+00    1.000000e+00   1.000000e+00
   4 1.7400993015e+14  -1.70e-04  6.87e-04    3.578325e+05  -2.008356e+06

After 4 iterations the fit converged.
final sum of squares of residuals : 1.7401e+14
rel. change during last iteration : -1.69785e-09

degrees of freedom    (FIT_NDF)                        : 14
rms of residuals      (FIT_STDFIT) = sqrt(WSSR/ndf)    : 3.52552e+06
variance of residuals (reduced chisquare) = WSSR/ndf   : 1.24293e+13

Final set of parameters            Asymptotic Standard Error
=======================            ==========================
a               = 357833           +/- 1.912e+05    (53.43%)
b               = -2.00836e+06     +/- 1.849e+06    (92.06%)

correlation matrix of the fit parameters:
                a      b      
a               1.000 
b              -0.879  1.000 


*******************************************************************************
Thu May 23 19:45:04 2024


FIT:    data read from datos1
        format = z
        #datapoints = 16
        residuals are weighted equally (unit weight)

function used for fitting: f(x)
	f(x)=a*x*x + b*x + c
fitted parameters initialized with current variable values

iter      chisq       delta/lim  lambda   a             b             c            
   0 8.9804769778e+15   0.00e+00  2.79e+07    3.578325e+05  -2.008356e+06   1.000000e+00
   4 1.3255695325e+14  -3.47e-05  2.79e+03    6.082252e+04  -5.767329e+05   1.005175e+00

After 4 iterations the fit converged.
final sum of squares of residuals : 1.32557e+14
rel. change during last iteration : -3.47127e-10

degrees of freedom    (FIT_NDF)                        : 13
rms of residuals      (FIT_STDFIT) = sqrt(WSSR/ndf)    : 3.19323e+06
variance of residuals (reduced chisquare) = WSSR/ndf   : 1.01967e+13

Final set of parameters            Asymptotic Standard Error
=======================            ==========================
a               = 60822.5          +/- 4.225e+04    (69.47%)
b               = -576733          +/- 7.388e+05    (128.1%)
c               = 1.00518          +/- 2.729e+06    (2.715e+08%)

correlation matrix of the fit parameters:
                a      b      c      
a               1.000 
b              -0.972  1.000 
c               0.790 -0.894  1.000 


*******************************************************************************
Thu May 23 19:45:04 2024


FIT:    data read from datos1
        format = z
        #datapoints = 16
        residuals are weighted equally (unit weight)

function used for fitting: f(x)
	f(x)=a*x*x*x + b*x*x + c*x + d
fitted parameters initialized with current variable values

iter      chisq       delta/lim  lambda   a             b             c             d            
   0 1.8056321564e+16   0.00e+00  6.32e+07    6.082252e+04  -5.767329e+05   1.005175e+00   1.000000e+00
   4 1.0051728082e+14  -2.03e-04  6.32e+03    6.964712e+03  -7.854121e+04   1.009398e+00   1.001316e+00

After 4 iterations the fit converged.
final sum of squares of residuals : 1.00517e+14
rel. change during last iteration : -2.02744e-09

degrees of freedom    (FIT_NDF)                        : 12
rms of residuals      (FIT_STDFIT) = sqrt(WSSR/ndf)    : 2.89421e+06
variance of residuals (reduced chisquare) = WSSR/ndf   : 8.37644e+12

Final set of parameters            Asymptotic Standard Error
=======================            ==========================
a               = 6964.71          +/- 9610         (138%)
b               = -78541.2         +/- 2.48e+05     (315.8%)
c               = 1.0094           +/- 1.843e+06    (1.826e+08%)
d               = 1.00132          +/- 3.731e+06    (3.726e+08%)

correlation matrix of the fit parameters:
                a      b      c      d      
a               1.000 
b              -0.988  1.000 
c               0.932 -0.975  1.000 
d              -0.749  0.821 -0.913  1.000 


*******************************************************************************
Thu May 23 19:45:04 2024


FIT:    data read from datos1
        format = z
        #datapoints = 16
        residuals are weighted equally (unit weight)

function used for fitting: f(x)
	f(x)=a*x*x*x*x + b*x*x*x + c*x*x + d*x + e
fitted parameters initialized with current variable values

iter      chisq       delta/lim  lambda   a             b             c             d             e            
   0 2.5813692598e+16   0.00e+00  9.84e+07    6.964712e+03  -7.854121e+04   1.009398e+00   1.001316e+00   1.000000e+00
   4 7.6470611421e+13  -3.94e-03  9.84e+03    6.544668e+02  -8.027619e+03   1.020922e+00   1.004315e+00   1.000565e+00

After 4 iterations the fit converged.
final sum of squares of residuals : 7.64706e+13
rel. change during last iteration : -3.93731e-08

degrees of freedom    (FIT_NDF)                        : 11
rms of residuals      (FIT_STDFIT) = sqrt(WSSR/ndf)    : 2.63664e+06
variance of residuals (reduced chisquare) = WSSR/ndf   : 6.95187e+12

Final set of parameters            Asymptotic Standard Error
=======================            ==========================
a               = 654.467          +/- 2243         (342.7%)
b               = -8027.62         +/- 7.676e+04    (956.1%)
c               = 1.02092          +/- 8.808e+05    (8.627e+07%)
d               = 1.00431          +/- 3.84e+06     (3.823e+08%)
e               = 1.00057          +/- 5.043e+06    (5.04e+08%)

correlation matrix of the fit parameters:
                a      b      c      d      e      
a               1.000 
b              -0.993  1.000 
c               0.967 -0.989  1.000 
d              -0.899  0.940 -0.979  1.000 
e               0.739 -0.791  0.856 -0.933  1.000 


*******************************************************************************
Thu May 23 19:45:04 2024


FIT:    data read from datos1
        format = z
        #datapoints = 16
        residuals are weighted equally (unit weight)

function used for fitting: f(x)
	f(x)=a*x*x*x*x*x + b*x*x*x*x + c*x*x*x + d*x*x + e*x + f
fitted parameters initialized with current variable values

iter      chisq       delta/lim  lambda   a             b             c             d             e             f            
   0 3.1948729008e+16   0.00e+00  1.29e+08    6.544668e+02  -8.027619e+03   1.020922e+00   1.004315e+00   1.000565e+00   1.000000e+00
   4 5.8299752649e+13  -1.77e-01  1.29e+04    5.505669e+01  -7.096292e+02   1.076462e+00   1.017373e+00   1.002743e+00   1.000320e+00

After 4 iterations the fit converged.
final sum of squares of residuals : 5.82998e+13
rel. change during last iteration : -1.76509e-06

degrees of freedom    (FIT_NDF)                        : 10
rms of residuals      (FIT_STDFIT) = sqrt(WSSR/ndf)    : 2.41453e+06
variance of residuals (reduced chisquare) = WSSR/ndf   : 5.82998e+12

Final set of parameters            Asymptotic Standard Error
=======================            ==========================
a               = 55.0567          +/- 537.8        (976.9%)
b               = -709.629         +/- 2.295e+04    (3234%)
c               = 1.07646          +/- 3.583e+05    (3.329e+07%)
d               = 1.01737          +/- 2.489e+06    (2.446e+08%)
e               = 1.00274          +/- 7.362e+06    (7.342e+08%)
f               = 1.00032          +/- 6.963e+06    (6.961e+08%)

correlation matrix of the fit parameters:
                a      b      c      d      e      f      
a               1.000 
b              -0.996  1.000 
c               0.981 -0.994  1.000 
d              -0.946  0.970 -0.991  1.000 
e               0.879 -0.913  0.950 -0.983  1.000 
f              -0.748  0.789 -0.837  0.892 -0.953  1.000 


*******************************************************************************
Thu May 23 19:45:04 2024


FIT:    data read from datos1
        format = z
        #datapoints = 16
        residuals are weighted equally (unit weight)

function used for fitting: f(x)
	f(x)=a*x*x*x*x*x*x + b*x*x*x*x*x + c*x*x*x*x + d*x*x*x + e*x*x + f*x +g
fitted parameters initialized with current variable values

iter      chisq       delta/lim  lambda   a             b             c             d             e             f             g            
   0 3.6731097077e+16   0.00e+00  1.54e+08    5.505669e+01  -7.096292e+02   1.076462e+00   1.017373e+00   1.002743e+00   1.000320e+00   1.000000e+00
  13 6.9342353246e+12  -1.25e-07  1.54e-05    1.979181e+02  -9.068960e+03   1.593606e+05  -1.344886e+06   5.573251e+06  -1.027057e+07   6.137201e+06

After 13 iterations the fit converged.
final sum of squares of residuals : 6.93424e+12
rel. change during last iteration : -1.25312e-12

degrees of freedom    (FIT_NDF)                        : 9
rms of residuals      (FIT_STDFIT) = sqrt(WSSR/ndf)    : 877765
variance of residuals (reduced chisquare) = WSSR/ndf   : 7.70471e+11

Final set of parameters            Asymptotic Standard Error
=======================            ==========================
a               = 197.918          +/- 52.54        (26.55%)
b               = -9068.96         +/- 2687         (29.63%)
c               = 159361           +/- 5.32e+04     (33.38%)
d               = -1.34489e+06     +/- 5.126e+05    (38.11%)
e               = 5.57325e+06      +/- 2.468e+06    (44.28%)
f               = -1.02706e+07     +/- 5.409e+06    (52.66%)
g               = 6.1372e+06       +/- 3.967e+06    (64.65%)

correlation matrix of the fit parameters:
                a      b      c      d      e      f      g      
a               1.000 
b              -0.997  1.000 
c               0.988 -0.996  1.000 
d              -0.967  0.983 -0.995  1.000 
e               0.930 -0.953  0.975 -0.992  1.000 
f              -0.869  0.898 -0.929  0.960 -0.987  1.000 
g               0.770 -0.803  0.839 -0.880  0.925 -0.970  1.000 


*******************************************************************************
Thu May 23 19:45:04 2024


FIT:    data read from datos1
        format = z
        #datapoints = 16
        residuals are weighted equally (unit weight)

function used for fitting: f(x)
	f(x)=a*x*x*x*x*x*x*x + b*x*x*x*x*x*x + c*x*x*x*x*x + d*x*x*x*x + e*x*x*x + f*x*x + g*x +h
fitted parameters initialized with current variable values

iter      chisq       delta/lim  lambda   a             b             c             d             e             f             g             h            
   0 5.0573118480e+16   0.00e+00  3.08e+10    1.979181e+02  -9.068960e+03   1.593606e+05  -1.344886e+06   5.573251e+06  -1.027057e+07   6.137201e+06   1.000000e+00
   8 3.0700382007e+12  -1.04e-04  3.08e+02    2.392290e+01  -1.200250e+03   2.354756e+04  -2.277530e+05   1.121086e+06  -2.578266e+06   2.053068e+06   9.871227e-01

After 8 iterations the fit converged.
final sum of squares of residuals : 3.07004e+12
rel. change during last iteration : -1.03573e-09

degrees of freedom    (FIT_NDF)                        : 8
rms of residuals      (FIT_STDFIT) = sqrt(WSSR/ndf)    : 619479
variance of residuals (reduced chisquare) = WSSR/ndf   : 3.83755e+11

Final set of parameters            Asymptotic Standard Error
=======================            ==========================
a               = 23.9229          +/- 10.28        (42.99%)
b               = -1200.25         +/- 613          (51.07%)
c               = 23547.6          +/- 1.472e+04    (62.52%)
d               = -227753          +/- 1.823e+05    (80.04%)
e               = 1.12109e+06      +/- 1.235e+06    (110.2%)
f               = -2.57827e+06     +/- 4.47e+06     (173.4%)
g               = 2.05307e+06      +/- 7.715e+06    (375.8%)
h               = 0.987123         +/- 4.642e+06    (4.702e+08%)

correlation matrix of the fit parameters:
                a      b      c      d      e      f      g      h      
a               1.000 
b              -0.998  1.000 
c               0.992 -0.998  1.000 
d              -0.979  0.989 -0.997  1.000 
e               0.956 -0.972  0.985 -0.996  1.000 
f              -0.921  0.941 -0.961  0.979 -0.994  1.000 
g               0.869 -0.893  0.919 -0.945  0.970 -0.991  1.000 
h              -0.798  0.824 -0.853  0.885 -0.918  0.952 -0.983  1.000 


*******************************************************************************
Thu May 23 19:45:04 2024


FIT:    data read from datos1
        format = z
        #datapoints = 16
        residuals are weighted equally (unit weight)

function used for fitting: f(x)
	f(x)=a*x*x*x*x*x*x*x*x + b*x*x*x*x*x*x*x + c*x*x*x*x*x*x + d*x*x*x*x*x*x + e*x*x*x*x + f*x*x*x + g*x*x + h*x + i
fitted parameters initialized with current variable values

iter      chisq       delta/lim  lambda   a             b             c             d             e             f             g             h             i            
   0 2.2838976659e+25   0.00e+00  4.30e+11    2.392290e+01  -1.200250e+03   2.354756e+04  -2.277530e+05   1.121086e+06  -2.578266e+06   2.053068e+06   9.871227e-01   1.000000e+00
   9 2.5352154619e+12  -1.45e-03  4.30e+02    8.837844e-01  -3.495167e+01   2.585552e+04  -2.543996e+04  -3.238956e+04   2.073532e+05  -3.791563e+05   1.007380e+00   1.024095e+00

After 9 iterations the fit converged.
final sum of squares of residuals : 2.53522e+12
rel. change during last iteration : -1.44537e-08

degrees of freedom    (FIT_NDF)                        : 7
rms of residuals      (FIT_STDFIT) = sqrt(WSSR/ndf)    : 601809
variance of residuals (reduced chisquare) = WSSR/ndf   : 3.62174e+11

Final set of parameters            Asymptotic Standard Error
=======================            ==========================
a               = 0.883784         +/- 0.5246       (59.36%)
b               = -34.9517         +/- 25.21        (72.13%)
c               = 25855.5          +/- 4.268e+11    (1.651e+09%)
d               = -25440           +/- 4.268e+11    (1.678e+09%)
e               = -32389.6         +/- 5.656e+04    (174.6%)
f               = 207353           +/- 6.154e+05    (296.8%)
g               = -379156          +/- 2.793e+06    (736.6%)
h               = 1.00738          +/- 5.523e+06    (5.482e+08%)
i               = 1.0241           +/- 3.636e+06    (3.55e+08%)

correlation matrix of the fit parameters:
                a      b      c      d      e      f      g      h      i      
a               1.000 
b              -0.999  1.000 
c               0.356 -0.351  1.000 
d              -0.356  0.351 -1.000  1.000 
e              -0.968  0.979 -0.317  0.317  1.000 
f               0.942 -0.957  0.298 -0.298 -0.996  1.000 
g              -0.902  0.921 -0.274  0.274  0.978 -0.993  1.000 
h               0.843 -0.865  0.245 -0.245 -0.941  0.967 -0.989  1.000 
i              -0.760  0.783 -0.214  0.214  0.871 -0.906  0.943 -0.978  1.000 


*******************************************************************************
Thu May 23 19:45:04 2024


FIT:    data read from datos1
        format = z
        #datapoints = 16
        residuals are weighted equally (unit weight)

function used for fitting: f(x)
	f(x)=a*x*x*x*x*x*x*x*x*x + b*x*x*x*x*x*x*x*x + c*x*x*x*x*x*x*x + d*x*x*x*x*x*x + e*x*x*x*x*x + f*x*x*x*x + g*x*x*x + h*x*x + i*x + j
fitted parameters initialized with current variable values

iter      chisq       delta/lim  lambda   a             b             c             d             e             f             g             h             i             j            
   0 6.6789353621e+25   0.00e+00  7.04e+11    8.837844e-01  -3.495167e+01   2.585552e+04  -2.543996e+04  -3.238956e+04   2.073532e+05  -3.791563e+05   1.007380e+00   1.024095e+00   1.000000e+00
  10 4.3220914395e+11  -1.46e-01  7.04e+01    3.125678e-01  -1.829860e+01   4.318695e+02  -5.232413e+03   3.410020e+04  -1.123885e+05   1.447111e+05   5.779744e-01   4.717880e-01   5.772492e-01

After 10 iterations the fit converged.
final sum of squares of residuals : 4.32209e+11
rel. change during last iteration : -1.46424e-06

degrees of freedom    (FIT_NDF)                        : 6
rms of residuals      (FIT_STDFIT) = sqrt(WSSR/ndf)    : 268393
variance of residuals (reduced chisquare) = WSSR/ndf   : 7.20349e+10

Final set of parameters            Asymptotic Standard Error
=======================            ==========================
a               = 0.312568         +/- 0.3875       (124%)
b               = -18.2986         +/- 29.67        (162.2%)
c               = 431.87           +/- 964.4        (223.3%)
d               = -5232.41         +/- 1.734e+04    (331.4%)
e               = 34100.2          +/- 1.884e+05    (552.6%)
f               = -112389          +/- 1.27e+06     (1130%)
g               = 144711           +/- 5.228e+06    (3612%)
h               = 0.577974         +/- 1.245e+07    (2.153e+09%)
i               = 0.471788         +/- 1.514e+07    (3.21e+09%)
j               = 0.577249         +/- 6.907e+06    (1.197e+09%)

correlation matrix of the fit parameters:
                a      b      c      d      e      f      g      h      i      j      
a               1.000 
b              -0.999  1.000 
c               0.996 -0.999  1.000 
d              -0.990  0.995 -0.999  1.000 
e               0.980 -0.988  0.994 -0.998  1.000 
f              -0.966  0.976 -0.985  0.992 -0.998  1.000 
g               0.946 -0.958  0.970 -0.981  0.991 -0.997  1.000 
h              -0.920  0.935 -0.949  0.964 -0.977  0.989 -0.997  1.000 
i               0.889 -0.905  0.922 -0.940  0.957 -0.973  0.986 -0.996  1.000 
j              -0.855  0.873 -0.892  0.911 -0.931  0.950 -0.968  0.984 -0.995  1.000 


*******************************************************************************
Thu May 23 19:45:04 2024


FIT:    data read from datos1
        format = z
        #datapoints = 16
        residuals are weighted equally (unit weight)

function used for fitting: f(x)
	f(x)=a0 + a1*x + a2*x**2 + a3*x**3 + a4*x**4 + a5*x**5 + a6*x**6 + a7*x**7 + a8*x**8 + a9*x**9 + a10*x**10 + a11*x**11 + a12*x**12
fitted parameters initialized with current variable values

iter      chisq       delta/lim  lambda   a0            a1            a2            a3            a4            a5            a6            a7            a8            a9            a10           a11           a12          
   0 1.1394152282e+29   0.00e+00  2.20e+13    1.000000e+00   1.000000e+00   1.000000e+00   1.000000e+00   1.000000e+00   1.000000e+00   1.000000e+00   1.000000e+00   1.000000e+00   1.000000e+00   1.000000e+00   1.000000e+00   1.000000e+00
  20 1.7337417790e+08  -1.04e-02  2.20e-07    8.478025e+06  -2.466719e+07   2.946383e+07  -1.947503e+07   8.041720e+06  -2.207894e+06   4.166564e+05  -5.481675e+04   5.017882e+03  -3.131604e+02   1.269961e+01  -3.015374e-01   3.180015e-03

After 20 iterations the fit converged.
final sum of squares of residuals : 1.73374e+08
rel. change during last iteration : -1.04044e-07

degrees of freedom    (FIT_NDF)                        : 3
rms of residuals      (FIT_STDFIT) = sqrt(WSSR/ndf)    : 7602.07
variance of residuals (reduced chisquare) = WSSR/ndf   : 5.77914e+07

Final set of parameters            Asymptotic Standard Error
=======================            ==========================
a0              = 8.47803e+06      +/- 2.646e+06    (31.21%)
a1              = -2.46672e+07     +/- 7.404e+06    (30.02%)
a2              = 2.94638e+07      +/- 8.417e+06    (28.57%)
a3              = -1.9475e+07      +/- 5.254e+06    (26.98%)
a4              = 8.04172e+06      +/- 2.038e+06    (25.34%)
a5              = -2.20789e+06     +/- 5.236e+05    (23.71%)
a6              = 416656           +/- 9.222e+04    (22.13%)
a7              = -54816.8         +/- 1.131e+04    (20.62%)
a8              = 5017.88          +/- 963.2        (19.2%)
a9              = -313.16          +/- 55.91        (17.85%)
a10             = 12.6996          +/- 2.108        (16.6%)
a11             = -0.301537        +/- 0.04652      (15.43%)
a12             = 0.00318001       +/- 0.000456     (14.34%)

correlation matrix of the fit parameters:
                a0     a1     a2     a3     a4     a5     a6     a7     a8     a9     a10    a11    a12    
a0              1.000 
a1             -1.000  1.000 
a2              0.998 -0.999  1.000 
a3             -0.995  0.997 -0.999  1.000 
a4              0.990 -0.994  0.997 -0.999  1.000 
a5             -0.984  0.989 -0.994  0.997 -0.999  1.000 
a6              0.978 -0.983  0.989 -0.994  0.997 -0.999  1.000 
a7             -0.970  0.977 -0.983  0.989 -0.994  0.997 -0.999  1.000 
a8              0.962 -0.969  0.977 -0.984  0.990 -0.995  0.998 -0.999  1.000 
a9             -0.954  0.962 -0.970  0.978 -0.985  0.991 -0.995  0.998 -1.000  1.000 
a10             0.945 -0.954  0.963 -0.972  0.980 -0.987  0.992 -0.996  0.998 -1.000  1.000 
a11            -0.937  0.946 -0.956  0.965 -0.974  0.982 -0.988  0.993 -0.996  0.998 -1.000  1.000 
a12             0.928 -0.938  0.948 -0.959  0.968 -0.977  0.984 -0.989  0.993 -0.997  0.999 -1.000  1.000 


*******************************************************************************
Thu May 23 19:45:04 2024


FIT:    data read from datos1
        format = z
        #datapoints = 16
        residuals are weighted equally (unit weight)

function used for fitting: f(x)
	f(x)=a0*exp(b0*x)
fitted parameters initialized with current variable values

iter      chisq       delta/lim  lambda   a0            b0           
   0 6.5639451646e+27   0.00e+00  2.29e+14    8.478025e+06   1.000000e+00
5554 6.3125742677e+10  -1.00e+00  2.29e+06    1.705874e-14   3.015329e+00

After 5554 iterations the fit converged.
final sum of squares of residuals : 6.31257e+10
rel. change during last iteration : -9.99537e-06

degrees of freedom    (FIT_NDF)                        : 14
rms of residuals      (FIT_STDFIT) = sqrt(WSSR/ndf)    : 67149
variance of residuals (reduced chisquare) = WSSR/ndf   : 4.50898e+09

Final set of parameters            Asymptotic Standard Error
=======================            ==========================
a0              = 1.70587e-14      +/- 2.38e-14     (139.5%)
b0              = 3.01533          +/- 0.08514      (2.823%)

correlation matrix of the fit parameters:
                a0     b0     
a0              1.000 
b0             -1.000  1.000 
