

*******************************************************************************
Wed May 22 23:42:12 2024


FIT:    data read from datos1
        format = z
        #datapoints = 17
        residuals are weighted equally (unit weight)

function used for fitting: f(x)
	f(x)=a*x*x*x*exp(b*x)
fitted parameters initialized with current variable values

iter      chisq       delta/lim  lambda   a             b            
   0 1.6608667183e+24   0.00e+00  4.22e+12    1.000000e+00   1.000000e+00
  84 2.2120909635e+05  -2.26e-01  4.22e-01    2.131636e-03   2.045792e-01

After 84 iterations the fit converged.
final sum of squares of residuals : 221209
rel. change during last iteration : -2.26299e-06

degrees of freedom    (FIT_NDF)                        : 15
rms of residuals      (FIT_STDFIT) = sqrt(WSSR/ndf)    : 121.438
variance of residuals (reduced chisquare) = WSSR/ndf   : 14747.3

Final set of parameters            Asymptotic Standard Error
=======================            ==========================
a               = 0.00213164       +/- 0.003907     (183.3%)
b               = 0.204579         +/- 0.1007       (49.2%)

correlation matrix of the fit parameters:
                a      b      
a               1.000 
b              -0.998  1.000 
