*******************************************************************************
Wed May 22 19:46:56 2024


FIT:    data read from datos1
        format = z
        #datapoints = 14
        residuals are weighted equally (unit weight)

function used for fitting: f(x)
	f(x) = a*gamma(b*(x+1))
fitted parameters initialized with current variable values

iter      chisq       delta/lim  lambda   a             b            
   0 1.2695302425e+29   0.00e+00  3.56e+15    1.000000e+00   1.000000e+00
 571 1.3702365012e+11  -2.51e-02  3.56e+00    1.458862e+01   5.499523e-01

After 571 iterations the fit converged.
final sum of squares of residuals : 1.37024e+11
rel. change during last iteration : -2.50606e-07

degrees of freedom    (FIT_NDF)                        : 12
rms of residuals      (FIT_STDFIT) = sqrt(WSSR/ndf)    : 106858
variance of residuals (reduced chisquare) = WSSR/ndf   : 1.14186e+10

Final set of parameters            Asymptotic Standard Error
=======================            ==========================
a               = 14.5886          +/- 13.01        (89.2%)
b               = 0.549952         +/- 0.02203      (4.006%)

correlation matrix of the fit parameters:
                a      b      
a               1.000 
b              -1.000  1.000 


*******************************************************************************
Wed May 22 19:47:18 2024


FIT:    data read from datos1
        format = z
        #datapoints = 14
        residuals are weighted equally (unit weight)

function used for fitting: f(x)
	f(x)=a*exp(b*x)
fitted parameters initialized with current variable values

iter      chisq       delta/lim  lambda   a             b            
   0 4.6550515050e+14   0.00e+00  8.36e+07    1.000000e+00   1.000000e+00
 262 1.2750016127e+11  -9.63e-01  8.36e+05    5.432972e-03   1.204128e+00

After 262 iterations the fit converged.
final sum of squares of residuals : 1.275e+11
rel. change during last iteration : -9.6269e-06

degrees of freedom    (FIT_NDF)                        : 12
rms of residuals      (FIT_STDFIT) = sqrt(WSSR/ndf)    : 103078
variance of residuals (reduced chisquare) = WSSR/ndf   : 1.0625e+10

Final set of parameters            Asymptotic Standard Error
=======================            ==========================
a               = 0.00543297       +/- 0.006434     (118.4%)
b               = 1.20413          +/- 0.06935      (5.759%)

correlation matrix of the fit parameters:
                a      b      
a               1.000 
b              -1.000  1.000 
