

*******************************************************************************
Tue Apr  9 21:13:02 2024


FIT:    data read from DATOS
        format = z
        #datapoints = 51
        residuals are weighted equally (unit weight)

function used for fitting: f(x)
	f(x)=a*x + b
fitted parameters initialized with current variable values

iter      chisq       delta/lim  lambda   a             b            
   0 1.1432500309e+17   0.00e+00  3.35e+07    1.000000e+00   1.000000e+00
   4 4.9257918127e+00  -2.90e-03  3.35e+03   -1.350237e-08   1.000000e+00

After 4 iterations the fit converged.
final sum of squares of residuals : 4.92579
rel. change during last iteration : -2.90029e-08

degrees of freedom    (FIT_NDF)                        : 49
rms of residuals      (FIT_STDFIT) = sqrt(WSSR/ndf)    : 0.317059
variance of residuals (reduced chisquare) = WSSR/ndf   : 0.100526

Final set of parameters            Asymptotic Standard Error
=======================            ==========================
a               = -1.35024e-08     +/- 3.016e-09    (22.34%)
b               = 1                +/- 0.1428       (14.28%)

correlation matrix of the fit parameters:
                a      b      
a               1.000 
b              -0.950  1.000 


*******************************************************************************
Tue Apr  9 21:14:42 2024


FIT:    data read from DATOS
        format = z
        #datapoints = 51
        residuals are weighted equally (unit weight)

function used for fitting: f(x)
	f(x)=a*x
fitted parameters initialized with current variable values

iter      chisq       delta/lim  lambda   a            
   0 1.1432499850e+17   0.00e+00  4.73e+07    1.000000e+00
   5 6.0121203187e-05  -8.12e-10  4.73e+02    6.571983e-09

After 5 iterations the fit converged.
final sum of squares of residuals : 6.01212e-05
rel. change during last iteration : -8.11512e-15

degrees of freedom    (FIT_NDF)                        : 50
rms of residuals      (FIT_STDFIT) = sqrt(WSSR/ndf)    : 0.00109655
variance of residuals (reduced chisquare) = WSSR/ndf   : 1.20242e-06

Final set of parameters            Asymptotic Standard Error
=======================            ==========================
a               = 6.57198e-09      +/- 3.243e-12    (0.04935%)
